[[(30, 53), (83, 23), (3457, 2522)], [(48, 93), (82, 30), (8442, 10557)], [(44, 24), (13, 50), (2341, 12226)], [(99, 55), (22, 80), (7095, 6585)], [(49, 13), (28, 57), (4561, 11243)], [(34, 12), (19, 26), (435, 250)], [(47, 96), (19, 11), (5171, 7809)], [(41, 26), (25, 51), (15318, 12120)], [(75, 19), (39, 42), (5121, 1747)], [(24, 43), (64, 25), (7736, 5073)], [(54, 99), (95, 17), (13421, 11246)], [(12, 47), (67, 31), (4477, 10631)], [(20, 42), (45, 25), (15160, 17864)], [(19, 30), (38, 15), (14332, 12875)], [(45, 81), (46, 12), (2219, 8135)], [(23, 58), (63, 13), (8206, 16696)], [(63, 50), (16, 48), (4381, 6054)], [(14, 73), (81, 20), (7349, 2510)], [(73, 75), (15, 87), (3006, 8028)], [(68, 17), (28, 77), (5728, 3612)], [(17, 92), (28, 12), (1649, 1808)], [(15, 34), (77, 56), (2052, 16352)], [(43, 13), (26, 31), (3798, 1773)], [(46, 11), (16, 30), (4354, 9401)], [(42, 97), (73, 19), (3856, 6512)], [(69, 20), (15, 53), (11702, 7284)], [(53, 12), (27, 54), (15330, 16034)], [(50, 14), (18, 36), (16616, 3170)], [(58, 17), (31, 46), (3992, 4197)], [(86, 19), (27, 29), (4626, 1667)], [(21, 56), (63, 35), (1428, 1946)], [(82, 46), (39, 96), (5749, 7450)], [(14, 60), (74, 21), (10194, 19178)], [(89, 80), (53, 11), (4306, 3724)], [(30, 97), (96, 59), (8490, 6082)], [(57, 14), (22, 50), (3485, 8690)], [(61, 38), (17, 39), (1363, 17185)], [(59, 17), (29, 63), (8420, 12284)], [(11, 27), (47, 35), (14723, 4967)], [(44, 20), (37, 65), (14633, 15285)], [(91, 17), (34, 50), (5769, 4395)], [(47, 14), (22, 65), (17994, 7827)], [(32, 64), (27, 11), (17241, 7817)], [(21, 18), (14, 63), (1288, 4572)], [(86, 44), (11, 49), (18047, 17733)], [(43, 99), (82, 42), (7481, 9297)], [(39, 68), (76, 37), (3134, 2408)], [(90, 23), (38, 40), (5268, 4254)], [(61, 19), (18, 70), (1755, 4861)], [(31, 70), (45, 14), (16388, 6444)], [(17, 52), (94, 82), (5699, 5306)], [(85, 30), (12, 67), (8775, 14385)], [(68, 44), (21, 72), (6816, 8616)], [(13, 82), (55, 14), (6198, 9132)], [(95, 40), (41, 78), (4673, 5794)], [(73, 12), (31, 82), (6721, 8180)], [(93, 34), (43, 85), (9341, 8126)], [(94, 72), (31, 78), (7143, 5634)], [(45, 20), (18, 39), (10628, 1994)], [(15, 40), (43, 21), (6780, 17190)], [(21, 63), (59, 14), (5143, 4519)], [(57, 11), (44, 95), (5617, 6188)], [(70, 18), (30, 62), (2120, 1848)], [(60, 23), (18, 41), (500, 9002)], [(28, 87), (84, 13), (6020, 2585)], [(28, 64), (84, 53), (6244, 7878)], [(89, 17), (67, 91), (10354, 4402)], [(59, 28), (28, 63), (14323, 14046)], [(47, 42), (85, 11), (2117, 1567)], [(14, 66), (66, 19), (3296, 14714)], [(35, 35), (15, 62), (2695, 4998)], [(85, 81), (91, 14), (12689, 5620)], [(53, 23), (11, 30), (3471, 15279)], [(72, 15), (19, 65), (15964, 6225)], [(59, 42), (14, 31), (11945, 7202)], [(35, 49), (34, 11), (3605, 17723)], [(18, 41), (90, 58), (4464, 3847)], [(11, 69), (72, 24), (1631, 9329)], [(15, 56), (58, 27), (5778, 15709)], [(59, 18), (11, 41), (5050, 1655)], [(12, 55), (65, 12), (5219, 15812)], [(15, 66), (64, 20), (9440, 4976)], [(75, 60), (19, 56), (3877, 5468)], [(69, 26), (31, 58), (4008, 2344)], [(32, 49), (35, 16), (18624, 2377)], [(24, 61), (44, 15), (18716, 12216)], [(22, 14), (31, 99), (2111, 2691)], [(85, 38), (23, 42), (3807, 4842)], [(94, 21), (58, 83), (11592, 6372)], [(80, 25), (72, 90), (11272, 6965)], [(15, 66), (56, 15), (3020, 15701)], [(54, 19), (31, 74), (18505, 3156)], [(53, 58), (98, 20), (12117, 6106)], [(73, 27), (18, 53), (4995, 7502)], [(51, 92), (48, 24), (5313, 8708)], [(77, 39), (15, 37), (2120, 1456)], [(51, 14), (35, 75), (2947, 13748)], [(65, 58), (18, 88), (2527, 7938)], [(18, 65), (75, 29), (6096, 6536)], [(69, 11), (32, 49), (921, 937)], [(31, 14), (16, 36), (12402, 3752)], [(16, 55), (79, 35), (16357, 10790)], [(17, 79), (51, 11), (2522, 15780)], [(96, 53), (11, 79), (2765, 2037)], [(13, 35), (55, 16), (15677, 7185)], [(69, 21), (11, 31), (13547, 12335)], [(62, 33), (24, 54), (19048, 19724)], [(50, 26), (46, 75), (3206, 2229)], [(59, 18), (13, 38), (12291, 15210)], [(69, 25), (64, 91), (4336, 2656)], [(11, 75), (87, 33), (6088, 7338)], [(44, 27), (18, 43), (8784, 11197)], [(24, 42), (43, 15), (2897, 16025)], [(29, 22), (17, 92), (3923, 8276)], [(92, 19), (16, 49), (8208, 2015)], [(70, 11), (80, 97), (5080, 4091)], [(64, 14), (46, 60), (8112, 5370)], [(69, 90), (96, 20), (12678, 6120)], [(15, 40), (26, 12), (11312, 2164)], [(93, 17), (72, 69), (9810, 4641)], [(45, 64), (96, 42), (3663, 4926)], [(13, 48), (54, 29), (16985, 7860)], [(42, 13), (23, 42), (13359, 18121)], [(19, 47), (48, 27), (3839, 1802)], [(47, 41), (91, 11), (7256, 3526)], [(23, 11), (21, 52), (18260, 5745)], [(36, 21), (27, 86), (3420, 6210)], [(34, 13), (15, 93), (1090, 4780)], [(79, 74), (14, 53), (7146, 9047)], [(14, 55), (69, 34), (19724, 11485)], [(96, 25), (82, 90), (9474, 6380)], [(54, 18), (26, 51), (13600, 4676)], [(20, 91), (78, 58), (2690, 4817)], [(74, 17), (32, 38), (3744, 1044)], [(12, 27), (47, 20), (11144, 18230)], [(51, 25), (48, 99), (4710, 6988)], [(14, 41), (70, 44), (5520, 10029)], [(92, 15), (13, 28), (5044, 1340)], [(24, 52), (55, 24), (3454, 1964)], [(78, 25), (16, 72), (12718, 6761)], [(74, 34), (21, 62), (18700, 14050)], [(30, 60), (75, 32), (7680, 4976)], [(27, 12), (31, 73), (2279, 3974)], [(18, 73), (37, 29), (3052, 6809)], [(51, 92), (86, 13), (10073, 4810)], [(73, 39), (23, 56), (9456, 11104)], [(12, 27), (42, 18), (12344, 10214)], [(18, 81), (78, 71), (1866, 6997)], [(18, 55), (72, 23), (2250, 1556)], [(39, 80), (59, 17), (1583, 11801)], [(88, 13), (14, 31), (6900, 2003)], [(52, 15), (65, 99), (5161, 5100)], [(43, 18), (24, 59), (6996, 4216)], [(12, 45), (89, 46), (1788, 3252)], [(58, 13), (13, 30), (7634, 1040)], [(56, 37), (20, 41), (5824, 16583)], [(22, 75), (97, 75), (5634, 5400)], [(14, 52), (69, 33), (8994, 6580)], [(23, 25), (89, 15), (962, 310)], [(71, 31), (38, 66), (2683, 4383)], [(12, 56), (82, 26), (9342, 1066)], [(92, 54), (18, 94), (3494, 6306)], [(72, 12), (11, 63), (18134, 1166)], [(14, 33), (29, 15), (3054, 3701)], [(75, 33), (14, 43), (10584, 1723)], [(17, 58), (93, 39), (4310, 5521)], [(11, 41), (62, 17), (6413, 5063)], [(84, 26), (63, 87), (12873, 10667)], [(55, 16), (60, 98), (7585, 6556)], [(40, 15), (62, 76), (7676, 6993)], [(17, 48), (44, 12), (4442, 4940)], [(52, 26), (23, 36), (18641, 19070)], [(76, 23), (11, 49), (7585, 18903)], [(21, 50), (87, 42), (6072, 3888)], [(92, 75), (14, 75), (4490, 8175)], [(38, 92), (91, 29), (6685, 6045)], [(78, 32), (32, 45), (9476, 6023)], [(88, 25), (58, 82), (6636, 4113)], [(17, 35), (33, 16), (8497, 13145)], [(62, 19), (15, 62), (7008, 7656)], [(20, 41), (64, 27), (10788, 7175)], [(53, 20), (14, 51), (3313, 294)], [(11, 51), (63, 21), (5928, 2544)], [(82, 25), (12, 58), (1356, 13090)], [(21, 36), (73, 17), (2470, 2504)], [(22, 11), (27, 87), (2789, 6172)], [(29, 87), (29, 18), (3654, 4269)], [(12, 39), (59, 28), (9823, 5016)], [(26, 48), (66, 36), (3612, 2376)], [(81, 49), (27, 76), (3159, 2627)], [(75, 50), (11, 28), (496, 14908)], [(20, 92), (25, 17), (3415, 8751)], [(12, 79), (77, 48), (6910, 6024)], [(58, 23), (33, 94), (6765, 5191)], [(82, 30), (16, 66), (8750, 13526)], [(18, 97), (81, 40), (2610, 5342)], [(56, 31), (18, 33), (15854, 3584)], [(18, 75), (79, 54), (5979, 4275)], [(15, 43), (68, 12), (8745, 11629)], [(42, 48), (97, 31), (6191, 2843)], [(83, 52), (15, 49), (6363, 6323)], [(16, 57), (75, 22), (1047, 7798)], [(61, 13), (11, 64), (5183, 6222)], [(15, 41), (30, 14), (15785, 13791)], [(12, 97), (75, 22), (2541, 2428)], [(11, 50), (74, 27), (7792, 3070)], [(30, 67), (95, 39), (6235, 3708)], [(32, 11), (19, 45), (18406, 8177)], [(79, 29), (20, 83), (4987, 4857)], [(45, 18), (14, 45), (16507, 4184)], [(16, 82), (90, 22), (8376, 6030)], [(46, 15), (61, 77), (2174, 1280)], [(19, 55), (93, 50), (9312, 6350)], [(17, 79), (63, 65), (5862, 6970)], [(31, 83), (54, 12), (14576, 5378)], [(88, 54), (17, 95), (1771, 2017)], [(26, 86), (69, 12), (14373, 13266)], [(65, 96), (86, 11), (7587, 8073)], [(51, 36), (12, 97), (2241, 7956)], [(52, 15), (25, 58), (15713, 4698)], [(13, 34), (45, 32), (15474, 19026)], [(74, 30), (11, 24), (6123, 2580)], [(11, 56), (76, 69), (1697, 6096)], [(67, 52), (20, 73), (3230, 6013)], [(17, 77), (71, 13), (16933, 6943)], [(81, 11), (29, 29), (6822, 1152)], [(68, 28), (13, 31), (801, 18587)], [(16, 58), (89, 18), (2508, 5436)], [(12, 31), (55, 15), (3103, 18364)], [(34, 89), (44, 33), (6642, 11141)], [(44, 61), (29, 11), (9381, 18594)], [(82, 32), (20, 90), (7492, 4732)], [(30, 13), (39, 68), (2618, 12606)], [(77, 14), (20, 79), (12763, 9703)], [(84, 15), (45, 48), (2682, 2637)], [(46, 11), (37, 62), (4774, 3374)], [(28, 90), (69, 42), (5075, 4986)], [(58, 77), (68, 13), (11488, 7601)], [(59, 16), (40, 45), (7255, 3880)], [(43, 80), (50, 13), (15185, 9080)], [(90, 44), (24, 39), (3108, 1983)], [(21, 48), (57, 26), (12572, 2756)], [(22, 71), (75, 23), (13814, 6179)], [(11, 51), (31, 21), (1287, 1917)], [(74, 12), (77, 77), (10944, 7968)], [(46, 27), (47, 88), (7855, 9504)], [(44, 19), (15, 53), (9301, 13143)], [(46, 12), (43, 47), (4552, 1760)], [(17, 78), (68, 64), (8177, 13462)], [(51, 83), (96, 11), (3612, 1957)], [(21, 69), (90, 16), (5028, 3374)], [(31, 61), (66, 26), (6720, 6160)], [(26, 52), (37, 21), (13191, 9105)], [(16, 50), (40, 33), (4272, 5990)], [(66, 19), (12, 71), (16502, 11026)], [(30, 76), (28, 13), (3082, 2362)], [(42, 21), (21, 51), (13724, 10367)], [(22, 92), (44, 28), (2134, 3464)], [(28, 52), (51, 14), (2024, 14856)], [(25, 66), (54, 22), (12836, 15962)], [(23, 70), (47, 16), (7650, 2830)], [(18, 66), (72, 19), (1196, 3397)], [(29, 15), (36, 61), (9465, 15953)], [(51, 15), (48, 81), (4248, 6600)], [(64, 29), (11, 39), (6295, 2340)], [(68, 47), (15, 33), (18136, 961)], [(92, 94), (87, 17), (9292, 2880)], [(62, 25), (11, 25), (19491, 6700)], [(75, 94), (92, 31), (13142, 10064)], [(34, 18), (28, 62), (1036, 1492)], [(11, 38), (25, 16), (5213, 3818)], [(15, 47), (69, 17), (16763, 18079)], [(41, 22), (18, 35), (17705, 13969)], [(68, 43), (14, 32), (12198, 19404)], [(79, 48), (44, 81), (7347, 8751)], [(43, 84), (42, 25), (6289, 8007)], [(30, 12), (29, 67), (908, 1582)], [(11, 50), (46, 22), (17910, 5982)], [(28, 80), (99, 45), (9426, 9330)], [(73, 19), (21, 76), (10297, 17714)], [(49, 21), (11, 32), (15269, 14303)], [(50, 27), (26, 58), (2826, 10468)], [(74, 19), (21, 68), (10664, 1843)], [(87, 64), (24, 68), (3699, 3728)], [(82, 75), (83, 18), (15921, 9060)], [(61, 89), (44, 16), (7025, 7165)], [(65, 12), (14, 79), (9924, 15125)], [(47, 17), (11, 50), (2510, 1271)], [(13, 48), (78, 24), (7514, 6360)], [(33, 15), (27, 44), (12251, 1519)], [(48, 12), (29, 80), (3561, 13392)], [(55, 17), (11, 42), (396, 933)], [(37, 74), (49, 11), (16070, 17579)], [(88, 65), (30, 92), (8824, 9032)], [(26, 60), (54, 18), (2530, 1254)], [(57, 84), (38, 14), (11520, 3210)], [(45, 19), (16, 52), (671, 11161)], [(13, 75), (93, 12), (9072, 5130)], [(44, 12), (13, 26), (19008, 11828)], [(14, 33), (64, 47), (13826, 2890)], [(68, 23), (22, 61), (19608, 4101)], [(54, 28), (23, 49), (2428, 3780)], [(71, 30), (21, 49), (6965, 3906)], [(50, 94), (76, 46), (10720, 10950)], [(46, 11), (24, 55), (6506, 5940)], [(33, 81), (64, 22), (7202, 4844)], [(42, 83), (86, 40), (11738, 10981)], [(94, 61), (13, 36), (1997, 1544)], [(41, 50), (73, 15), (7911, 4910)], [(78, 20), (14, 64), (6564, 4216)], [(15, 44), (35, 22), (2630, 7360)], [(17, 95), (60, 71), (3272, 9563)], [(23, 77), (44, 12), (3902, 8834)], [(32, 68), (42, 13), (17370, 11105)], [(17, 73), (54, 17), (11630, 7982)], [(15, 87), (64, 26), (2356, 1928)], [(67, 19), (17, 81), (3736, 6392)], [(59, 17), (25, 35), (3982, 2426)], [(22, 58), (61, 30), (957, 15354)], [(89, 38), (39, 84), (9885, 10686)]]
35 29
99 45
63 39
10 5
70 99
61 14
61 98
99 85
51 73
10 89
27 69
13 51
72 27
64 16
25 82
45 28
26 14
43 57
46 4
11 85
35 76
16 68
71 54
18 32
18 96
9 67
9 59
78 72
96 90
22 63
53 92
69 68
75 3
53 59
20 24
20 65
85 46
93 31
36 5
56 49
54 89
33 43
37 58
50 18
72 17
18 99
90 54
95 51
77 82
91 14
25 13
17 79
72 64
5 18
28 7
54 11
48 16
71 61
96 67
88 7
28 39
75 72
46 99
66 51
75 3
75 41
50 60
10 50
80 59
50 57
37 25
48 6
34 62
52 20
11 58
36 88
27 50
75 46
39 94
82 5
17 27
73 34
43 45
60 12
18 54
7 9
3 65
28 51
73 33
87 88
79 99
79 54
71 78
24 64
38 71
49 53
94 67
53 34
12 92
62 16
47 65
29 97
12 50
35 12
82 71
24 86
99 31
46 22
3 75
25 53
66 59
70 83
18 31
21 59
53 40
51 84
34 10
30 94
15 89
18 11
81 27
27 72
82 5
99 8
30 61
81 9
90 12
97 76
86 22
3 54
70 42
26 63
82 99
85 56
30 17
24 33
48 96
88 81
84 16
93 97
20 27
38 47
72 68
67 80
15 94
27 35
8 80
14 92
82 76
14 20
49 79
73 75
9 22
75 74
37 20
98 95
69 64
92 81
3 21
88 36
8 43
54 90
16 68
91 24
70 95
95 89
34 95
87 94
20 9
79 64
76 33
12 34
38 70
48 46
69 96
35574
