[[(30, 53), (83, 23), (10000000003457, 10000000002522)], [(48, 93), (82, 30), (10000000008442, 10000000010557)], [(44, 24), (13, 50), (10000000002341, 10000000012226)], [(99, 55), (22, 80), (10000000007095, 10000000006585)], [(49, 13), (28, 57), (10000000004561, 10000000011243)], [(34, 12), (19, 26), (10000000000435, 10000000000250)], [(47, 96), (19, 11), (10000000005171, 10000000007809)], [(41, 26), (25, 51), (10000000015318, 10000000012120)], [(75, 19), (39, 42), (10000000005121, 10000000001747)], [(24, 43), (64, 25), (10000000007736, 10000000005073)], [(54, 99), (95, 17), (10000000013421, 10000000011246)], [(12, 47), (67, 31), (10000000004477, 10000000010631)], [(20, 42), (45, 25), (10000000015160, 10000000017864)], [(19, 30), (38, 15), (10000000014332, 10000000012875)], [(45, 81), (46, 12), (10000000002219, 10000000008135)], [(23, 58), (63, 13), (10000000008206, 10000000016696)], [(63, 50), (16, 48), (10000000004381, 10000000006054)], [(14, 73), (81, 20), (10000000007349, 10000000002510)], [(73, 75), (15, 87), (10000000003006, 10000000008028)], [(68, 17), (28, 77), (10000000005728, 10000000003612)], [(17, 92), (28, 12), (10000000001649, 10000000001808)], [(15, 34), (77, 56), (10000000002052, 10000000016352)], [(43, 13), (26, 31), (10000000003798, 10000000001773)], [(46, 11), (16, 30), (10000000004354, 10000000009401)], [(42, 97), (73, 19), (10000000003856, 10000000006512)], [(69, 20), (15, 53), (10000000011702, 10000000007284)], [(53, 12), (27, 54), (10000000015330, 10000000016034)], [(50, 14), (18, 36), (10000000016616, 10000000003170)], [(58, 17), (31, 46), (10000000003992, 10000000004197)], [(86, 19), (27, 29), (10000000004626, 10000000001667)], [(21, 56), (63, 35), (10000000001428, 10000000001946)], [(82, 46), (39, 96), (10000000005749, 10000000007450)], [(14, 60), (74, 21), (10000000010194, 10000000019178)], [(89, 80), (53, 11), (10000000004306, 10000000003724)], [(30, 97), (96, 59), (10000000008490, 10000000006082)], [(57, 14), (22, 50), (10000000003485, 10000000008690)], [(61, 38), (17, 39), (10000000001363, 10000000017185)], [(59, 17), (29, 63), (10000000008420, 10000000012284)], [(11, 27), (47, 35), (10000000014723, 10000000004967)], [(44, 20), (37, 65), (10000000014633, 10000000015285)], [(91, 17), (34, 50), (10000000005769, 10000000004395)], [(47, 14), (22, 65), (10000000017994, 10000000007827)], [(32, 64), (27, 11), (10000000017241, 10000000007817)], [(21, 18), (14, 63), (10000000001288, 10000000004572)], [(86, 44), (11, 49), (10000000018047, 10000000017733)], [(43, 99), (82, 42), (10000000007481, 10000000009297)], [(39, 68), (76, 37), (10000000003134, 10000000002408)], [(90, 23), (38, 40), (10000000005268, 10000000004254)], [(61, 19), (18, 70), (10000000001755, 10000000004861)], [(31, 70), (45, 14), (10000000016388, 10000000006444)], [(17, 52), (94, 82), (10000000005699, 10000000005306)], [(85, 30), (12, 67), (10000000008775, 10000000014385)], [(68, 44), (21, 72), (10000000006816, 10000000008616)], [(13, 82), (55, 14), (10000000006198, 10000000009132)], [(95, 40), (41, 78), (10000000004673, 10000000005794)], [(73, 12), (31, 82), (10000000006721, 10000000008180)], [(93, 34), (43, 85), (10000000009341, 10000000008126)], [(94, 72), (31, 78), (10000000007143, 10000000005634)], [(45, 20), (18, 39), (10000000010628, 10000000001994)], [(15, 40), (43, 21), (10000000006780, 10000000017190)], [(21, 63), (59, 14), (10000000005143, 10000000004519)], [(57, 11), (44, 95), (10000000005617, 10000000006188)], [(70, 18), (30, 62), (10000000002120, 10000000001848)], [(60, 23), (18, 41), (10000000000500, 10000000009002)], [(28, 87), (84, 13), (10000000006020, 10000000002585)], [(28, 64), (84, 53), (10000000006244, 10000000007878)], [(89, 17), (67, 91), (10000000010354, 10000000004402)], [(59, 28), (28, 63), (10000000014323, 10000000014046)], [(47, 42), (85, 11), (10000000002117, 10000000001567)], [(14, 66), (66, 19), (10000000003296, 10000000014714)], [(35, 35), (15, 62), (10000000002695, 10000000004998)], [(85, 81), (91, 14), (10000000012689, 10000000005620)], [(53, 23), (11, 30), (10000000003471, 10000000015279)], [(72, 15), (19, 65), (10000000015964, 10000000006225)], [(59, 42), (14, 31), (10000000011945, 10000000007202)], [(35, 49), (34, 11), (10000000003605, 10000000017723)], [(18, 41), (90, 58), (10000000004464, 10000000003847)], [(11, 69), (72, 24), (10000000001631, 10000000009329)], [(15, 56), (58, 27), (10000000005778, 10000000015709)], [(59, 18), (11, 41), (10000000005050, 10000000001655)], [(12, 55), (65, 12), (10000000005219, 10000000015812)], [(15, 66), (64, 20), (10000000009440, 10000000004976)], [(75, 60), (19, 56), (10000000003877, 10000000005468)], [(69, 26), (31, 58), (10000000004008, 10000000002344)], [(32, 49), (35, 16), (10000000018624, 10000000002377)], [(24, 61), (44, 15), (10000000018716, 10000000012216)], [(22, 14), (31, 99), (10000000002111, 10000000002691)], [(85, 38), (23, 42), (10000000003807, 10000000004842)], [(94, 21), (58, 83), (10000000011592, 10000000006372)], [(80, 25), (72, 90), (10000000011272, 10000000006965)], [(15, 66), (56, 15), (10000000003020, 10000000015701)], [(54, 19), (31, 74), (10000000018505, 10000000003156)], [(53, 58), (98, 20), (10000000012117, 10000000006106)], [(73, 27), (18, 53), (10000000004995, 10000000007502)], [(51, 92), (48, 24), (10000000005313, 10000000008708)], [(77, 39), (15, 37), (10000000002120, 10000000001456)], [(51, 14), (35, 75), (10000000002947, 10000000013748)], [(65, 58), (18, 88), (10000000002527, 10000000007938)], [(18, 65), (75, 29), (10000000006096, 10000000006536)], [(69, 11), (32, 49), (10000000000921, 10000000000937)], [(31, 14), (16, 36), (10000000012402, 10000000003752)], [(16, 55), (79, 35), (10000000016357, 10000000010790)], [(17, 79), (51, 11), (10000000002522, 10000000015780)], [(96, 53), (11, 79), (10000000002765, 10000000002037)], [(13, 35), (55, 16), (10000000015677, 10000000007185)], [(69, 21), (11, 31), (10000000013547, 10000000012335)], [(62, 33), (24, 54), (10000000019048, 10000000019724)], [(50, 26), (46, 75), (10000000003206, 10000000002229)], [(59, 18), (13, 38), (10000000012291, 10000000015210)], [(69, 25), (64, 91), (10000000004336, 10000000002656)], [(11, 75), (87, 33), (10000000006088, 10000000007338)], [(44, 27), (18, 43), (10000000008784, 10000000011197)], [(24, 42), (43, 15), (10000000002897, 10000000016025)], [(29, 22), (17, 92), (10000000003923, 10000000008276)], [(92, 19), (16, 49), (10000000008208, 10000000002015)], [(70, 11), (80, 97), (10000000005080, 10000000004091)], [(64, 14), (46, 60), (10000000008112, 10000000005370)], [(69, 90), (96, 20), (10000000012678, 10000000006120)], [(15, 40), (26, 12), (10000000011312, 10000000002164)], [(93, 17), (72, 69), (10000000009810, 10000000004641)], [(45, 64), (96, 42), (10000000003663, 10000000004926)], [(13, 48), (54, 29), (10000000016985, 10000000007860)], [(42, 13), (23, 42), (10000000013359, 10000000018121)], [(19, 47), (48, 27), (10000000003839, 10000000001802)], [(47, 41), (91, 11), (10000000007256, 10000000003526)], [(23, 11), (21, 52), (10000000018260, 10000000005745)], [(36, 21), (27, 86), (10000000003420, 10000000006210)], [(34, 13), (15, 93), (10000000001090, 10000000004780)], [(79, 74), (14, 53), (10000000007146, 10000000009047)], [(14, 55), (69, 34), (10000000019724, 10000000011485)], [(96, 25), (82, 90), (10000000009474, 10000000006380)], [(54, 18), (26, 51), (10000000013600, 10000000004676)], [(20, 91), (78, 58), (10000000002690, 10000000004817)], [(74, 17), (32, 38), (10000000003744, 10000000001044)], [(12, 27), (47, 20), (10000000011144, 10000000018230)], [(51, 25), (48, 99), (10000000004710, 10000000006988)], [(14, 41), (70, 44), (10000000005520, 10000000010029)], [(92, 15), (13, 28), (10000000005044, 10000000001340)], [(24, 52), (55, 24), (10000000003454, 10000000001964)], [(78, 25), (16, 72), (10000000012718, 10000000006761)], [(74, 34), (21, 62), (10000000018700, 10000000014050)], [(30, 60), (75, 32), (10000000007680, 10000000004976)], [(27, 12), (31, 73), (10000000002279, 10000000003974)], [(18, 73), (37, 29), (10000000003052, 10000000006809)], [(51, 92), (86, 13), (10000000010073, 10000000004810)], [(73, 39), (23, 56), (10000000009456, 10000000011104)], [(12, 27), (42, 18), (10000000012344, 10000000010214)], [(18, 81), (78, 71), (10000000001866, 10000000006997)], [(18, 55), (72, 23), (10000000002250, 10000000001556)], [(39, 80), (59, 17), (10000000001583, 10000000011801)], [(88, 13), (14, 31), (10000000006900, 10000000002003)], [(52, 15), (65, 99), (10000000005161, 10000000005100)], [(43, 18), (24, 59), (10000000006996, 10000000004216)], [(12, 45), (89, 46), (10000000001788, 10000000003252)], [(58, 13), (13, 30), (10000000007634, 10000000001040)], [(56, 37), (20, 41), (10000000005824, 10000000016583)], [(22, 75), (97, 75), (10000000005634, 10000000005400)], [(14, 52), (69, 33), (10000000008994, 10000000006580)], [(23, 25), (89, 15), (10000000000962, 10000000000310)], [(71, 31), (38, 66), (10000000002683, 10000000004383)], [(12, 56), (82, 26), (10000000009342, 10000000001066)], [(92, 54), (18, 94), (10000000003494, 10000000006306)], [(72, 12), (11, 63), (10000000018134, 10000000001166)], [(14, 33), (29, 15), (10000000003054, 10000000003701)], [(75, 33), (14, 43), (10000000010584, 10000000001723)], [(17, 58), (93, 39), (10000000004310, 10000000005521)], [(11, 41), (62, 17), (10000000006413, 10000000005063)], [(84, 26), (63, 87), (10000000012873, 10000000010667)], [(55, 16), (60, 98), (10000000007585, 10000000006556)], [(40, 15), (62, 76), (10000000007676, 10000000006993)], [(17, 48), (44, 12), (10000000004442, 10000000004940)], [(52, 26), (23, 36), (10000000018641, 10000000019070)], [(76, 23), (11, 49), (10000000007585, 10000000018903)], [(21, 50), (87, 42), (10000000006072, 10000000003888)], [(92, 75), (14, 75), (10000000004490, 10000000008175)], [(38, 92), (91, 29), (10000000006685, 10000000006045)], [(78, 32), (32, 45), (10000000009476, 10000000006023)], [(88, 25), (58, 82), (10000000006636, 10000000004113)], [(17, 35), (33, 16), (10000000008497, 10000000013145)], [(62, 19), (15, 62), (10000000007008, 10000000007656)], [(20, 41), (64, 27), (10000000010788, 10000000007175)], [(53, 20), (14, 51), (10000000003313, 10000000000294)], [(11, 51), (63, 21), (10000000005928, 10000000002544)], [(82, 25), (12, 58), (10000000001356, 10000000013090)], [(21, 36), (73, 17), (10000000002470, 10000000002504)], [(22, 11), (27, 87), (10000000002789, 10000000006172)], [(29, 87), (29, 18), (10000000003654, 10000000004269)], [(12, 39), (59, 28), (10000000009823, 10000000005016)], [(26, 48), (66, 36), (10000000003612, 10000000002376)], [(81, 49), (27, 76), (10000000003159, 10000000002627)], [(75, 50), (11, 28), (10000000000496, 10000000014908)], [(20, 92), (25, 17), (10000000003415, 10000000008751)], [(12, 79), (77, 48), (10000000006910, 10000000006024)], [(58, 23), (33, 94), (10000000006765, 10000000005191)], [(82, 30), (16, 66), (10000000008750, 10000000013526)], [(18, 97), (81, 40), (10000000002610, 10000000005342)], [(56, 31), (18, 33), (10000000015854, 10000000003584)], [(18, 75), (79, 54), (10000000005979, 10000000004275)], [(15, 43), (68, 12), (10000000008745, 10000000011629)], [(42, 48), (97, 31), (10000000006191, 10000000002843)], [(83, 52), (15, 49), (10000000006363, 10000000006323)], [(16, 57), (75, 22), (10000000001047, 10000000007798)], [(61, 13), (11, 64), (10000000005183, 10000000006222)], [(15, 41), (30, 14), (10000000015785, 10000000013791)], [(12, 97), (75, 22), (10000000002541, 10000000002428)], [(11, 50), (74, 27), (10000000007792, 10000000003070)], [(30, 67), (95, 39), (10000000006235, 10000000003708)], [(32, 11), (19, 45), (10000000018406, 10000000008177)], [(79, 29), (20, 83), (10000000004987, 10000000004857)], [(45, 18), (14, 45), (10000000016507, 10000000004184)], [(16, 82), (90, 22), (10000000008376, 10000000006030)], [(46, 15), (61, 77), (10000000002174, 10000000001280)], [(19, 55), (93, 50), (10000000009312, 10000000006350)], [(17, 79), (63, 65), (10000000005862, 10000000006970)], [(31, 83), (54, 12), (10000000014576, 10000000005378)], [(88, 54), (17, 95), (10000000001771, 10000000002017)], [(26, 86), (69, 12), (10000000014373, 10000000013266)], [(65, 96), (86, 11), (10000000007587, 10000000008073)], [(51, 36), (12, 97), (10000000002241, 10000000007956)], [(52, 15), (25, 58), (10000000015713, 10000000004698)], [(13, 34), (45, 32), (10000000015474, 10000000019026)], [(74, 30), (11, 24), (10000000006123, 10000000002580)], [(11, 56), (76, 69), (10000000001697, 10000000006096)], [(67, 52), (20, 73), (10000000003230, 10000000006013)], [(17, 77), (71, 13), (10000000016933, 10000000006943)], [(81, 11), (29, 29), (10000000006822, 10000000001152)], [(68, 28), (13, 31), (10000000000801, 10000000018587)], [(16, 58), (89, 18), (10000000002508, 10000000005436)], [(12, 31), (55, 15), (10000000003103, 10000000018364)], [(34, 89), (44, 33), (10000000006642, 10000000011141)], [(44, 61), (29, 11), (10000000009381, 10000000018594)], [(82, 32), (20, 90), (10000000007492, 10000000004732)], [(30, 13), (39, 68), (10000000002618, 10000000012606)], [(77, 14), (20, 79), (10000000012763, 10000000009703)], [(84, 15), (45, 48), (10000000002682, 10000000002637)], [(46, 11), (37, 62), (10000000004774, 10000000003374)], [(28, 90), (69, 42), (10000000005075, 10000000004986)], [(58, 77), (68, 13), (10000000011488, 10000000007601)], [(59, 16), (40, 45), (10000000007255, 10000000003880)], [(43, 80), (50, 13), (10000000015185, 10000000009080)], [(90, 44), (24, 39), (10000000003108, 10000000001983)], [(21, 48), (57, 26), (10000000012572, 10000000002756)], [(22, 71), (75, 23), (10000000013814, 10000000006179)], [(11, 51), (31, 21), (10000000001287, 10000000001917)], [(74, 12), (77, 77), (10000000010944, 10000000007968)], [(46, 27), (47, 88), (10000000007855, 10000000009504)], [(44, 19), (15, 53), (10000000009301, 10000000013143)], [(46, 12), (43, 47), (10000000004552, 10000000001760)], [(17, 78), (68, 64), (10000000008177, 10000000013462)], [(51, 83), (96, 11), (10000000003612, 10000000001957)], [(21, 69), (90, 16), (10000000005028, 10000000003374)], [(31, 61), (66, 26), (10000000006720, 10000000006160)], [(26, 52), (37, 21), (10000000013191, 10000000009105)], [(16, 50), (40, 33), (10000000004272, 10000000005990)], [(66, 19), (12, 71), (10000000016502, 10000000011026)], [(30, 76), (28, 13), (10000000003082, 10000000002362)], [(42, 21), (21, 51), (10000000013724, 10000000010367)], [(22, 92), (44, 28), (10000000002134, 10000000003464)], [(28, 52), (51, 14), (10000000002024, 10000000014856)], [(25, 66), (54, 22), (10000000012836, 10000000015962)], [(23, 70), (47, 16), (10000000007650, 10000000002830)], [(18, 66), (72, 19), (10000000001196, 10000000003397)], [(29, 15), (36, 61), (10000000009465, 10000000015953)], [(51, 15), (48, 81), (10000000004248, 10000000006600)], [(64, 29), (11, 39), (10000000006295, 10000000002340)], [(68, 47), (15, 33), (10000000018136, 10000000000961)], [(92, 94), (87, 17), (10000000009292, 10000000002880)], [(62, 25), (11, 25), (10000000019491, 10000000006700)], [(75, 94), (92, 31), (10000000013142, 10000000010064)], [(34, 18), (28, 62), (10000000001036, 10000000001492)], [(11, 38), (25, 16), (10000000005213, 10000000003818)], [(15, 47), (69, 17), (10000000016763, 10000000018079)], [(41, 22), (18, 35), (10000000017705, 10000000013969)], [(68, 43), (14, 32), (10000000012198, 10000000019404)], [(79, 48), (44, 81), (10000000007347, 10000000008751)], [(43, 84), (42, 25), (10000000006289, 10000000008007)], [(30, 12), (29, 67), (10000000000908, 10000000001582)], [(11, 50), (46, 22), (10000000017910, 10000000005982)], [(28, 80), (99, 45), (10000000009426, 10000000009330)], [(73, 19), (21, 76), (10000000010297, 10000000017714)], [(49, 21), (11, 32), (10000000015269, 10000000014303)], [(50, 27), (26, 58), (10000000002826, 10000000010468)], [(74, 19), (21, 68), (10000000010664, 10000000001843)], [(87, 64), (24, 68), (10000000003699, 10000000003728)], [(82, 75), (83, 18), (10000000015921, 10000000009060)], [(61, 89), (44, 16), (10000000007025, 10000000007165)], [(65, 12), (14, 79), (10000000009924, 10000000015125)], [(47, 17), (11, 50), (10000000002510, 10000000001271)], [(13, 48), (78, 24), (10000000007514, 10000000006360)], [(33, 15), (27, 44), (10000000012251, 10000000001519)], [(48, 12), (29, 80), (10000000003561, 10000000013392)], [(55, 17), (11, 42), (10000000000396, 10000000000933)], [(37, 74), (49, 11), (10000000016070, 10000000017579)], [(88, 65), (30, 92), (10000000008824, 10000000009032)], [(26, 60), (54, 18), (10000000002530, 10000000001254)], [(57, 84), (38, 14), (10000000011520, 10000000003210)], [(45, 19), (16, 52), (10000000000671, 10000000011161)], [(13, 75), (93, 12), (10000000009072, 10000000005130)], [(44, 12), (13, 26), (10000000019008, 10000000011828)], [(14, 33), (64, 47), (10000000013826, 10000000002890)], [(68, 23), (22, 61), (10000000019608, 10000000004101)], [(54, 28), (23, 49), (10000000002428, 10000000003780)], [(71, 30), (21, 49), (10000000006965, 10000000003906)], [(50, 94), (76, 46), (10000000010720, 10000000010950)], [(46, 11), (24, 55), (10000000006506, 10000000005940)], [(33, 81), (64, 22), (10000000007202, 10000000004844)], [(42, 83), (86, 40), (10000000011738, 10000000010981)], [(94, 61), (13, 36), (10000000001997, 10000000001544)], [(41, 50), (73, 15), (10000000007911, 10000000004910)], [(78, 20), (14, 64), (10000000006564, 10000000004216)], [(15, 44), (35, 22), (10000000002630, 10000000007360)], [(17, 95), (60, 71), (10000000003272, 10000000009563)], [(23, 77), (44, 12), (10000000003902, 10000000008834)], [(32, 68), (42, 13), (10000000017370, 10000000011105)], [(17, 73), (54, 17), (10000000011630, 10000000007982)], [(15, 87), (64, 26), (10000000002356, 10000000001928)], [(67, 19), (17, 81), (10000000003736, 10000000006392)], [(59, 17), (25, 35), (10000000003982, 10000000002426)], [(22, 58), (61, 30), (10000000000957, 10000000015354)], [(89, 38), (39, 84), (10000000009885, 10000000010686)]]
195974576249 105932203645
119390695737 148209139766
180430257098 104094378972
129636298370 126035289911
143884892392 158273381496
269005848274 128654970977
106716886487 112994350224
149031296854 104321907628
102941176542 107142857174
118110236864 106861642196
116279069751 290697674738
113196306378 145963658108
106382978879 161544523509
116279070117 232558139487
127834057213 110950313638
110149488585 169158143370
126947489764 132717830927
105459057126 130272953034
135746606016 180995475501
132075471880 113207547349
156534401528 120131052099
116279069783 232558140155
101876675788 112600536389
114138438903 143593520231
103092783583 103092783685
150537634680 179211469446
156583630318 177935943070
131463628453 122699386570
112414467184 180840664970
119331742417 105693828990
114914425650 127139364306
142109199653 224382947442
104664391563 129692832812
136986301587 136986301308
179547229167 109289617140
102040816461 123299319730
109039747012 144213858631
135074290945 184601530845
154473914592 125327892771
112130479136 129969419100
157938486937 141313383904
124784853811 159208261983
118121579036 146931719955
126210742962 102729674147
103458468853 135973987707
119940029907 110944527934
224215247070 190582959577
116248348819 103038309307
104112441639 161374284209
227140361179 128130460370
104821803084 251572327341
117370892236 113458529184
124501992166 204183267269
177809388461 120910384250
193637621470 124481327619
162790697582 290697674907
112866817125 158013544340
129692832863 197952218831
120481927701 160642570365
321243524175 124352331535
105453449871 123531184370
109361330084 157480314964
262390671170 145772594832
115350488225 119787045291
107361963345 101610429488
105833763775 103252452350
103415857184 106549671088
261437908722 163398693040
103524772164 101059896393
166270783996 118764845632
108211330500 286441756818
134961439529 122107969610
115163147843 121561100568
130841121459 102803738437
118074478004 136239781986
187416332077 254350736344
104958378730 152008686131
167714884782 162473794617
102040816509 204081633051
109478536492 152693748563
192525481651 203850509710
132059567384 120820455280
177543186261 100767754462
152703260489 136194799814
103231597828 127917414955
157760814260 137404580317
109677419258 161290323286
101378751087 105433901226
116279070123 193798449387
204081632903 102040816400
135100688392 104511853157
156862745287 254901961216
138113429332 114604760610
211210398597 170593013858
174844896043 152284263898
102189781050 126520681519
101387406749 106723586071
124952669744 140098447561
116696589193 188509874577
110560427044 114372855735
103211009050 229357798877
262295082599 124590163853
140077821351 132295719653
189171558830 110893672762
101671549339 108564535683
107526881795 107526881960
141552511338 123287671482
107906204637 101680846824
185637518464 122129946459
116110304833 188679245609
132346343885 105428443341
176366843317 123456790210
163716814482 106194690128
106171201254 136031851509
106091718005 160848733905
120181405946 108843537419
203417412533 113913751278
128617363445 160771704165
116959064707 136452241204
109803921893 290196078375
116279069783 348837209504
174029451460 107095047027
163618864647 182868142621
114358322820 158831004317
116618075744 189504373581
106816857722 104874733171
157068063075 209424084054
145586897130 104640582551
101446147353 118713576502
130863700538 106704248211
180305131813 138696255209
162368672873 171919770646
146048109936 103092783677
118049083779 114942528903
100250626550 112781955215
176817288731 127701375486
131578947713 323886639972
116918844247 130674003037
107084020073 123558484302
106112054406 123089983064
107438016694 239669421492
102827763606 173521850931
118852459115 147540983945
101286613806 153298658832
107713690378 125086865781
80882098756071
