9316
.............................................................................................................................................
.432...654.4321098.09876.876...654.65432109876.098.876.0987654.210...210.432.6543210987654...876.098.87654321098.876...654...21098.876.876...
.5.1...7.3.5.....7.1...5.9.5...7.3.7.........5.1.7.9.5.1.....3.3.9...3.9.5.1.7...........3...9.5.1.7.9.........7.9.5...7.3...3...7.9.5.9.5...
.6.0.098.2.67890.6.234.4.0.4.098.2.89012.01234.2.6.0.432.89012.4.87654.8.6.0.89012.6789012.210.432.6.012.0123456.0.4.098.210.4.456.0.4.0.432.
.7.9.1...1.....1.5...5.3.1.3.1...1.....3.9.....3.5.1.....7.....5.......7.7.9.....3.5.......3.......5...3.9.......1.3.1.....9.5.3...1.3.1...1.
.8.8.234.0.432.2.432.6.2.2.2.234.0.87654.87654.4.432.23456.876.678.23456.8.8.432.4.4321098.4567890.4.654.876.210.2.2.23456.876.210.2.2.2.890.
.9.7...5.9.5.1.3...1.7.1.3.1...5.9.9.........3.5.....1.....9.5...9.1.....9.7.5.1.5.......7.......1.3.7.....5.3.9.3.1.....7.......9.3.1.3.7...
.0.6.876.876.0.456.098.0.4.09876.8.01234.89012.67890.0.098.0.4.210.09876.0.6.6.0.6.0123456...098.2.2.890.234.4.8.4.0.432.890.45678.4.0.4.654.
.1.5.9.......9...7.....9.5.......7.....5.7.........1.9.1.7.1.3.3.......5.1.5.7.9.7.9.........1.7.3.1...1.1...5.7.5.9.5.1...1.3.....5.9.5...3.
.2.4.0123456.8.098.45678.6789012.6...876.6.654.65432.8.2.6.2.2.456.01234.2.4.8.8.8.876.432.432.654.0...2.09876.6.6.876.0.432.2.432.6.876.012.
.3.3.......7.7.1...3...........3.5...9...5.7.3.7.....7.3.5.3.1...7.9.....3.3.9.7.9...5.5.1.5.......9...3.......5.7.....9.5...1.5.1.7.....9...
.4.210.21098.6.234.21098.210.654.432.012.4.8.2.890.456.4.4.4.0.098.8.654.4.210.6.0.234.6.0.678.45678.654.8901234.890.678.678.0.6.098.678.876.
.5...9.3.....5...5.....7.3.9.7.....1...3.3.9.1...1.3...5.3.5.9.1...7.7.3.5.....5.1.1...7.9...9.3.....7...7.........1.5.....9.9.7.....5.9...5.
.678.8.45678.4.876.23456.4.8.89012.098.4.210.0.432.210.6.2.6.8.2.456.8.2.6.234.432.098.8.8.210.21098.890.6543210...2.4.654.0.8.8.01234.01234.
...9.7.....9.3.9...1.....5.7.....3...7.5.....9.5.....9.7.1.7.7.3.3...9.1.7.1.5.......7.9.7.3.......7...1.......9...3.3.7.3.1.7.9.9...........
.210.6543210.210.890.098.6.654...456.6.6.234.876.45678.8.098.654.210.0.0.890.6.0123456.0.6.45678.456.432.890.678.654.2.8.2.2.6.0.8...6543210.
.3...............7...1.7.7...3.....7.5.7.1.5.....3.....9...........9.1.9.....7.9.......1.5.....9.3...5...7.1.5...7...1.9.1.3.5.1.7...7.....9.
.456.456.6789012.654.2.6.890.2.21098.4.890.678.012.210.012.012345678.2.876...8.876...432.432.210.210.6.456.234...890.0.0.0.4.432.654.8.45678.
...7.3.7.5.....3...3.3.5...1.1.3.....3.......9.9...3.9...3.9.........3...5...9...5...5.....1.3.....9.7.3...........1.9.1.9.5.......3.9.3.....
.098.2.8.4.87654.012.4.432.2.0.45678.2.876...0.87654.87654.876.098...456.4.210.234.876.67890.456.678.8.2109876.65432.8.2.876.67890.210.21098.
.1...1.9.3.9.....9...5...1.3.9.....9.1.9.5...1...............5.1.7.....7.3.3...1...9...5.......7.5...9.......5.7.....7.3.....5...1.........7.
.234.0.012.01234.876.678.0.4.8.876.0.0.0.4.432.8901234.01234.432.654.098.2.456.098.012.4.876.098.43210.8901234.89012.654.234.432.2.890123456.
...5.9.........5...5...9.9.5.7.9.5.1.9.1.3.5...7.....5.9...5.......3.1...1...7...7...3.3.9.5.1.........7...........3.....1.5...1.3.7.........
...678...098...678.43210.876.6.0.432.8.2.2.6.456.098.678.876.6789012.234.098.8.456.654.2.0.432.890123456.210.654...45678.0.67890.4.654321098.
.........1.7.....9...........5.1.....7.3.1.7.3...1.7.....9...5.........5...7.9.3...7...1.1.....7.........3.9.7.3.......9.9.......5.........7.
...098.432.6543210.45678.456.432.012.654.098.2...2.65432.01234.876.09876.456.0.2.098.890.23456.6.210...654.8.8.2.654.210.8765432.67890123456.
...1.7.5...........3...9.3.7.....9.3.........1...3.....1.......9.5.1.....3...1.1.1...7.......7.5.3.9...7...7.9.1.7.3.3.........1.............
.432.6.678901234.012...012.890.678.45678.456.098.4.890.098.098.0.4.23456.2.432.0.2.456...21098.4.4.876.890.6.0.098.2.456.4567890...876.21098.
.5...5.........5.9...........1.5.......9.3.7...7.5.7.1...7.1.7.1.3.....7.1.5...9.3.3.....3.....3.5...5...1.5.1.....1...7.3.........9.5.3...7.
.678.4.432.210.678.876.21098.234.876...012.890.6.6.6.23456.2.6.2.2.098.8.0.678.8.4.2.654.45678.2.6.234.432.432.67890.098.2.876.098.0.4.4.456.
...9.3.5.1.3.9.....9.5.3...7.....9.5.........1.5.7.5.......3.5.3.1.1.7.9.9...9.7.5.1.7.3.....9.1.7.1...5.......5.....1...1.9.5.1.7.1.3.5.3...
...0.2.6.0.4.8.210.0.4.456.6543210.4.432.432.2.4.8.432.876.4.4.4.0.2.6.0.876.0.6.6.0.8.2.210.0.0.8.098.6.8901234.876.234.0.0.432.6.2.2.6.2...
...1.1.7.9.5.7.3.9.1.3...7.........3.5.1.5.1.3.3.9...1.9.5.5.3.5.9.3.5.1...5.1.5.7.9.9.1.3.9.1.9.9...7.7.7.......9.5...5.9.1.....5.3.1.7.1...
.432.098.876.654.8.2.2...890.67890.2.6.0.6.0.4.2.0.890.0.4.6.2.6.8.4.4.234.4.2.4.8.8.0.0.4.8.2.8.0.456.8.6...210.0.4...6.8.2.01234.4.098.098.
.5...............7.3.1.....1.5...1.1.7.9.7.9.5.1.1.7...1.3.7.1.7.7.5.3...5.3.3.3.9.7.1.9.5.7.3.7.1.3...9.5...3.9.1.3...7.7.3.9.....5.......7.
.678.45678.45678.654.0.432.234.432.098.8.8.876.0.2.6.432.2.8.098.6.6.210.6.2.4.210.6.2.876.6.4.6.2.2.210.432.4.8.2.21098.654.87654.6.0123456.
...9.3...9.3...9.....9.5.1.....5.......7.9.....9.3.5.5...1.9.....5.7...9.7.1.5.....5.3.....5.5.5.3.1.3.....1.5.7.3...............3.7.9.......
...012...012...01234.876.0.432.6.012...6.0.45678.4.4.678.0.012.234.890.8.8.0.678.234.456.234.6.4.4.0.4.67890.6.654.890123456789012.8.8765432.
...................5.....9.5.1.7.9.3...5.1.3.....5.3...9.9...3.1.....1.7.9.9...9.1.....7.1...7.3.5.9.5.5.....7.....7...............9.......1.
.4321098...098.210.67890.876.098.8.456.432.21098.6.210.0.87654.0.098.2.6.0.8.210.098.098.0.098.2.6.876.4321098.678.65432109876543210.012.890.
.5.....7...1.7.3.9.....1.........7...7.........7.7...9.1.......9.1.7.3.5.1.7.3.....7.1...9.1...1.7.............5.9...................9.3.7...
.67890.65432.654.8765432.456.23456.098.890.23456.8.678.2345678.8.2.6.4.432.6.456.456.234.8.2...098...4567890.234.01234.012.890.890.678.456...
.....1...................3.7.1.....1...7.1.1.....9.5.........9.7.3.5.5.....5...7.3.....5.7.3.........3.....1.1.......5.9.3.7.1.7.1.5.........
.210.234567890123456789012.890.098.23456.2.098.210.4.654.876.0.6.4.4.678.234.098.2.098.6.6.456.6789012.098.2.0987654.678.456.2.6.234...65432.
.3.9...........................1.7.......3...7.3...3.7.3.9.5.1.5.5.3...9.1...1...1.1.7.7.5...7.5.......1.7.3.......3.........3.5.......7...1.
.4.8.432109876.098.876543210...2.6.0987654...654.012.8.210.432.4.6.2.210.098.234.0.2.6.8.432.8.4.8765432.6.4.89012.210987654.4.432.654.8.890.
.5.7.5.......5.1.7.9.......9...3.5.1.............9...9.........3.7.1.3.....7...5.9.3.5.9...1.9.3.9.......5.5.7...3.........3.5...1.7.3.9.7...
.6.6.6789012.432.6.0123456.87654.432...678.456...876.0123456...2.8.0.456...654.6.8.4.4.012.0.0.210.8901234.6.654.4.45678.012.678.098.210.654.
.7.5.......3.....5.......7.............5.9.3.7.....5.......7...1.9.9...7.....3.7.7.5.3...3.9.1.....7.......7...3.5.3...9.9.....9...........3.
.8.432.876.45678.4.432.098.89012345678.4.012.890...4.65432.890.0.0.8.098.89012.8.6.6.2.654.8.2.23456.87654.89012.6.210.0.87654.012.890.012.2.
.9...1.9.5.....9.3.5.1.1...7.........9.3.......1...3.7...1...1.9.1.7.1...7.....9.5.7.1.7...7.3.1.....9...3.......7...9.1.....3...3.7.1.9.3.1.
.0.890.0.4.876.0.2.6.0.23456...6543210.2.21098.234.2.890.0.432.8.2.6.2...654.210.4.8.098...654.09876.0.012.210...890.8.234.012...456.2.8.4.0.
.1.7...1.3.9.5.1.1.7.9.........7.......1.3...7...5.1...1.9.5...7.3.5.3.....3.3...3.9...............5.1.9...3.9.....1.7...5.9.........3.7.5.9.
.2.65432.210.432.098.8.876.654.8.4567890.456.654.6.0.432.8.6...654.4.456.012.4...2.01234...890.678.432.87654.876.432.654.678.876.210.456.678.
.3...................7.9.5.7.3.9.3.........7...3.7.9.5...7.7.......3...7.9...5...1.....5...7.1.5.9.............5.5.....3.....9.5.3.9.........
.4.012345678.4567890.6.0.4.8.2.012.210.432.8...2.8.876.456.8901234.21098.8.876.890.09876.456.234.012345678901234.6789012.210.0.4.4.8.876.654.
.5.9.......9.3.....1.5.1.3.9.1.....3.9.5.1.9...1.9.....3.........5.......7.9...7...1.....3...............................3.9.1.3.5.7.9.5.7.3.
.6.8.6543210.2.098.2.432.210.0987654.876.0.012.0.012...21098.09876...23456.012.65432.234.2.6543210.43210987654...876.654.4.8.2.2.6.6.0.4.8.2.
.7.7.7.......1.1.7.3.....................9...3.9...3.......7.1.......1.......3.......1.5.1.7.....9.5.........3...9.5.7.3.5.7.3.1.7.5.1.3.9.1.
.8.6.8901234.0.2.654.234.0123456.890.678.87654.87654.234...6.2345678.0.432.654...234.0.6.098.012.876.890.89012.210.4.8.2.6.654.098.432.2.0.0.
.9.5.......5.9.3.....1.5.9.....7.7.1.5.9.............1.5...5.......9.9.5.1.7.....1.5.9.7.....9.3.....7.1.7.....3...3.9.1.7.............1.1.9.
.0.43210...678.4567890.678.21098.6.234.01234.012.890.0.678.4.6543210.876.098...890.678.890...8.4.23456.2.654...456.210.098.01234.4567890.2.8.
.1.....9...................3.....5.........5.9.3.7.1.9...9.3.7.................7.........1...7.5.1.....3...3.....7.........9...5.3.......3.7.
.2.012.8.2109876543210987654.01234.432109876.8.456.2.8.210.2.8.45678.89012.890.65432.654.23456.6.09876.4.012.21098.678.678.876.6.210987654.6.
.3.9.3.7.3...................9.....5.........7.....3.7.3...1.9.3...9.7...3.7.1.....1.7.3.......7.....5.5.9...3.....5.9.5.9...5.7...........5.
.4.8.456.4.012.89012.890.012.8.654.67890123456.210.456.456.0.012.210.654.456.234...098.2.87654.8901234.678.654.....4.0.4.01234.890.678.01234.
.5.7.....5.9.3.7...3.7.1.9.3.7.7.3.............3.9.......7.9.....3.....3.......5.......1.9...3.............7.......3.1.3.........1.5.9.9.....
.6.654...678.456...456.2.8.456.8.2.654.6543210.4.8.4321098.8.87654.890.2109876.6.4567890.012.210.654.4321098.......2.2.210987654.234.0.87654.
.7...3.................3.7.....9.1.7.3.7.....9.5.7.5.......7.9.....7.1.......5.7.3.........3...9.7.3.5.............1.3.........3.....1.....3.
.89012.6543210...0987654.6.43210.098.2.89012.876.6.6789012.6.0123456.2.8901234.8.21098.210.4.678.8.2.6.............0.4.456.456.21098.2.89012.
.......7.....9...1.......5.5.........1.....3.....5.......3.5.........3.7.......9.....7.3.9.5.5...9.1.7...............5.3.7.3.7.....7.3.7.....
.21098.89012.876.2345678.4.678901234.0.432.456...4.0987654.43210987654.6543210.0123456.4.876.43210.098...............6.2.8.2.890.456.456.876.
.3...7.....3...5.......9.3.........5.9.5.1...7...3.1.........................9.........5.............................7.1.9.1...1.3.......9.5.
.456.6.098.456.432.876.012.432109876.876.098.890.2.234.234...67890.456.012...876.654.876.............................890.0.098.2.2.6543210.4.
...7.5.1.7...7...1.9.5.....5...............7...1.1...5.1.5...5...1.3.7.9.3.....5.7.3.9...................................1...7.3.1.7.......3.
.098.432.6.098.890.0.432...678901234567890.65432.09876.0.6.234.432.2.8.8.4.012.4.8.210...................................23456.4.098.234.012.
.1.......5.1...7...1...1.................1.............9.7.1...5...1.9.7.5.9.3.3.9.............................................5.....1.5.9...
.2345678.432.456...234.0.654.09876543210.23456.678...678.890.876...0.0.6.678.4.210.....................................876.098.6.234.0.6.8...
.......9.....3.......5.9.7.3.1.........9.....7.5.9...5.......9.....9.1.5.....5.........................................9.5.1.7.7.1.5.9.7.7...
.6543210.678.2...432.6.8.8.2.234567890.8.21098.4.01234.6543210...678.2.4.876.678...............456.....................0.432.6.890.678.8.654.
.7.......5.9.1...5.1.7.7.9.1.........1.7.3.....3.......7.........5...3.3.9.5...9...............3.......................1.....5.........9...3.
.8.8901234.0.09876.098.6.0.0.432...432.654.89012.4321098.234.012.432.4.210.432.0...............210.4321098...098.210...2.01234.65432.210.012.
.9.7.......1...........5.1.9.5.1...5.......7.....5.......1.5.9.3...1.5.......1.1.................9.5.....7...1.7.3.9...3.9.....7...1.3...9...
.0.6.8765432.012.23456.432.876.09876.678...6.09876...67890.678.4.890.678.234.0.234...........678.876.678.65432.654.87654.87654.8.890.45678...
.1.5.9.......9.3.1...7...............5.9...5.1.......5.........5.7.....9.1.5.9...5...........5.9.....5.9.....................3.9.7...........
.2.4.012.012.8.4.0.098.234.45678901234.01234.2345678.4.432109876.65432.0.0.6.876.6...........4.0.678.4.01234567890123456789012.0.6.654.876...
.3.3...3.9.3.7.5.9.1...1.5.3.......................9.3.5.............1.1.9.7...5.7...........3.1.5.9.3.........................1.5.7.3.9.5...
.4.2.654.8.456.678.234.0.6.2.654321098.210.210.432.012.6789012.234.890.2.8.8.234.890.678.456.2.2.4.012.6543210987654321098765432.4.8.210.432.
.5.1.7...7...........5.9.7.1.7.......7.3.9.3.9.5.1...........3.1.5.7...3.7.9.1.....1.5.9.3.7.1.3.3.....7.........................3.9.......1.
.6.0.890.6...0987654.678.890.890.012.654.8.4.876.098765432.654.0.6.654.456.0.0.432.234.012.890.4.210.098.678901234.012.890.67890.210.012.890.
.7.9...1.5...1.....3...........1.9.3.....7.5.............1.7...9.7...3.....1.9.5.1.............5...9.1...5.......5.9.3.7.1.5...1.....9.3.7...
.8.8...234.432.234.21098765432.2.8.45678.6.678.23456.234.098.678.8...21098.2.876.0987654321098.678.8.2...43210...678.456.234...2.45678.456...
.9.7.......5...1.5...........1.3.7.....9.5...9.1...7.1.5.....5...9.......7.3.................7...9.7.3.......9.................3.3...........
.0.6.65432.67890.6.0123456.890.456.43210.43210.098.890.6.890.4.210.45678.6.456.678...012.23456.210.654.45678.8765432109876.654.4.21098765432.
.1.5.7...1.......7.9.....7.7.......5.............7.....7.7.1.3.3...3...9.5...7.5.9...9.3.1.....3.......3...9.............5.7.3.5...........1.
.234.890.0.432.098.8.654.8.6.654.876.678...678...6.21098.6.2.2.456.210.0.4.098.4.012.8.4.09876.456.012.210.012345678901234.8.2.678.456.234.0.
.......1.9.5.1.1...7.7.3.9.5.7.3.9...5.9...5.9...5.3.....5.3.1...7...9.1.3.1...3...3.7.5.....5...7.9.3...9.................9.1...9.3.7.1.5.9.
.8765432.876.0.23456.8.210.4.8.2.01234.01234.01234.456...4.4.0.098.678.2.2.2...210.456.6.678.4.098.8.456.8.2109876543210.210.098.012.890.678.
.9...........9.......9.....3.9.1.....................7...3.5.9.1...5...3.1.3.....9.....7.5.9.3.1...7...7.7.3...........9.3.....7.............
.01234.01234.876543210.456.210.09876543210987654321098.012.678.2.234.654.0.45678.876.098.4.012.2...654.8.654.89012345678.4.23456.210.432.654.
.....5.9...5...........3.7.............................9.......3.1...7...9.....9...5.1...3.....3.....3.9.....7...........5.1.....3.9.5.1.7.3.
.432.678...678.2345678.2.890.678.2345678.234.890.67890.8765432.4.098.8.678.43210.234.234.21098.456.012.0.23456.0987654.876.0987654.876.098.2.
.5.1.........9.1.....9.1...1.5.9.1.....9.1.5.7.1.5...1.......1.5...7.9.5...5.....1.....5.....7...7.9...1.1.....1.....3.9...................1.
.6.09876543210.0.43210.098.234.0.0.43210.0.6.6.2.4.432.678...0.6...6.0.4.876.678.098.876.012.654.8.876.2.0.432.234.012.0.89012345678901234.0.
.7.............9.5.......7.....1.9.5.....9.7.5.3.3.5...5.9...9.7...5.1.3.9...5.9...7.9...9.3...3.9...5.3.9.5.1...5.9...1.7...............5.9.
.8.45678.89012.8.6.456.456.65432.8.678.678.8.4.4.2.678.4.012.8.8.234.2.2.012.4.0.456.012.8.456.2.012.4.4.876.09876.876.2.6.654321098.210.678.
.9.3...9.7...3.7.7.3.7.3...7.....7...9.5...9.3.5.1...9.3...3.7.9.1...3.1...3.3.1.3.....3.7...7.1...3.3.5.............5.3.5.7.......7.3.9.....
.012.210.6...456.8.2.8.210.8.234.6.210.432.012.6.098.012.654.6.0.098.4.0.654.2.2.210.654.654.890.654.2.6.678.67890.234.4.4.8.23456.654.87654.
.....3...5.......9.1.9...9.9.1.5.5.3.....1.....7...7.....7...5.1...7.5.9.7...1.3...9.7.....3.....7...1.7.5.9.5...1.1...5.3.9.1...7.........3.
.87654.234.09876.0.0.012.8.0.0.6.4.4.890.09876.8.456.098.890.4.2.456.678.890.0.45678.89012.210...8.890.8.4.0.432.2.09876.210.098.890.6789012.
.9.....1...1...5.1.9...3.7.1.9.7.3.5.7.1.....5.9.3...1.7...1.3.3.3.........1.9...........3...9...9.7...9.3.1...1.3.............7...1.5.......
.0.678.098.234.432.876.456.2.8.8.2.6.6.234.234.012.432.65432.2.4.21098.65432.87654321098.4.678.210.654.012.2.890.456.2345678.456...234.87654.
.1.5.9...7...5.......5.....3.7.9.1.7.5...5.1.......5.........1.5.....7.7...............7.5.5...3.....3.....3.7.....7.1.....9.3.........9...3.
.234.0.456.876.456.234.87654.6.0.0.8.4.876.0.432...67890.67890.6.012.6.8.89012.6789012.6.6.432.4.89012...654.654...8.09876.012.654.876.0.012.
.....1.3...9...3.7.1...9.....5.1.9.9.3.9...9.5.1.......1.5.....7.9.3.5.9.7...3.5.....3.5.7...1.5.7.......7.....3...9.....5.....7.3.9.5.1.9...
.65432.2.210.012.890.210.678.4.2.8.012.012.876.098.098.234.21098.8.4.4.0.6.654.43210.4.4.890.0.6.6.4321098.456.2.210.456.4321098.210.432.876.
.7.....1.3...9.......3...5.9.3.3.7.......3.......7.1.7.....3.....7.5.3.1.5.7.......9.5.3...1.9.7.5.5.......3.7.1.3...3.7...................5.
.89012.0.456.87654.654.234.012.456.0987654.678.456.2.6.654.456.456.6.2.234.890.45678.6.210.2.8.8.4.678.890.2.890.456.2.890.89012345678901234.
.....3.9...7.....3.7...1...........1.......5.9.3...3.5.7.3...7.3...7.1.......1.3.....7...9.3.7.9.3...9.7.1.1.......7.1...1.7.................
.87654.8.098.456.2.890.0.098765432.234.678.4.0.2.654.4.8.21098.210.890.8765432.21098.890.8.456.012...0.6.2.09876.098.0.432.654321098765432...
.9.....7.1...3.7.1...1.9.1.......1...5.5.9.3.1.1.7...3.9.........9.....9...........7...1.7...........1.5.3.....5.1...9.5.................1...
.0123456.2.012.890...2.8.2345678.09876.4.012.2.0.890.210.2345678.87654.0.678.456.456...2.654.098765432.4.456.234.2.678.6.012.01234.01234.098.
.........3.9.........3.7.......9.......3.....3.9...1.....1.....9.....3.1.5.9.3.7.3.....3...3.1.........3...7.1...3.5...7.9.3.9...5.9...5...7.
.210987654.876543210.456...654.01234.012.87654.8...23456.0.432.01234.2.2.4.012.8.21098.456.2.234.890.012.098.098.4.4.098.8.4.8...678...678.6.
.3.................9.......7.3.....5.9...9.....7.......7.9.5.1.....5.1.3.3.....9.....7...7.1...5.7.1.9...1.....7.5.3.1...7.5.7...........9.5.
.45678.45678.890.678.876.098.2109876.8.210.23456.876...8.876.0...876.0.4.2.43210.456.6...890.876.6.2.8.432.012.6.6.2.23456.6.6543210.432.0.4.
.....9.3...9.7.1.5...9.5.1...........7.3...1.....9.5...9.....9...9...9.5.1.5.....3.7.5.......9...5.3.7.5...9.3.5.7.1.......7.......9.5.1.1.3.
.43210.210.0.6.234.210.432.890.890.456.4.890.43210.43210.678.8.210.678.6.0.678.012.8.4321098.012.4.456.678.8.4.4.890.4321098.67890.876.0.2.2.
.5.......9.1.5.....3.......7.1.7.1.3...5.7...5...........5.9.7.3...5...7.9...9.9...9.......7...3.3.......9.7.5.3.....5.......5...1.....9.3.1.
.678.45678.234.87654.89012.6.2.6.2.2.876.6.876.01234.234.4.0.6.4.234.098.8...0.8...012.23456...4.21098...0.6.6.2.432.6.678.234...23456.8.4.0.
...9.3.........9.....7...3.5.3.5.3.1.9...5.9...9...5.1.5.3.1.5.5.1...1...7...1.7.....3.1.......5.....7...1.5.7.1.5.1.7.5.9.1.........7.7.5.9.
...012...876...0123456.654.4.4.4.4.0.0.234.012.8.876.0.6.2.234.6.098.23456.432.65432.4.0.43210.678.456.432.4.890.6.098.4.0.098765432.8.6.678.
.........9.5...........7...3.5.3.5.9.1.1.....3.7.9...9.7.1.....7...7.......5.......1.5.9.5...9...9.3...5...3.....7.....3.1.........1.9.5.....
...6543210.432109876.098.012.6.2.678.2.0.87654.6.012.8.8.098...8.456...210.678.67890.6.876.678.210.210.678.21098.8.456.2.2.234567890.0.43210.
...7...............5.1...9...7.1.....3.9.9.....5...3.7.9...7...9.3.....3.9...9.5.....7.....5...3.....9...9.....7.9.3.7.1.3.1.........1.....9.
.098.234.456.67890.432.678...890.87654.8.0.01234...4.6.0.456.210.210.654.8...0.4.876.8901234...4.678.8.210.23456.012.890.4.09876.098.2345678.
.1...1.5.3.7.5...1.....5.........9.....7.1.9.......5.5.1.3...3.....9.7...7...1.3.9.5...........5.5.9.7.3...1.............5.....5.1.7.........
.234.0.6.2.8.4.432.234.432.6543210.890.6.2.8.2109876.4.2.210.4.012.8.890.65432.210.43210.2109876.4.0.6.456.09876.432109876.890.432.654321098.
...5.9.7.1.9.3.5...1.5...1.7.......7.1.5.3.7.3.......3.3...9.5.9.3.7...1...............9.3.......3.1.5...7.....5.5.........7.1.............7.
...678.890.012.67890.67890.890123456.234.456.456789012.45678.678.456...23456789012345678.456789012.234...8901234.67890123456.234567890123456.
.............................................................................................................................................
1197
