[44, 47, 48, 49, 48]
[3, 1, 1, -1]
[64, 66, 68, 69, 71, 72, 72]
[2, 2, 1, 2, 1, 0]
[21, 22, 25, 26, 28, 30, 31, 35]
[1, 3, 1, 2, 2, 1, 4]
[41, 43, 44, 46, 47, 50, 57]
[2, 1, 2, 1, 3, 7]
[32, 35, 36, 35, 38, 40, 43, 44]
[3, 1, -1, 3, 2, 3, 1]
[95, 97, 99, 97, 94]
[2, 2, -2, -3]
[63, 66, 65, 67, 69, 69]
[3, -1, 2, 2, 0]
[42, 44, 41, 43, 45, 47, 48, 52]
[2, -3, 2, 2, 2, 1, 4]
[69, 71, 72, 71, 76]
[2, 1, -1, 5]
[77, 78, 78, 80, 82, 84]
[1, 0, 2, 2, 2]
[27, 29, 31, 34, 35, 36, 36, 33]
[2, 2, 3, 1, 1, 0, -3]
[16, 17, 17, 18, 21, 22, 22]
[1, 0, 1, 3, 1, 0]
[88, 89, 91, 91, 92, 94, 98]
[1, 2, 0, 1, 2, 4]
[66, 69, 70, 70, 73, 79]
[3, 1, 0, 3, 6]
[26, 29, 31, 32, 34, 38, 39, 42]
[3, 2, 1, 2, 4, 1, 3]
[10, 13, 16, 20, 17]
[3, 3, 4, -3]
[85, 86, 90, 91, 92, 92]
[1, 4, 1, 1, 0]
[47, 48, 50, 54, 58]
[1, 2, 4, 4]
[64, 65, 67, 71, 73, 76, 83]
[1, 2, 4, 2, 3, 7]
[88, 90, 96, 97, 98, 99]
[2, 6, 1, 1, 1]
[73, 76, 81, 84, 86, 87, 85]
[3, 5, 3, 2, 1, -2]
[53, 55, 58, 61, 67, 68, 69, 69]
[2, 3, 3, 6, 1, 1, 0]
[63, 65, 68, 74, 75, 79]
[2, 3, 6, 1, 4]
[48, 49, 55, 58, 61, 67]
[1, 6, 3, 3, 6]
[47, 44, 47, 49, 52, 53]
[-3, 3, 2, 3, 1]
[37, 36, 37, 39, 36]
[-1, 1, 2, -3]
[27, 24, 27, 30, 30]
[-3, 3, 3, 0]
[86, 83, 84, 85, 87, 89, 91, 95]
[-3, 1, 1, 2, 2, 2, 4]
[8, 7, 8, 9, 15]
[-1, 1, 1, 6]
[20, 18, 21, 22, 24, 22, 23]
[-2, 3, 1, 2, -2, 1]
[96, 95, 96, 95, 97, 96]
[-1, 1, -1, 2, -1]
[20, 17, 19, 20, 21, 18, 19, 19]
[-3, 2, 1, 1, -3, 1, 0]
[79, 76, 74, 75, 79]
[-3, -2, 1, 4]
[89, 88, 91, 88, 90, 96]
[-1, 3, -3, 2, 6]
[70, 69, 69, 72, 75]
[-1, 0, 3, 3]
[4, 3, 3, 5, 3]
[-1, 0, 2, -2]
[90, 87, 90, 93, 96, 96, 99, 99]
[-3, 3, 3, 3, 0, 3, 0]
[48, 46, 49, 49, 53]
[-2, 3, 0, 4]
[69, 67, 67, 70, 77]
[-2, 0, 3, 7]
[24, 22, 23, 27, 28, 29, 32, 35]
[-2, 1, 4, 1, 1, 3, 3]
[21, 19, 22, 25, 29, 30, 33, 32]
[-2, 3, 3, 4, 1, 3, -1]
[72, 70, 71, 72, 75, 78, 82, 82]
[-2, 1, 1, 3, 3, 4, 0]
[24, 22, 24, 27, 31, 32, 36]
[-2, 2, 3, 4, 1, 4]
[73, 71, 72, 73, 77, 82]
[-2, 1, 1, 4, 5]
[18, 15, 17, 19, 26, 27, 28, 29]
[-3, 2, 2, 7, 1, 1, 1]
[63, 61, 67, 69, 67]
[-2, 6, 2, -2]
[62, 59, 61, 63, 66, 68, 74, 74]
[-3, 2, 2, 3, 2, 6, 0]
[14, 11, 13, 20, 21, 22, 26]
[-3, 2, 7, 1, 1, 4]
[73, 71, 72, 73, 78, 79, 85]
[-2, 1, 1, 5, 1, 6]
[32, 32, 33, 36, 38, 40]
[0, 1, 3, 2, 2]
[79, 79, 82, 85, 88, 85]
[0, 3, 3, 3, -3]
[75, 75, 77, 78, 80, 83, 83]
[0, 2, 1, 2, 3, 0]
[29, 29, 31, 34, 37, 40, 43, 47]
[0, 2, 3, 3, 3, 3, 4]
[81, 81, 83, 84, 87, 89, 90, 96]
[0, 2, 1, 3, 2, 1, 6]
[15, 15, 18, 17, 18]
[0, 3, -1, 1]
[78, 78, 80, 82, 84, 81, 83, 81]
[0, 2, 2, 2, -3, 2, -2]
[20, 20, 23, 25, 22, 23, 24, 24]
[0, 3, 2, -3, 1, 1, 0]
[92, 92, 90, 92, 93, 97]
[0, -2, 2, 1, 4]
[79, 79, 76, 79, 81, 82, 87]
[0, -3, 3, 2, 1, 5]
[55, 55, 58, 59, 59, 62]
[0, 3, 1, 0, 3]
[91, 91, 93, 93, 95, 96, 99, 96]
[0, 2, 0, 2, 1, 3, -3]
[32, 32, 34, 37, 37, 37]
[0, 2, 3, 0, 0]
[22, 22, 22, 24, 26, 29, 31, 35]
[0, 0, 2, 2, 3, 2, 4]
[58, 58, 58, 61, 68]
[0, 0, 3, 7]
[40, 40, 42, 44, 48, 49]
[0, 2, 2, 4, 1]
[50, 50, 53, 57, 58, 57]
[0, 3, 4, 1, -1]
[49, 49, 51, 52, 56, 59, 59]
[0, 2, 1, 4, 3, 0]
[51, 51, 54, 55, 58, 60, 64, 68]
[0, 3, 1, 3, 2, 4, 4]
[29, 29, 30, 32, 36, 42]
[0, 1, 2, 4, 6]
[5, 5, 6, 13, 14]
[0, 1, 7, 1]
[41, 41, 46, 49, 52, 50]
[0, 5, 3, 3, -2]
[1, 1, 6, 7, 8, 8]
[0, 5, 1, 1, 0]
[29, 29, 34, 36, 40]
[0, 5, 2, 4]
[65, 65, 68, 73, 74, 75, 78, 84]
[0, 3, 5, 1, 1, 3, 6]
[60, 64, 65, 68, 71, 72]
[4, 1, 3, 3, 1]
[38, 42, 44, 47, 48, 49, 47]
[4, 2, 3, 1, 1, -2]
[16, 20, 21, 23, 26, 28, 28]
[4, 1, 2, 3, 2, 0]
[38, 42, 44, 47, 50, 52, 56]
[4, 2, 3, 3, 2, 4]
[81, 85, 87, 88, 89, 95]
[4, 2, 1, 1, 6]
[4, 8, 7, 9, 12, 15]
[4, -1, 2, 3, 3]
[89, 93, 95, 96, 95, 97, 98, 96]
[4, 2, 1, -1, 2, 1, -2]
[50, 54, 56, 57, 55, 55]
[4, 2, 1, -2, 0]
[76, 80, 82, 79, 82, 83, 87]
[4, 2, -3, 3, 1, 4]
[50, 54, 56, 53, 59]
[4, 2, -3, 6]
[59, 63, 63, 65, 68, 71, 72, 74]
[4, 0, 2, 3, 3, 1, 2]
[22, 26, 27, 27, 24]
[4, 1, 0, -3]
[54, 58, 61, 63, 65, 68, 68, 68]
[4, 3, 2, 2, 3, 0, 0]
[81, 85, 86, 86, 90]
[4, 1, 0, 4]
[85, 89, 90, 90, 91, 98]
[4, 1, 0, 1, 7]
[11, 15, 19, 21, 24]
[4, 4, 2, 3]
[30, 34, 36, 40, 39]
[4, 2, 4, -1]
[39, 43, 47, 49, 52, 52]
[4, 4, 2, 3, 0]
[33, 37, 41, 43, 46, 50]
[4, 4, 2, 3, 4]
[24, 28, 31, 32, 36, 41]
[4, 3, 1, 4, 5]
[43, 47, 49, 56, 57, 59]
[4, 2, 7, 1, 2]
[70, 74, 77, 79, 85, 84]
[4, 3, 2, 6, -1]
[24, 28, 34, 35, 35]
[4, 6, 1, 0]
[18, 22, 24, 30, 34]
[4, 2, 6, 4]
[58, 62, 63, 68, 69, 76]
[4, 1, 5, 1, 7]
[76, 81, 82, 83, 84]
[5, 1, 1, 1]
[5, 10, 13, 14, 17, 16]
[5, 3, 1, 3, -1]
[62, 69, 72, 74, 74]
[7, 3, 2, 0]
[66, 73, 76, 79, 80, 81, 85]
[7, 3, 3, 1, 1, 4]
[57, 64, 65, 66, 69, 70, 73, 80]
[7, 1, 1, 3, 1, 3, 7]
[3, 8, 5, 6, 9, 12, 13, 16]
[5, -3, 1, 3, 3, 1, 3]
[43, 48, 49, 47, 50, 53, 55, 54]
[5, 1, -2, 3, 3, 2, -1]
[31, 38, 37, 38, 40, 41, 44, 44]
[7, -1, 1, 2, 1, 3, 0]
[71, 78, 77, 79, 82, 85, 87, 91]
[7, -1, 2, 3, 3, 2, 4]
[26, 32, 29, 30, 33, 36, 43]
[6, -3, 1, 3, 3, 7]
[53, 58, 60, 63, 63, 65, 66, 69]
[5, 2, 3, 0, 2, 1, 3]
[33, 38, 41, 44, 44, 42]
[5, 3, 3, 0, -2]
[74, 81, 81, 84, 85, 85]
[7, 0, 3, 1, 0]
[42, 47, 47, 50, 53, 55, 59]
[5, 0, 3, 3, 2, 4]
[48, 53, 53, 54, 55, 57, 63]
[5, 0, 1, 1, 2, 6]
[67, 73, 77, 78, 81]
[6, 4, 1, 3]
[21, 28, 30, 34, 36, 37, 38, 35]
[7, 2, 4, 2, 1, 1, -3]
[77, 84, 86, 87, 89, 93, 94, 94]
[7, 2, 1, 2, 4, 1, 0]
[45, 50, 53, 56, 60, 64]
[5, 3, 3, 4, 4]
[81, 86, 88, 92, 94, 99]
[5, 2, 4, 2, 5]
[6, 13, 15, 16, 18, 23, 26, 28]
[7, 2, 1, 2, 5, 3, 2]
[61, 67, 74, 76, 79, 78]
[6, 7, 2, 3, -1]
[59, 65, 68, 70, 76, 79, 79]
[6, 3, 2, 6, 3, 0]
[6, 11, 13, 20, 24]
[5, 2, 7, 4]
[21, 26, 32, 33, 34, 36, 38, 43]
[5, 6, 1, 1, 2, 2, 5]
[82, 80, 78, 77, 74, 71, 68, 69]
[-2, -2, -1, -3, -3, -3, 1]
[70, 67, 64, 62, 62]
[-3, -3, -2, 0]
[93, 92, 90, 88, 87, 83]
[-1, -2, -2, -1, -4]
[68, 67, 65, 64, 61, 59, 56, 51]
[-1, -2, -1, -3, -2, -3, -5]
[13, 10, 9, 10, 7]
[-3, -1, 1, -3]
[71, 70, 69, 68, 66, 65, 68, 69]
[-1, -1, -1, -2, -1, 3, 1]
[41, 38, 35, 34, 36, 36]
[-3, -3, -1, 2, 0]
[40, 37, 36, 33, 36, 34, 32, 28]
[-3, -1, -3, 3, -2, -2, -4]
[29, 28, 27, 28, 21]
[-1, -1, 1, -7]
[85, 83, 81, 81, 78, 76]
[-2, -2, 0, -3, -2]
[38, 36, 33, 32, 32, 34]
[-2, -3, -1, 0, 2]
[83, 80, 80, 79, 79]
[-3, 0, -1, 0]
[71, 69, 69, 67, 63]
[-2, 0, -2, -4]
[44, 41, 38, 36, 36, 35, 29]
[-3, -3, -2, 0, -1, -6]
[96, 94, 90, 88, 87, 85]
[-2, -4, -2, -1, -2]
[61, 60, 59, 56, 55, 51, 52]
[-1, -1, -3, -1, -4, 1]
[27, 25, 22, 18, 18]
[-2, -3, -4, 0]
[91, 88, 85, 81, 80, 76]
[-3, -3, -4, -1, -4]
[33, 31, 27, 26, 25, 22, 17]
[-2, -4, -1, -1, -3, -5]
[20, 17, 12, 11, 10, 7]
[-3, -5, -1, -1, -3]
[21, 20, 18, 17, 10, 13]
[-1, -2, -1, -7, 3]
[77, 74, 73, 68, 67, 67]
[-3, -1, -5, -1, 0]
[49, 47, 44, 41, 39, 37, 32, 28]
[-2, -3, -3, -2, -2, -5, -4]
[23, 22, 19, 14, 11, 10, 5]
[-1, -3, -5, -3, -1, -5]
[44, 47, 45, 42, 39, 36, 33]
[3, -2, -3, -3, -3, -3]
[54, 57, 56, 54, 53, 56]
[3, -1, -2, -1, 3]
[36, 38, 35, 33, 33]
[2, -3, -2, 0]
[69, 71, 69, 68, 65, 63, 59]
[2, -2, -1, -3, -2, -4]
[78, 80, 78, 75, 68]
[2, -2, -3, -7]
[83, 86, 83, 81, 80, 78, 81, 79]
[3, -3, -2, -1, -2, 3, -2]
[85, 87, 88, 86, 87]
[2, 1, -2, 1]
[35, 36, 33, 30, 27, 25, 26, 26]
[1, -3, -3, -3, -2, 1, 0]
[65, 68, 66, 68, 65, 61]
[3, -2, 2, -3, -4]
[46, 47, 49, 48, 43]
[1, 2, -1, -5]
[25, 27, 24, 24, 23, 22]
[2, -3, 0, -1, -1]
[4, 7, 7, 6, 7]
[3, 0, -1, 1]
[64, 66, 66, 64, 64]
[2, 0, -2, 0]
[60, 62, 60, 60, 57, 53]
[2, -2, 0, -3, -4]
[54, 57, 57, 55, 48]
[3, 0, -2, -7]
[29, 32, 28, 27, 24]
[3, -4, -1, -3]
[14, 16, 15, 11, 10, 9, 12]
[2, -1, -4, -1, -1, 3]
[49, 51, 50, 46, 46]
[2, -1, -4, 0]
[33, 36, 35, 34, 32, 30, 26, 22]
[3, -1, -1, -2, -2, -4, -4]
[56, 57, 54, 51, 47, 46, 45, 40]
[1, -3, -3, -4, -1, -1, -5]
[96, 98, 95, 89, 87]
[2, -3, -6, -2]
[51, 53, 50, 48, 43, 46]
[2, -3, -2, -5, 3]
[69, 70, 65, 64, 63, 61, 61]
[1, -5, -1, -1, -2, 0]
[39, 42, 41, 39, 34, 33, 29]
[3, -1, -2, -5, -1, -4]
[81, 84, 78, 75, 70]
[3, -6, -3, -5]
[99, 99, 97, 96, 93, 92, 89]
[0, -2, -1, -3, -1, -3]
[61, 61, 60, 59, 58, 61]
[0, -1, -1, -1, 3]
[57, 57, 54, 51, 51]
[0, -3, -3, 0]
[21, 21, 18, 15, 11]
[0, -3, -3, -4]
[50, 50, 47, 45, 42, 39, 34]
[0, -3, -2, -3, -3, -5]
[99, 99, 98, 96, 97, 95, 94]
[0, -1, -2, 1, -2, -1]
[57, 57, 54, 52, 54, 55]
[0, -3, -2, 2, 1]
[23, 23, 21, 24, 21, 21]
[0, -2, 3, -3, 0]
[55, 55, 52, 54, 51, 47]
[0, -3, 2, -3, -4]
[64, 64, 66, 63, 61, 60, 59, 54]
[0, 2, -3, -2, -1, -1, -5]
[34, 34, 32, 32, 29, 27]
[0, -2, 0, -3, -2]
[76, 76, 76, 75, 73, 76]
[0, 0, -1, -2, 3]
[93, 93, 90, 90, 87, 84, 82, 82]
[0, -3, 0, -3, -3, -2, 0]
[78, 78, 78, 76, 72]
[0, 0, -2, -4]
[40, 40, 39, 36, 33, 33, 31, 24]
[0, -1, -3, -3, 0, -2, -7]
[81, 81, 78, 77, 74, 73, 69, 67]
[0, -3, -1, -3, -1, -4, -2]
[47, 47, 43, 41, 44]
[0, -4, -2, 3]
[27, 27, 23, 21, 18, 18]
[0, -4, -2, -3, 0]
[70, 70, 68, 65, 63, 59, 56, 52]
[0, -2, -3, -2, -4, -3, -4]
[36, 36, 32, 31, 26]
[0, -4, -1, -5]
[49, 49, 44, 43, 41, 38, 37, 36]
[0, -5, -1, -2, -3, -1, -1]
[67, 67, 66, 59, 57, 58]
[0, -1, -7, -2, 1]
[76, 76, 74, 68, 66, 66]
[0, -2, -6, -2, 0]
[61, 61, 54, 51, 47]
[0, -7, -3, -4]
[43, 43, 40, 37, 31, 25]
[0, -3, -3, -6, -6]
[68, 64, 62, 61, 60, 57, 56]
[-4, -2, -1, -1, -3, -1]
[57, 53, 50, 48, 45, 42, 43]
[-4, -3, -2, -3, -3, 1]
[36, 32, 31, 28, 25, 22, 20, 20]
[-4, -1, -3, -3, -3, -2, 0]
[92, 88, 87, 84, 82, 78]
[-4, -1, -3, -2, -4]
[62, 58, 56, 54, 51, 46]
[-4, -2, -2, -3, -5]
[79, 75, 74, 73, 75, 73, 71, 69]
[-4, -1, -1, 2, -2, -2, -2]
[76, 72, 75, 72, 71, 68, 70]
[-4, 3, -3, -1, -3, 2]
[54, 50, 51, 49, 47, 44, 41, 41]
[-4, 1, -2, -2, -3, -3, 0]
[61, 57, 58, 57, 53]
[-4, 1, -1, -4]
[29, 25, 24, 27, 24, 21, 14]
[-4, -1, 3, -3, -3, -7]
[17, 13, 10, 7, 5, 5, 4, 2]
[-4, -3, -3, -2, 0, -1, -2]
[31, 27, 27, 25, 22, 24]
[-4, 0, -2, -3, 2]
[60, 56, 56, 53, 52, 50, 50]
[-4, 0, -3, -1, -2, 0]
[63, 59, 57, 57, 53]
[-4, -2, 0, -4]
[80, 76, 76, 74, 72, 66]
[-4, 0, -2, -2, -6]
[48, 44, 41, 37, 34, 31, 30]
[-4, -3, -4, -3, -3, -1]
[41, 37, 36, 33, 29, 26, 23, 25]
[-4, -1, -3, -4, -3, -3, 2]
[12, 8, 4, 3, 3]
[-4, -4, -1, 0]
[86, 82, 80, 78, 76, 72, 70, 66]
[-4, -2, -2, -2, -4, -2, -4]
[38, 34, 32, 29, 28, 25, 21, 16]
[-4, -2, -3, -1, -3, -4, -5]
[24, 20, 17, 15, 10, 7, 6, 5]
[-4, -3, -2, -5, -3, -1, -1]
[38, 34, 29, 27, 24, 21, 20, 22]
[-4, -5, -2, -3, -3, -1, 2]
[84, 80, 78, 72, 69, 66, 65, 65]
[-4, -2, -6, -3, -3, -1, 0]
[30, 26, 23, 16, 14, 13, 9]
[-4, -3, -7, -2, -1, -4]
[82, 78, 77, 70, 68, 66, 60]
[-4, -1, -7, -2, -2, -6]
[94, 88, 85, 82, 79, 76, 73, 71]
[-6, -3, -3, -3, -3, -3, -2]
[33, 26, 24, 23, 22, 21, 23]
[-7, -2, -1, -1, -1, 2]
[54, 47, 44, 43, 43]
[-7, -3, -1, 0]
[27, 22, 19, 18, 16, 12]
[-5, -3, -1, -2, -4]
[98, 92, 91, 89, 88, 81]
[-6, -1, -2, -1, -7]
[63, 57, 60, 59, 58, 56, 55, 53]
[-6, 3, -1, -1, -2, -1, -2]
[58, 52, 55, 52, 50, 48, 51]
[-6, 3, -3, -2, -2, 3]
[18, 13, 10, 9, 6, 8, 8]
[-5, -3, -1, -3, 2, 0]
[17, 11, 10, 12, 8]
[-6, -1, 2, -4]
[40, 33, 30, 27, 24, 25, 20]
[-7, -3, -3, -3, 1, -5]
[85, 79, 77, 74, 73, 73, 70, 67]
[-6, -2, -3, -1, 0, -3, -3]
[52, 46, 45, 45, 44, 41, 39, 42]
[-6, -1, 0, -1, -3, -2, 3]
[24, 19, 16, 16, 16]
[-5, -3, 0, 0]
[71, 65, 65, 63, 62, 59, 58, 54]
[-6, 0, -2, -1, -3, -1, -4]
[44, 38, 38, 35, 30]
[-6, 0, -3, -5]
[62, 55, 51, 49, 48, 47, 44]
[-7, -4, -2, -1, -1, -3]
[80, 73, 70, 68, 66, 62, 60, 63]
[-7, -3, -2, -2, -4, -2, 3]
[59, 54, 50, 47, 45, 45]
[-5, -4, -3, -2, 0]
[49, 43, 40, 38, 34, 33, 29]
[-6, -3, -2, -4, -1, -4]
[47, 40, 39, 38, 37, 33, 27]
[-7, -1, -1, -1, -4, -6]
[69, 63, 62, 59, 56, 49, 48, 46]
[-6, -1, -3, -3, -7, -1, -2]
[89, 84, 77, 74, 77]
[-5, -7, -3, 3]
[68, 61, 56, 53, 50, 50]
[-7, -5, -3, -3, 0]
[31, 26, 20, 18, 14]
[-5, -6, -2, -4]
[72, 67, 64, 59, 57, 52]
[-5, -3, -5, -2, -5]
[68, 69, 72, 73, 75, 77, 78, 76]
[1, 3, 1, 2, 2, 1, -2]
[86, 88, 91, 93, 93]
[2, 3, 2, 0]
[8, 11, 12, 14, 15, 19]
[3, 1, 2, 1, 4]
[5, 7, 8, 11, 14, 15, 16, 22]
[2, 1, 3, 3, 1, 1, 6]
[78, 81, 80, 83, 85, 86, 88, 89]
[3, -1, 3, 2, 1, 2, 1]
[37, 40, 42, 39, 42, 43, 40]
[3, 2, -3, 3, 1, -3]
[83, 86, 84, 85, 86, 88, 89, 89]
[3, -2, 1, 1, 2, 1, 0]
[86, 87, 89, 88, 91, 94, 98]
[1, 2, -1, 3, 3, 4]
[33, 34, 33, 35, 42]
[1, -1, 2, 7]
[44, 47, 47, 48, 49]
[3, 0, 1, 1]
[47, 48, 48, 49, 48]
[1, 0, 1, -1]
[72, 74, 77, 80, 80, 82, 82]
[2, 3, 3, 0, 2, 0]
[24, 26, 29, 32, 32, 35, 39]
[2, 3, 3, 0, 3, 4]
[52, 55, 57, 57, 59, 61, 68]
[3, 2, 0, 2, 2, 7]
[69, 72, 73, 76, 80, 83, 84, 86]
[3, 1, 3, 4, 3, 1, 2]
[71, 74, 75, 79, 76]
[3, 1, 4, -3]
[8, 10, 13, 14, 16, 20, 20]
[2, 3, 1, 2, 4, 0]
[1, 4, 6, 10, 14]
[3, 2, 4, 4]
[66, 69, 72, 73, 77, 80, 86]
[3, 3, 1, 4, 3, 6]
[27, 28, 33, 36, 37]
[1, 5, 3, 1]
[22, 25, 28, 30, 32, 34, 39, 37]
[3, 3, 2, 2, 2, 5, -2]
[66, 68, 69, 71, 77, 77]
[2, 1, 2, 6, 0]
[73, 75, 78, 80, 87, 91]
[2, 3, 2, 7, 4]
[55, 57, 59, 62, 64, 69, 74]
[2, 2, 3, 2, 5, 5]
[27, 25, 28, 31, 32, 35]
[-2, 3, 3, 1, 3]
[24, 23, 26, 28, 29, 32, 30]
[-1, 3, 2, 1, 3, -2]
[80, 78, 80, 81, 83, 84, 85, 85]
[-2, 2, 1, 2, 1, 1, 0]
[69, 66, 69, 71, 75]
[-3, 3, 2, 4]
[79, 77, 78, 81, 82, 83, 88]
[-2, 1, 3, 1, 1, 5]
[79, 76, 79, 80, 77, 79]
[-3, 3, 1, -3, 2]
[14, 13, 14, 12, 15, 18, 15]
[-1, 1, -2, 3, 3, -3]
[14, 12, 14, 15, 14, 14]
[-2, 2, 1, -1, 0]
[65, 64, 63, 65, 68, 71, 75]
[-1, -1, 2, 3, 3, 4]
[34, 31, 33, 31, 36]
[-3, 2, -2, 5]
[36, 35, 37, 37, 38, 40]
[-1, 2, 0, 1, 2]
[43, 41, 41, 44, 46, 49, 51, 48]
[-2, 0, 3, 2, 3, 2, -3]
[45, 42, 45, 47, 47, 50, 50]
[-3, 3, 2, 0, 3, 0]
[61, 59, 60, 60, 64]
[-2, 1, 0, 4]
[4, 3, 5, 6, 8, 10, 10, 16]
[-1, 2, 1, 2, 2, 0, 6]
[58, 55, 56, 59, 61, 62, 66, 68]
[-3, 1, 3, 2, 1, 4, 2]
[89, 88, 89, 93, 95, 94]
[-1, 1, 4, 2, -1]
[76, 75, 78, 79, 83, 85, 85]
[-1, 3, 1, 4, 2, 0]
[76, 73, 76, 78, 81, 85, 86, 90]
[-3, 3, 2, 3, 4, 1, 4]
[2, 1, 5, 7, 9, 14]
[-1, 4, 2, 2, 5]
[76, 73, 74, 77, 82, 83, 84]
[-3, 1, 3, 5, 1, 1]
[63, 62, 63, 70, 67]
[-1, 1, 7, -3]
[14, 13, 18, 21, 22, 25, 25]
[-1, 5, 3, 1, 3, 0]
[66, 63, 65, 66, 72, 75, 79]
[-3, 2, 1, 6, 3, 4]
[24, 22, 25, 26, 33, 39]
[-2, 3, 1, 7, 6]
[12, 12, 14, 16, 18, 20]
[0, 2, 2, 2, 2]
[84, 84, 85, 88, 89, 92, 94, 91]
[0, 1, 3, 1, 3, 2, -3]
[87, 87, 89, 91, 91]
[0, 2, 2, 0]
[32, 32, 35, 37, 39, 41, 42, 46]
[0, 3, 2, 2, 2, 1, 4]
[90, 90, 91, 92, 99]
[0, 1, 1, 7]
[65, 65, 62, 65, 66]
[0, -3, 3, 1]
[60, 60, 62, 65, 64, 67, 66]
[0, 2, 3, -1, 3, -1]
[3, 3, 6, 7, 6, 6]
[0, 3, 1, -1, 0]
[23, 23, 24, 25, 24, 27, 31]
[0, 1, 1, -1, 3, 4]
[39, 39, 37, 39, 42, 49]
[0, -2, 2, 3, 7]
[61, 61, 64, 66, 68, 68, 71]
[0, 3, 2, 2, 0, 3]
[12, 12, 14, 14, 17, 19, 16]
[0, 2, 0, 3, 2, -3]
[80, 80, 81, 81, 81]
[0, 1, 0, 0]
[67, 67, 67, 68, 69, 71, 75]
[0, 0, 1, 1, 2, 4]
[36, 36, 37, 39, 41, 44, 44, 50]
[0, 1, 2, 2, 3, 0, 6]
[36, 36, 38, 40, 44, 45, 48, 50]
[0, 2, 2, 4, 1, 3, 2]
[51, 51, 53, 57, 55]
[0, 2, 4, -2]
[46, 46, 49, 53, 56, 56]
[0, 3, 4, 3, 0]
[67, 67, 71, 73, 77]
[0, 4, 2, 4]
[57, 57, 61, 64, 65, 70]
[0, 4, 3, 1, 5]
[49, 49, 50, 52, 55, 58, 64, 65]
[0, 1, 2, 3, 3, 6, 1]
[44, 44, 46, 48, 49, 52, 57, 55]
[0, 2, 2, 1, 3, 5, -2]
[48, 48, 51, 53, 58, 58]
[0, 3, 2, 5, 0]
[1, 1, 3, 9, 12, 16]
[0, 2, 6, 3, 4]
[48, 48, 50, 52, 58, 59, 62, 69]
[0, 2, 2, 6, 1, 3, 7]
[16, 20, 22, 24, 25, 26, 29]
[4, 2, 2, 1, 1, 3]
[68, 72, 73, 76, 77, 79, 80, 78]
[4, 1, 3, 1, 2, 1, -2]
[9, 13, 15, 18, 19, 20, 20]
[4, 2, 3, 1, 1, 0]
[76, 80, 81, 82, 83, 85, 89]
[4, 1, 1, 1, 2, 4]
[9, 13, 15, 16, 22]
[4, 2, 1, 6]
[75, 79, 80, 77, 79, 82, 84]
[4, 1, -3, 2, 3, 2]
[47, 51, 52, 54, 52, 49]
[4, 1, 2, -2, -3]
[93, 97, 95, 96, 96]
[4, -2, 1, 0]
[18, 22, 24, 27, 30, 28, 32]
[4, 2, 3, 3, -2, 4]
[82, 86, 84, 87, 89, 91, 98]
[4, -2, 3, 2, 2, 7]
[89, 93, 96, 96, 99]
[4, 3, 0, 3]
[44, 48, 49, 49, 50, 48]
[4, 1, 0, 1, -2]
[13, 17, 18, 18, 18]
[4, 1, 0, 0]
[2, 6, 8, 8, 9, 13]
[4, 2, 0, 1, 4]
[27, 31, 31, 34, 37, 38, 45]
[4, 0, 3, 3, 1, 7]
[78, 82, 85, 89, 92]
[4, 3, 4, 3]
[57, 61, 63, 67, 64]
[4, 2, 4, -3]
[4, 8, 9, 13, 16, 19, 19]
[4, 1, 4, 3, 3, 0]
[29, 33, 37, 40, 41, 43, 45, 49]
[4, 4, 3, 1, 2, 2, 4]
[59, 63, 67, 68, 70, 71, 77]
[4, 4, 1, 2, 1, 6]
[52, 56, 57, 59, 62, 68, 71, 73]
[4, 1, 2, 3, 6, 3, 2]
[44, 48, 54, 56, 53]
[4, 6, 2, -3]
[43, 47, 54, 57, 60, 60]
[4, 7, 3, 3, 0]
[10, 14, 16, 19, 25, 26, 30]
[4, 2, 3, 6, 1, 4]
[38, 42, 48, 50, 53, 56, 62]
[4, 6, 2, 3, 3, 6]
[46, 53, 56, 57, 58, 61, 64, 66]
[7, 3, 1, 1, 3, 3, 2]
[70, 77, 78, 80, 81, 83, 85, 84]
[7, 1, 2, 1, 2, 2, -1]
[59, 66, 69, 72, 75, 75]
[7, 3, 3, 3, 0]
[10, 16, 17, 19, 21, 23, 26, 30]
[6, 1, 2, 2, 2, 3, 4]
[67, 72, 74, 76, 79, 80, 86]
[5, 2, 2, 3, 1, 6]
[60, 65, 67, 70, 67, 68]
[5, 2, 3, -3, 1]
[46, 51, 54, 52, 53, 56, 58, 55]
[5, 3, -2, 1, 3, 2, -3]
[22, 28, 30, 33, 35, 32, 34, 34]
[6, 2, 3, 2, -3, 2, 0]
[22, 28, 25, 28, 30, 32, 36]
[6, -3, 3, 2, 2, 4]
[58, 65, 67, 66, 73]
[7, 2, -1, 7]
[71, 78, 79, 82, 82, 83]
[7, 1, 3, 0, 1]
[2, 7, 8, 8, 5]
[5, 1, 0, -3]
[57, 63, 66, 66, 67, 67]
[6, 3, 0, 1, 0]
[70, 75, 77, 79, 79, 80, 84]
[5, 2, 2, 0, 1, 4]
[57, 62, 62, 65, 70]
[5, 0, 3, 5]
[19, 26, 29, 32, 36, 38, 41]
[7, 3, 3, 4, 2, 3]
[61, 66, 68, 69, 71, 73, 77, 75]
[5, 2, 1, 2, 2, 4, -2]
[62, 68, 72, 73, 75, 78, 78]
[6, 4, 1, 2, 3, 0]
[64, 70, 72, 73, 75, 78, 82, 86]
[6, 2, 1, 2, 3, 4, 4]
[67, 72, 75, 79, 84]
[5, 3, 4, 5]
[10, 15, 16, 22, 24, 25]
[5, 1, 6, 2, 1]
[27, 32, 38, 40, 43, 40]
[5, 6, 2, 3, -3]
[37, 42, 44, 47, 53, 53]
[5, 2, 3, 6, 0]
[4, 10, 15, 18, 22]
[6, 5, 3, 4]
[20, 25, 28, 31, 37, 44]
[5, 3, 3, 6, 7]
[69, 68, 67, 65, 64, 65]
[-1, -1, -2, -1, 1]
[45, 42, 41, 40, 40]
[-3, -1, -1, 0]
[83, 80, 79, 78, 76, 72]
[-3, -1, -1, -2, -4]
[74, 72, 69, 67, 66, 63, 57]
[-2, -3, -2, -1, -3, -6]
[87, 86, 83, 81, 79, 80, 77, 74]
[-1, -3, -2, -2, 1, -3, -3]
[88, 86, 84, 86, 84, 83, 85]
[-2, -2, 2, -2, -1, 2]
[57, 54, 55, 53, 52, 50, 49, 49]
[-3, 1, -2, -1, -2, -1, 0]
[14, 13, 11, 12, 8]
[-1, -2, 1, -4]
[59, 58, 59, 57, 51]
[-1, 1, -2, -6]
[25, 23, 22, 21, 21, 19, 17]
[-2, -1, -1, 0, -2, -2]
[42, 39, 37, 37, 34, 36]
[-3, -2, 0, -3, 2]
[63, 61, 58, 58, 58]
[-2, -3, 0, 0]
[46, 45, 44, 42, 42, 38]
[-1, -1, -2, 0, -4]
[54, 51, 50, 49, 49, 48, 47, 41]
[-3, -1, -1, 0, -1, -1, -6]
[74, 72, 71, 67, 64, 63, 62]
[-2, -1, -4, -3, -1, -1]
[74, 72, 71, 69, 67, 63, 64]
[-2, -1, -2, -2, -4, 1]
[44, 41, 37, 35, 32, 32]
[-3, -4, -2, -3, 0]
[80, 78, 74, 71, 69, 65]
[-2, -4, -3, -2, -4]
[46, 43, 42, 39, 35, 29]
[-3, -1, -3, -4, -6]
[26, 25, 22, 16, 13, 10]
[-1, -3, -6, -3, -3]
[30, 27, 20, 18, 15, 12, 13]
[-3, -7, -2, -3, -3, 1]
[68, 67, 66, 59, 57, 55, 55]
[-1, -1, -7, -2, -2, 0]
[34, 32, 31, 30, 29, 23, 19]
[-2, -1, -1, -1, -6, -4]
[55, 53, 51, 46, 45, 38]
[-2, -2, -5, -1, -7]
[61, 64, 63, 61, 58, 55, 52]
[3, -1, -2, -3, -3, -3]
[66, 68, 67, 65, 64, 67]
[2, -1, -2, -1, 3]
[23, 25, 23, 20, 17, 16, 16]
[2, -2, -3, -3, -1, 0]
[43, 44, 41, 38, 36, 33, 32, 28]
[1, -3, -3, -2, -3, -1, -4]
[49, 51, 50, 47, 45, 38]
[2, -1, -3, -2, -7]
[79, 82, 79, 78, 81, 80, 77, 76]
[3, -3, -1, 3, -1, -3, -1]
[20, 21, 18, 20, 18, 17, 19]
[1, -3, 2, -2, -1, 2]
[88, 89, 87, 90, 87, 84, 82, 82]
[1, -2, 3, -3, -3, -2, 0]
[63, 65, 66, 65, 61]
[2, 1, -1, -4]
[65, 66, 69, 66, 63, 57]
[1, 3, -3, -3, -6]
[62, 64, 63, 63, 61, 59, 56]
[2, -1, 0, -2, -2, -3]
[97, 99, 96, 93, 93, 92, 94]
[2, -3, -3, 0, -1, 2]
[24, 27, 26, 26, 26]
[3, -1, 0, 0]
[23, 25, 24, 23, 22, 22, 18]
[2, -1, -1, -1, 0, -4]
[59, 61, 61, 59, 52]
[2, 0, -2, -7]
[11, 12, 8, 5, 2]
[1, -4, -3, -3]
[69, 72, 71, 69, 65, 62, 63]
[3, -1, -2, -4, -3, 1]
[62, 65, 62, 61, 58, 54, 54]
[3, -3, -1, -3, -4, 0]
[86, 88, 87, 83, 82, 78]
[2, -1, -4, -1, -4]
[29, 30, 28, 27, 23, 18]
[1, -2, -1, -4, -5]
[95, 97, 96, 90, 88]
[2, -1, -6, -2]
[61, 62, 59, 58, 56, 53, 46, 49]
[1, -3, -1, -2, -3, -7, 3]
[66, 69, 66, 60, 60]
[3, -3, -6, 0]
[47, 50, 48, 41, 38, 36, 34, 30]
[3, -2, -7, -3, -2, -2, -4]
[72, 73, 66, 65, 62, 56]
[1, -7, -1, -3, -6]
[78, 78, 75, 74, 73, 71]
[0, -3, -1, -1, -2]
[75, 75, 72, 69, 66, 65, 64, 65]
[0, -3, -3, -3, -1, -1, 1]
[12, 12, 10, 7, 6, 5, 5]
[0, -2, -3, -1, -1, 0]
[81, 81, 78, 77, 76, 74, 70]
[0, -3, -1, -1, -2, -4]
[96, 96, 93, 92, 89, 84]
[0, -3, -1, -3, -5]
[71, 71, 72, 69, 66]
[0, 1, -3, -3]
[69, 69, 67, 64, 67, 68]
[0, -2, -3, 3, 1]
[2, 2, 1, 4, 2, 2]
[0, -1, 3, -2, 0]
[49, 49, 47, 50, 47, 43]
[0, -2, 3, -3, -4]
[75, 75, 78, 76, 73, 72, 66]
[0, 3, -2, -3, -1, -6]
[42, 42, 40, 37, 34, 32, 32, 29]
[0, -2, -3, -3, -2, 0, -3]
[58, 58, 58, 55, 58]
[0, 0, -3, 3]
[51, 51, 49, 46, 44, 44, 42, 42]
[0, -2, -3, -2, 0, -2, 0]
[26, 26, 26, 25, 21]
[0, 0, -1, -4]
[25, 25, 25, 23, 21, 19, 17, 12]
[0, 0, -2, -2, -2, -2, -5]
[85, 85, 84, 83, 79, 77, 74]
[0, -1, -1, -4, -2, -3]
[61, 61, 59, 55, 53, 56]
[0, -2, -4, -2, 3]
[97, 97, 95, 92, 90, 86, 86]
[0, -2, -3, -2, -4, 0]
[96, 96, 95, 92, 90, 86, 82]
[0, -1, -3, -2, -4, -4]
[80, 80, 79, 75, 70]
[0, -1, -4, -5]
[93, 93, 90, 87, 82, 79, 77]
[0, -3, -3, -5, -3, -2]
[64, 64, 59, 56, 58]
[0, -5, -3, 2]
[19, 19, 17, 14, 7, 6, 5, 5]
[0, -2, -3, -7, -1, -1, 0]
[26, 26, 25, 23, 20, 15, 12, 8]
[0, -1, -2, -3, -5, -3, -4]
[33, 33, 26, 24, 22, 16]
[0, -7, -2, -2, -6]
[26, 22, 19, 16, 15, 14]
[-4, -3, -3, -1, -1]
[40, 36, 34, 33, 32, 34]
[-4, -2, -1, -1, 2]
[17, 13, 10, 8, 7, 7]
[-4, -3, -2, -1, 0]
[74, 70, 68, 66, 65, 62, 61, 57]
[-4, -2, -2, -1, -3, -1, -4]
[95, 91, 90, 88, 85, 79]
[-4, -1, -2, -3, -6]
[26, 22, 19, 17, 15, 14, 16, 15]
[-4, -3, -2, -2, -1, 2, -1]
[49, 45, 42, 45, 48]
[-4, -3, 3, 3]
[82, 78, 76, 75, 77, 74, 71, 71]
[-4, -2, -1, 2, -3, -3, 0]
[40, 36, 33, 31, 28, 31, 30, 26]
[-4, -3, -2, -3, 3, -1, -4]
[21, 17, 14, 16, 14, 11, 6]
[-4, -3, 2, -2, -3, -5]
[92, 88, 87, 87, 85]
[-4, -1, 0, -2]
[37, 33, 31, 31, 32]
[-4, -2, 0, 1]
[48, 44, 41, 40, 39, 36, 36, 36]
[-4, -3, -1, -1, -3, 0, 0]
[52, 48, 46, 44, 43, 41, 41, 37]
[-4, -2, -2, -1, -2, 0, -4]
[17, 13, 13, 11, 8, 3]
[-4, 0, -2, -3, -5]
[58, 54, 50, 47, 44]
[-4, -4, -3, -3]
[87, 83, 81, 80, 78, 77, 73, 74]
[-4, -2, -1, -2, -1, -4, 1]
[72, 68, 67, 63, 61, 60, 59, 59]
[-4, -1, -4, -2, -1, -1, 0]
[61, 57, 54, 50, 46]
[-4, -3, -4, -4]
[27, 23, 20, 18, 14, 11, 5]
[-4, -3, -2, -4, -3, -6]
[49, 45, 43, 36, 35, 32]
[-4, -2, -7, -1, -3]
[44, 40, 37, 34, 27, 25, 23, 25]
[-4, -3, -3, -7, -2, -2, 2]
[98, 94, 87, 86, 85, 85]
[-4, -7, -1, -1, 0]
[43, 39, 32, 29, 26, 24, 20]
[-4, -7, -3, -3, -2, -4]
[43, 39, 38, 32, 27]
[-4, -1, -6, -5]
[17, 12, 9, 8, 5, 3]
[-5, -3, -1, -3, -2]
[33, 27, 24, 23, 22, 20, 23]
[-6, -3, -1, -1, -2, 3]
[56, 50, 48, 47, 44, 42, 42]
[-6, -2, -1, -3, -2, 0]
[26, 21, 20, 19, 16, 13, 9]
[-5, -1, -1, -3, -3, -4]
[54, 47, 46, 44, 38]
[-7, -1, -2, -6]
[76, 70, 68, 67, 66, 64, 65, 64]
[-6, -2, -1, -1, -2, 1, -1]
[91, 86, 84, 82, 84, 83, 85]
[-5, -2, -2, 2, -1, 2]
[64, 57, 54, 52, 49, 52, 52]
[-7, -3, -2, -3, 3, 0]
[75, 69, 68, 67, 70, 67, 66, 62]
[-6, -1, -1, 3, -3, -1, -4]
[14, 7, 9, 7, 1]
[-7, 2, -2, -6]
[44, 37, 34, 34, 33, 30]
[-7, -3, 0, -1, -3]
[73, 67, 64, 62, 62, 59, 56, 58]
[-6, -3, -2, 0, -3, -3, 2]
[43, 36, 36, 34, 34]
[-7, 0, -2, 0]
[72, 66, 64, 62, 62, 60, 56]
[-6, -2, -2, 0, -2, -4]
[96, 91, 90, 90, 88, 86, 85, 79]
[-5, -1, 0, -2, -2, -1, -6]
[70, 63, 60, 59, 57, 53, 51, 48]
[-7, -3, -1, -2, -4, -2, -3]
[71, 66, 62, 60, 63]
[-5, -4, -2, 3]
[84, 79, 75, 72, 71, 68, 68]
[-5, -4, -3, -1, -3, 0]
[23, 18, 14, 13, 11, 9, 6, 2]
[-5, -4, -1, -2, -2, -3, -4]
[70, 64, 60, 58, 55, 52, 51, 45]
[-6, -4, -2, -3, -3, -1, -6]
[43, 36, 33, 32, 29, 22, 19, 18]
[-7, -3, -1, -3, -7, -3, -1]
[70, 63, 58, 55, 54, 51, 48, 51]
[-7, -5, -3, -1, -3, -3, 3]
[28, 22, 20, 17, 11, 10, 10]
[-6, -2, -3, -6, -1, 0]
[34, 29, 27, 26, 19, 15]
[-5, -2, -1, -7, -4]
[58, 51, 44, 41, 34]
[-7, -7, -3, -7]
[89, 89, 92, 89, 90, 91, 94, 94]
[0, 3, -3, 1, 1, 3, 0]
[77, 83, 84, 87, 89, 90, 92, 92]
[6, 1, 3, 2, 1, 2, 0]
[51, 51, 54, 55, 62, 60]
[0, 3, 1, 7, -2]
[72, 70, 66, 63, 61, 54]
[-2, -4, -3, -2, -7]
[94, 92, 90, 83, 81, 78, 81]
[-2, -2, -7, -2, -3, 3]
[89, 93, 94, 94, 99]
[4, 1, 0, 5]
[78, 79, 84, 86, 88, 89]
[1, 5, 2, 2, 1]
[40, 42, 35, 32, 28]
[2, -7, -3, -4]
[61, 61, 58, 55, 48, 45, 43, 43]
[0, -3, -3, -7, -3, -2, 0]
[53, 54, 51, 54, 52, 54]
[1, -3, 3, -2, 2]
[23, 26, 24, 22, 21, 24, 23, 22]
[3, -2, -2, -1, 3, -1, -1]
[62, 66, 68, 70, 74, 78]
[4, 2, 2, 4, 4]
[76, 73, 72, 68, 65, 64, 64]
[-3, -1, -4, -3, -1, 0]
[41, 38, 36, 35, 29, 28, 25, 20]
[-3, -2, -1, -6, -1, -3, -5]
[5, 11, 12, 13, 14, 20, 22, 26]
[6, 1, 1, 1, 6, 2, 4]
[65, 61, 60, 58, 54, 52, 49]
[-4, -1, -2, -4, -2, -3]
[83, 78, 77, 73, 70, 66]
[-5, -1, -4, -3, -4]
[98, 97, 91, 88, 86, 86]
[-1, -6, -3, -2, 0]
[37, 44, 46, 48, 52, 54, 57, 58]
[7, 2, 2, 4, 2, 3, 1]
[1, 7, 8, 11, 13, 14, 17, 15]
[6, 1, 3, 2, 1, 3, -2]
[57, 53, 49, 48, 42]
[-4, -4, -1, -6]
[28, 28, 34, 35, 39]
[0, 6, 1, 4]
[68, 70, 72, 70, 72, 79]
[2, 2, -2, 2, 7]
[30, 32, 35, 39, 42]
[2, 3, 4, 3]
[59, 63, 65, 68, 71, 74, 73, 75]
[4, 2, 3, 3, 3, -1, 2]
[60, 64, 67, 70, 72, 74, 78, 78]
[4, 3, 3, 2, 2, 4, 0]
[94, 91, 89, 88, 86, 83, 80, 80]
[-3, -2, -1, -2, -3, -3, 0]
[26, 23, 23, 26, 29, 33]
[-3, 0, 3, 3, 4]
[6, 10, 12, 15, 17, 23]
[4, 2, 3, 2, 6]
[13, 10, 11, 12, 12, 14]
[-3, 1, 1, 0, 2]
[8, 6, 6, 7, 6]
[-2, 0, 1, -1]
[9, 6, 8, 11, 13, 12, 13, 13]
[-3, 2, 3, 2, -1, 1, 0]
[60, 58, 60, 58, 65]
[-2, 2, -2, 7]
[54, 54, 53, 50, 48, 43, 38]
[0, -1, -3, -2, -5, -5]
[48, 47, 45, 43, 40, 39, 35]
[-1, -2, -2, -3, -1, -4]
[9, 5, 4, 3, 3, 2, 3]
[-4, -1, -1, 0, -1, 1]
[60, 61, 59, 57, 55, 58]
[1, -2, -2, -2, 3]
[40, 40, 43, 42, 40, 36]
[0, 3, -1, -2, -4]
[16, 13, 12, 8, 6, 5, 1]
[-3, -1, -4, -2, -1, -4]
[43, 47, 48, 52, 58]
[4, 1, 4, 6]
[26, 27, 26, 26, 20]
[1, -1, 0, -6]
[10, 13, 13, 10, 8, 6, 3, 5]
[3, 0, -3, -2, -2, -3, 2]
[9, 4, 2, 5, 1]
[-5, -2, 3, -4]
[60, 66, 68, 70, 67, 67]
[6, 2, 2, -3, 0]
[98, 94, 92, 89, 87, 85, 81]
[-4, -2, -3, -2, -2, -4]
[54, 57, 54, 53, 54, 50]
[3, -3, -1, 1, -4]
[68, 68, 65, 66, 69, 72, 75]
[0, -3, 1, 3, 3, 3]
[43, 43, 40, 38, 37, 36, 29, 25]
[0, -3, -2, -1, -1, -7, -4]
[44, 44, 47, 51, 51]
[0, 3, 4, 0]
[8, 11, 10, 7, 6, 8, 2]
[3, -1, -3, -1, 2, -6]
[78, 75, 76, 74, 75]
[-3, 1, -2, 1]
[18, 17, 13, 12, 10]
[-1, -4, -1, -2]
[32, 28, 27, 26, 19]
[-4, -1, -1, -7]
[63, 63, 61, 60, 60, 58, 57]
[0, -2, -1, 0, -2, -1]
[31, 34, 32, 30, 28, 27, 24, 22]
[3, -2, -2, -2, -1, -3, -2]
[25, 21, 18, 11, 11]
[-4, -3, -7, 0]
[39, 42, 41, 37, 34, 36]
[3, -1, -4, -3, 2]
[51, 51, 49, 52, 51, 44]
[0, -2, 3, -1, -7]
[81, 85, 85, 88, 90, 87]
[4, 0, 3, 2, -3]
[93, 90, 92, 90, 89, 87, 84, 81]
[-3, 2, -2, -1, -2, -3, -3]
[48, 54, 55, 55, 56, 59]
[6, 1, 0, 1, 3]
[24, 21, 22, 25, 25, 27, 27]
[-3, 1, 3, 0, 2, 0]
[73, 73, 70, 67, 66, 65, 65]
[0, -3, -3, -1, -1, 0]
[4, 11, 12, 18, 20, 18]
[7, 1, 6, 2, -2]
[77, 72, 65, 63, 59]
[-5, -7, -2, -4]
[97, 97, 93, 90, 89, 88, 86, 80]
[0, -4, -3, -1, -1, -2, -6]
[50, 53, 54, 56, 60]
[3, 1, 2, 4]
[62, 69, 70, 70, 77]
[7, 1, 0, 7]
[9, 13, 16, 17, 24, 26, 27, 31]
[4, 3, 1, 7, 2, 1, 4]
[68, 72, 73, 74, 74]
[4, 1, 1, 0]
[58, 58, 61, 58, 62]
[0, 3, -3, 4]
[63, 64, 62, 62, 62]
[1, -2, 0, 0]
[80, 77, 74, 72, 70]
[-3, -3, -2, -2]
[97, 95, 94, 92, 90, 87, 85]
[-2, -1, -2, -2, -3, -2]
[2, 4, 5, 7, 8, 10]
[2, 1, 2, 1, 2]
[49, 50, 53, 55, 56, 59, 60, 61]
[1, 3, 2, 1, 3, 1, 1]
[27, 29, 30, 32, 34, 36]
[2, 1, 2, 2, 2]
[79, 78, 75, 73, 72, 70, 67, 64]
[-1, -3, -2, -1, -2, -3, -3]
[20, 23, 24, 27, 28, 29]
[3, 1, 3, 1, 1]
[41, 44, 45, 48, 51, 52, 55]
[3, 1, 3, 3, 1, 3]
[90, 87, 85, 84, 81, 78, 77]
[-3, -2, -1, -3, -3, -1]
[13, 14, 15, 17, 20]
[1, 1, 2, 3]
[51, 54, 56, 57, 59, 60]
[3, 2, 1, 2, 1]
[40, 42, 45, 46, 48, 50, 52, 55]
[2, 3, 1, 2, 2, 2, 3]
[55, 52, 51, 48, 47, 46, 44, 42]
[-3, -1, -3, -1, -1, -2, -2]
[51, 53, 54, 56, 58]
[2, 1, 2, 2]
[51, 52, 55, 58, 60, 61, 63, 66]
[1, 3, 3, 2, 1, 2, 3]
[44, 47, 50, 51, 52, 53, 56, 59]
[3, 3, 1, 1, 1, 3, 3]
[71, 73, 75, 76, 77]
[2, 2, 1, 1]
[52, 53, 56, 59, 62]
[1, 3, 3, 3]
[82, 80, 78, 75, 73, 70, 67]
[-2, -2, -3, -2, -3, -3]
[65, 66, 69, 72, 75, 77, 78]
[1, 3, 3, 3, 2, 1]
[74, 73, 71, 68, 67, 64, 63]
[-1, -2, -3, -1, -3, -1]
[79, 82, 83, 84, 86, 89, 91]
[3, 1, 1, 2, 3, 2]
[24, 27, 30, 32, 33]
[3, 3, 2, 1]
[17, 14, 13, 12, 9, 6, 4, 3]
[-3, -1, -1, -3, -3, -2, -1]
[83, 82, 80, 79, 76]
[-1, -2, -1, -3]
[30, 27, 26, 24, 22]
[-3, -1, -2, -2]
[88, 87, 85, 84, 83]
[-1, -2, -1, -1]
[60, 62, 65, 67, 68, 71]
[2, 3, 2, 1, 3]
[9, 11, 13, 16, 19, 20]
[2, 2, 3, 3, 1]
[87, 84, 82, 79, 77]
[-3, -2, -3, -2]
[17, 20, 21, 22, 25, 26]
[3, 1, 1, 3, 1]
[89, 87, 84, 82, 80]
[-2, -3, -2, -2]
[21, 22, 25, 27, 29]
[1, 3, 2, 2]
[83, 84, 85, 86, 88, 89, 92]
[1, 1, 1, 2, 1, 3]
[49, 47, 45, 44, 41]
[-2, -2, -1, -3]
[10, 12, 13, 15, 18, 19]
[2, 1, 2, 3, 1]
[14, 13, 10, 8, 7, 4]
[-1, -3, -2, -1, -3]
[26, 23, 21, 20, 17]
[-3, -2, -1, -3]
[37, 34, 33, 30, 29]
[-3, -1, -3, -1]
[28, 29, 32, 33, 36, 39, 42]
[1, 3, 1, 3, 3, 3]
[31, 29, 27, 26, 25, 23, 21, 18]
[-2, -2, -1, -1, -2, -2, -3]
[90, 88, 87, 85, 83, 80, 78]
[-2, -1, -2, -2, -3, -2]
[20, 17, 16, 15, 12]
[-3, -1, -1, -3]
[26, 23, 22, 19, 16, 14, 11, 8]
[-3, -1, -3, -3, -2, -3, -3]
[23, 24, 25, 27, 30, 32]
[1, 1, 2, 3, 2]
[83, 86, 88, 90, 93]
[3, 2, 2, 3]
[17, 16, 14, 13, 12]
[-1, -2, -1, -1]
[73, 70, 68, 65, 63, 61]
[-3, -2, -3, -2, -2]
[70, 68, 66, 64, 63, 62]
[-2, -2, -2, -1, -1]
[83, 80, 78, 75, 72, 71, 69, 67]
[-3, -2, -3, -3, -1, -2, -2]
[54, 53, 51, 50, 47, 45, 42, 41]
[-1, -2, -1, -3, -2, -3, -1]
[38, 40, 41, 43, 44, 46]
[2, 1, 2, 1, 2]
[90, 87, 84, 82, 81, 79, 76]
[-3, -3, -2, -1, -2, -3]
[26, 28, 29, 30, 31, 32, 34, 37]
[2, 1, 1, 1, 1, 2, 3]
[67, 65, 64, 63, 62, 59, 58]
[-2, -1, -1, -1, -3, -1]
[11, 12, 13, 14, 17, 19, 21, 24]
[1, 1, 1, 3, 2, 2, 3]
[77, 74, 72, 71, 70, 67, 66]
[-3, -2, -1, -1, -3, -1]
[52, 54, 57, 60, 63, 65, 67]
[2, 3, 3, 3, 2, 2]
[15, 16, 17, 20, 21]
[1, 1, 3, 1]
[20, 17, 16, 13, 12, 11]
[-3, -1, -3, -1, -1]
[23, 22, 20, 17, 14, 12]
[-1, -2, -3, -3, -2]
[88, 86, 83, 81, 78]
[-2, -3, -2, -3]
[17, 16, 14, 13, 12, 11, 9]
[-1, -2, -1, -1, -1, -2]
[3, 4, 6, 8, 10, 12]
[1, 2, 2, 2, 2]
[89, 90, 91, 92, 95]
[1, 1, 1, 3]
[28, 30, 31, 33, 36, 39]
[2, 1, 2, 3, 3]
[85, 86, 89, 90, 92, 94]
[1, 3, 1, 2, 2]
[18, 21, 24, 27, 30]
[3, 3, 3, 3]
[90, 88, 85, 83, 80, 79]
[-2, -3, -2, -3, -1]
[18, 21, 24, 27, 29, 32, 35]
[3, 3, 3, 2, 3, 3]
[34, 32, 30, 28, 26, 24, 22, 19]
[-2, -2, -2, -2, -2, -2, -3]
[28, 30, 32, 34, 36]
[2, 2, 2, 2]
[68, 69, 71, 73, 75, 77, 79, 80]
[1, 2, 2, 2, 2, 2, 1]
[69, 70, 73, 74, 76, 78]
[1, 3, 1, 2, 2]
[28, 27, 24, 23, 22]
[-1, -3, -1, -1]
[31, 28, 27, 24, 21]
[-3, -1, -3, -3]
[37, 40, 41, 43, 45]
[3, 1, 2, 2]
[81, 82, 84, 85, 86, 88]
[1, 2, 1, 1, 2]
[17, 14, 12, 11, 8, 6, 3]
[-3, -2, -1, -3, -2, -3]
[86, 84, 83, 81, 80, 79, 76]
[-2, -1, -2, -1, -1, -3]
[38, 35, 34, 32, 31]
[-3, -1, -2, -1]
[6, 4, 3, 2, 1]
[-2, -1, -1, -1]
[44, 46, 49, 51, 53, 55, 57]
[2, 3, 2, 2, 2, 2]
[30, 28, 27, 25, 24, 23, 20, 17]
[-2, -1, -2, -1, -1, -3, -3]
[52, 49, 47, 44, 41]
[-3, -2, -3, -3]
[49, 51, 53, 54, 57, 58]
[2, 2, 1, 3, 1]
[52, 54, 56, 59, 61, 62, 65]
[2, 2, 3, 2, 1, 3]
[71, 70, 67, 64, 61, 60]
[-1, -3, -3, -3, -1]
[34, 37, 38, 41, 44, 45]
[3, 1, 3, 3, 1]
[76, 73, 70, 67, 65, 64]
[-3, -3, -3, -2, -1]
[14, 13, 12, 10, 9, 6]
[-1, -1, -2, -1, -3]
[95, 94, 93, 91, 88, 85, 83]
[-1, -1, -2, -3, -3, -2]
[42, 40, 39, 37, 36, 34, 33, 31]
[-2, -1, -2, -1, -2, -1, -2]
[64, 66, 69, 71, 73]
[2, 3, 2, 2]
[44, 47, 50, 51, 54]
[3, 3, 1, 3]
[56, 57, 58, 60, 62, 64, 66]
[1, 1, 2, 2, 2, 2]
[51, 54, 56, 58, 59, 60, 63]
[3, 2, 2, 1, 1, 3]
[96, 94, 91, 90, 89, 87]
[-2, -3, -1, -1, -2]
[44, 45, 46, 49, 51, 53]
[1, 1, 3, 2, 2]
[80, 81, 84, 87, 89]
[1, 3, 3, 2]
[13, 12, 11, 9, 6, 5]
[-1, -1, -2, -3, -1]
[86, 87, 88, 91, 92, 93, 94]
[1, 1, 3, 1, 1, 1]
[63, 62, 61, 59, 58]
[-1, -1, -2, -1]
[16, 15, 13, 12, 10, 8, 6, 5]
[-1, -2, -1, -2, -2, -2, -1]
[12, 14, 15, 18, 20, 21]
[2, 1, 3, 2, 1]
[41, 43, 45, 48, 51, 53, 56, 59]
[2, 2, 3, 3, 2, 3, 3]
[79, 78, 77, 75, 73, 70]
[-1, -1, -2, -2, -3]
[26, 25, 24, 23, 22, 19, 17]
[-1, -1, -1, -1, -3, -2]
[6, 7, 10, 13, 15, 18, 20]
[1, 3, 3, 2, 3, 2]
[42, 39, 38, 37, 34, 32]
[-3, -1, -1, -3, -2]
[46, 45, 43, 41, 38, 35, 34, 32]
[-1, -2, -2, -3, -3, -1, -2]
[35, 34, 33, 32, 29, 27]
[-1, -1, -1, -3, -2]
[6, 9, 11, 14, 17, 19, 22]
[3, 2, 3, 3, 2, 3]
[85, 88, 90, 91, 93, 96, 97]
[3, 2, 1, 2, 3, 1]
[62, 61, 58, 57, 55, 52]
[-1, -3, -1, -2, -3]
[73, 74, 77, 78, 81, 83, 85, 87]
[1, 3, 1, 3, 2, 2, 2]
[53, 52, 49, 46, 44, 43, 41]
[-1, -3, -3, -2, -1, -2]
[55, 56, 59, 61, 64, 66]
[1, 3, 2, 3, 2]
[95, 94, 92, 90, 88, 86]
[-1, -2, -2, -2, -2]
[82, 81, 79, 77, 76, 75, 73]
[-1, -2, -2, -1, -1, -2]
[38, 35, 32, 31, 28, 26]
[-3, -3, -1, -3, -2]
[35, 33, 31, 30, 28, 26]
[-2, -2, -1, -2, -2]
[76, 77, 78, 80, 83, 85, 87, 90]
[1, 1, 2, 3, 2, 2, 3]
[39, 41, 42, 44, 46, 48, 49, 51]
[2, 1, 2, 2, 2, 1, 2]
[30, 27, 24, 22, 19, 18, 17]
[-3, -3, -2, -3, -1, -1]
[61, 64, 65, 66, 68, 69, 71, 73]
[3, 1, 1, 2, 1, 2, 2]
[73, 72, 71, 68, 67]
[-1, -1, -3, -1]
[18, 20, 22, 24, 25, 28, 31]
[2, 2, 2, 1, 3, 3]
[18, 21, 24, 25, 27, 28, 30]
[3, 3, 1, 2, 1, 2]
[47, 45, 42, 39, 36]
[-2, -3, -3, -3]
[72, 71, 68, 67, 64, 63]
[-1, -3, -1, -3, -1]
[38, 41, 42, 43, 45]
[3, 1, 1, 2]
[54, 55, 58, 60, 63]
[1, 3, 2, 3]
[69, 70, 72, 73, 75, 78]
[1, 2, 1, 2, 3]
[1, 4, 5, 6, 7]
[3, 1, 1, 1]
[31, 30, 27, 24, 22]
[-1, -3, -3, -2]
[50, 48, 45, 44, 43, 42, 41, 38]
[-2, -3, -1, -1, -1, -1, -3]
[45, 43, 42, 40, 39]
[-2, -1, -2, -1]
[3, 4, 7, 8, 9, 12]
[1, 3, 1, 1, 3]
[4, 7, 8, 10, 13, 16, 17]
[3, 1, 2, 3, 3, 1]
[22, 21, 18, 17, 16, 15]
[-1, -3, -1, -1, -1]
[78, 79, 81, 83, 85, 86, 88, 90]
[1, 2, 2, 2, 1, 2, 2]
[51, 50, 49, 47, 44, 43, 41]
[-1, -1, -2, -3, -1, -2]
[67, 68, 70, 72, 73, 76, 77]
[1, 2, 2, 1, 3, 1]
[95, 94, 91, 89, 87, 86, 83, 82]
[-1, -3, -2, -2, -1, -3, -1]
[46, 43, 40, 38, 35, 33, 30, 29]
[-3, -3, -2, -3, -2, -3, -1]
[17, 15, 12, 9, 6, 5]
[-2, -3, -3, -3, -1]
[11, 10, 8, 6, 5, 3, 2, 1]
[-1, -2, -2, -1, -2, -1, -1]
[74, 72, 69, 66, 65, 63]
[-2, -3, -3, -1, -2]
[54, 53, 52, 50, 47]
[-1, -1, -2, -3]
[61, 59, 56, 53, 50, 48, 45, 44]
[-2, -3, -3, -3, -2, -3, -1]
[28, 25, 22, 19, 16, 15, 12, 9]
[-3, -3, -3, -3, -1, -3, -3]
[8, 10, 13, 14, 15, 17, 18, 21]
[2, 3, 1, 1, 2, 1, 3]
[25, 24, 22, 19, 18, 15]
[-1, -2, -3, -1, -3]
[28, 29, 30, 33, 36, 38, 39]
[1, 1, 3, 3, 2, 1]
[60, 63, 65, 66, 69, 70, 71, 72]
[3, 2, 1, 3, 1, 1, 1]
[93, 92, 91, 90, 87, 86, 84]
[-1, -1, -1, -3, -1, -2]
[79, 76, 74, 73, 72, 69, 68]
[-3, -2, -1, -1, -3, -1]
[4, 5, 7, 9, 12, 13, 14, 17]
[1, 2, 2, 3, 1, 1, 3]
[46, 45, 42, 40, 37, 36, 34, 32]
[-1, -3, -2, -3, -1, -2, -2]
[84, 83, 81, 79, 76, 73, 72]
[-1, -2, -2, -3, -3, -1]
[21, 23, 25, 27, 29]
[2, 2, 2, 2]
[99, 96, 95, 94, 93, 91, 90]
[-3, -1, -1, -1, -2, -1]
[76, 79, 81, 84, 86, 89]
[3, 2, 3, 2, 3]
[41, 42, 45, 48, 50, 51, 53]
[1, 3, 3, 2, 1, 2]
[76, 74, 71, 69, 68, 67]
[-2, -3, -2, -1, -1]
[39, 42, 45, 46, 49, 50, 53]
[3, 3, 1, 3, 1, 3]
[55, 57, 59, 60, 62]
[2, 2, 1, 2]
[40, 39, 37, 34, 31, 29]
[-1, -2, -3, -3, -2]
[48, 50, 53, 54, 56]
[2, 3, 1, 2]
[32, 35, 36, 37, 40, 43]
[3, 1, 1, 3, 3]
[29, 32, 33, 34, 35, 38, 41]
[3, 1, 1, 1, 3, 3]
[60, 57, 54, 52, 49]
[-3, -3, -2, -3]
[48, 45, 44, 43, 42, 39, 38]
[-3, -1, -1, -1, -3, -1]
[49, 50, 52, 55, 56, 57, 60]
[1, 2, 3, 1, 1, 3]
[9, 10, 12, 15, 16, 19, 22, 25]
[1, 2, 3, 1, 3, 3, 3]
[79, 77, 75, 73, 71, 68, 67]
[-2, -2, -2, -2, -3, -1]
[74, 73, 72, 71, 70, 68, 66]
[-1, -1, -1, -1, -2, -2]
[97, 94, 92, 91, 89]
[-3, -2, -1, -2]
[95, 93, 92, 91, 88, 85, 83, 80]
[-2, -1, -1, -3, -3, -2, -3]
[1, 4, 7, 9, 11, 12, 15, 18]
[3, 3, 2, 2, 1, 3, 3]
[17, 19, 22, 25, 28]
[2, 3, 3, 3]
[94, 95, 97, 98, 99]
[1, 2, 1, 1]
[28, 29, 31, 32, 34, 35, 36, 37]
[1, 2, 1, 2, 1, 1, 1]
[54, 55, 58, 61, 64, 65]
[1, 3, 3, 3, 1]
[59, 61, 64, 65, 66, 68, 69, 70]
[2, 3, 1, 1, 2, 1, 1]
[51, 53, 54, 57, 59, 60]
[2, 1, 3, 2, 1]
[25, 24, 23, 20, 17]
[-1, -1, -3, -3]
[50, 53, 56, 57, 60, 62, 65, 66]
[3, 3, 1, 3, 2, 3, 1]
[67, 65, 64, 63, 62, 61, 60, 58]
[-2, -1, -1, -1, -1, -1, -2]
[36, 38, 41, 44, 47, 49, 51]
[2, 3, 3, 3, 2, 2]
[64, 61, 60, 59, 57, 54]
[-3, -1, -1, -2, -3]
[93, 92, 90, 87, 85, 83, 82]
[-1, -2, -3, -2, -2, -1]
[74, 76, 77, 79, 81, 83]
[2, 1, 2, 2, 2]
[54, 55, 57, 58, 61]
[1, 2, 1, 3]
[23, 25, 26, 29, 31, 34, 37, 40]
[2, 1, 3, 2, 3, 3, 3]
[79, 76, 75, 72, 71, 69]
[-3, -1, -3, -1, -2]
[16, 19, 20, 21, 24, 26]
[3, 1, 1, 3, 2]
[68, 65, 64, 63, 62, 60, 57, 55]
[-3, -1, -1, -1, -2, -3, -2]
[5, 7, 9, 10, 12, 13]
[2, 2, 1, 2, 1]
[76, 73, 70, 67, 66, 63, 60]
[-3, -3, -3, -1, -3, -3]
[58, 56, 54, 53, 51, 49]
[-2, -2, -1, -2, -2]
[78, 81, 82, 83, 86, 88, 89, 90]
[3, 1, 1, 3, 2, 1, 1]
[46, 45, 42, 40, 38, 37, 35, 32]
[-1, -3, -2, -2, -1, -2, -3]
[57, 55, 53, 52, 49, 47, 44]
[-2, -2, -1, -3, -2, -3]
[8, 10, 13, 14, 16, 17]
[2, 3, 1, 2, 1]
[42, 43, 46, 48, 50]
[1, 3, 2, 2]
[77, 76, 73, 70, 68, 66]
[-1, -3, -3, -2, -2]
[85, 84, 82, 81, 79, 76, 73]
[-1, -2, -1, -2, -3, -3]
[65, 66, 69, 72, 74, 76, 77, 78]
[1, 3, 3, 2, 2, 1, 1]
[49, 48, 45, 43, 42, 40]
[-1, -3, -2, -1, -2]
[34, 37, 39, 40, 41]
[3, 2, 1, 1]
[43, 42, 41, 38, 35, 34]
[-1, -1, -3, -3, -1]
[82, 84, 85, 86, 87]
[2, 1, 1, 1]
[14, 17, 18, 19, 20, 22, 25, 27]
[3, 1, 1, 1, 2, 3, 2]
[71, 74, 76, 78, 79]
[3, 2, 2, 1]
[27, 26, 25, 23, 20, 18]
[-1, -1, -2, -3, -2]
[4, 7, 8, 11, 13, 14, 17]
[3, 1, 3, 2, 1, 3]
[85, 84, 83, 82, 81, 79, 78, 77]
[-1, -1, -1, -1, -2, -1, -1]
[73, 75, 78, 80, 83, 85, 86, 88]
[2, 3, 2, 3, 2, 1, 2]
[50, 49, 47, 44, 43, 41, 39]
[-1, -2, -3, -1, -2, -2]
[83, 82, 80, 79, 76, 75, 73]
[-1, -2, -1, -3, -1, -2]
[32, 33, 36, 37, 39, 41]
[1, 3, 1, 2, 2]
[16, 19, 22, 24, 26, 27]
[3, 3, 2, 2, 1]
[53, 56, 59, 61, 63]
[3, 3, 2, 2]
[16, 13, 12, 9, 6]
[-3, -1, -3, -3]
[97, 94, 92, 89, 87, 84]
[-3, -2, -3, -2, -3]
[99, 96, 93, 90, 87, 86]
[-3, -3, -3, -3, -1]
[23, 25, 26, 29, 31]
[2, 1, 3, 2]
[49, 47, 44, 41, 40, 38, 37, 36]
[-2, -3, -3, -1, -2, -1, -1]
[35, 36, 37, 39, 42]
[1, 1, 2, 3]
[86, 88, 91, 92, 95]
[2, 3, 1, 3]
[34, 32, 30, 29, 27, 26]
[-2, -2, -1, -2, -1]
[46, 49, 50, 51, 52, 54, 57]
[3, 1, 1, 1, 2, 3]
[21, 18, 17, 16, 15, 14]
[-3, -1, -1, -1, -1]
[18, 19, 21, 22, 23]
[1, 2, 1, 1]
[78, 75, 73, 70, 68]
[-3, -2, -3, -2]
[67, 69, 70, 72, 74]
[2, 1, 2, 2]
[64, 62, 61, 58, 55]
[-2, -1, -3, -3]
[36, 34, 32, 29, 26, 24, 21, 19]
[-2, -2, -3, -3, -2, -3, -2]
[56, 59, 60, 63, 66, 69]
[3, 1, 3, 3, 3]
[60, 59, 57, 55, 52, 50]
[-1, -2, -2, -3, -2]
[68, 69, 70, 71, 73, 75]
[1, 1, 1, 2, 2]
[18, 17, 16, 13, 11]
[-1, -1, -3, -2]
[41, 39, 36, 35, 34, 33, 32]
[-2, -3, -1, -1, -1, -1]
[76, 78, 81, 84, 85, 86]
[2, 3, 3, 1, 1]
[51, 53, 56, 59, 62, 63]
[2, 3, 3, 3, 1]
[42, 43, 46, 47, 48, 49, 52, 53]
[1, 3, 1, 1, 1, 3, 1]
[80, 81, 83, 86, 88, 91, 92, 93]
[1, 2, 3, 2, 3, 1, 1]
[98, 96, 95, 93, 90]
[-2, -1, -2, -3]
[72, 70, 67, 66, 64, 63, 61]
[-2, -3, -1, -2, -1, -2]
[56, 59, 62, 64, 66, 67]
[3, 3, 2, 2, 1]
[79, 81, 84, 85, 87, 88]
[2, 3, 1, 2, 1]
[94, 93, 90, 89, 86, 85]
[-1, -3, -1, -3, -1]
[24, 27, 29, 31, 34]
[3, 2, 2, 3]
[95, 94, 91, 88, 85]
[-1, -3, -3, -3]
[19, 21, 24, 27, 30, 33, 36, 38]
[2, 3, 3, 3, 3, 3, 2]
[26, 25, 23, 22, 21]
[-1, -2, -1, -1]
[78, 80, 82, 84, 86, 89, 91, 94]
[2, 2, 2, 2, 3, 2, 3]
[19, 18, 16, 15, 12]
[-1, -2, -1, -3]
[91, 90, 88, 86, 83]
[-1, -2, -2, -3]
[97, 94, 92, 89, 86, 84]
[-3, -2, -3, -3, -2]
[84, 83, 80, 78, 77, 76, 73]
[-1, -3, -2, -1, -1, -3]
[37, 34, 31, 30, 29]
[-3, -3, -1, -1]
[36, 35, 32, 31, 29, 26, 23]
[-1, -3, -1, -2, -3, -3]
[1, 4, 7, 8, 11, 14]
[3, 3, 1, 3, 3]
[81, 78, 77, 74, 73]
[-3, -1, -3, -1]
[37, 34, 31, 30, 27, 24]
[-3, -3, -1, -3, -3]
[44, 46, 49, 51, 54, 55]
[2, 3, 2, 3, 1]
[27, 26, 24, 22, 21, 18, 17]
[-1, -2, -2, -1, -3, -1]
[94, 92, 91, 90, 89, 88, 85, 84]
[-2, -1, -1, -1, -1, -3, -1]
[37, 39, 42, 43, 44, 45, 48, 50]
[2, 3, 1, 1, 1, 3, 2]
[27, 24, 22, 19, 17]
[-3, -2, -3, -2]
[26, 25, 22, 21, 19]
[-1, -3, -1, -2]
[40, 42, 45, 46, 49]
[2, 3, 1, 3]
[63, 60, 59, 56, 54, 53, 52, 49]
[-3, -1, -3, -2, -1, -1, -3]
[27, 30, 33, 35, 37, 39, 41, 42]
[3, 3, 2, 2, 2, 2, 1]
[50, 48, 46, 43, 41, 39, 37]
[-2, -2, -3, -2, -2, -2]
[33, 31, 29, 27, 24, 23]
[-2, -2, -2, -3, -1]
[96, 95, 94, 93, 92, 89, 86]
[-1, -1, -1, -1, -3, -3]
[2, 3, 6, 7, 9, 11]
[1, 3, 1, 2, 2]
[58, 60, 62, 63, 65, 67, 70, 73]
[2, 2, 1, 2, 2, 3, 3]
[60, 61, 63, 66, 68, 69, 72]
[1, 2, 3, 2, 1, 3]
[52, 51, 48, 46, 44]
[-1, -3, -2, -2]
[73, 76, 79, 80, 81, 82, 84]
[3, 3, 1, 1, 1, 2]
[69, 70, 73, 76, 77]
[1, 3, 3, 1]
[49, 51, 54, 55, 58, 60, 62]
[2, 3, 1, 3, 2, 2]
[64, 62, 60, 57, 56, 54, 51]
[-2, -2, -3, -1, -2, -3]
[23, 21, 19, 17, 14]
[-2, -2, -2, -3]
[69, 72, 73, 76, 78]
[3, 1, 3, 2]
[26, 29, 32, 33, 36, 38]
[3, 3, 1, 3, 2]
[93, 92, 90, 89, 87, 86]
[-1, -2, -1, -2, -1]
[14, 15, 17, 20, 23, 25]
[1, 2, 3, 3, 2]
[56, 53, 51, 49, 47, 46, 44, 41]
[-3, -2, -2, -2, -1, -2, -3]
[1, 4, 5, 8, 9]
[3, 1, 3, 1]
[24, 23, 22, 20, 18, 17, 15]
[-1, -1, -2, -2, -1, -2]
[17, 14, 12, 11, 9, 6, 5, 2]
[-3, -2, -1, -2, -3, -1, -3]
[44, 47, 48, 49, 50, 52]
[3, 1, 1, 1, 2]
[95, 92, 91, 90, 87, 84, 83, 80]
[-3, -1, -1, -3, -3, -1, -3]
[35, 38, 39, 42, 44, 45, 48]
[3, 1, 3, 2, 1, 3]
[15, 14, 13, 10, 9, 6, 4, 2]
[-1, -1, -3, -1, -3, -2, -2]
[77, 75, 74, 73, 70, 68, 65, 64]
[-2, -1, -1, -3, -2, -3, -1]
[80, 82, 83, 85, 87, 90, 92]
[2, 1, 2, 2, 3, 2]
[64, 66, 67, 70, 73, 76, 79, 81]
[2, 1, 3, 3, 3, 3, 2]
[29, 27, 25, 22, 19, 18]
[-2, -2, -3, -3, -1]
[95, 94, 92, 90, 87, 84, 83, 81]
[-1, -2, -2, -3, -3, -1, -2]
[92, 93, 94, 95, 96, 99]
[1, 1, 1, 1, 3]
[20, 21, 24, 27, 30]
[1, 3, 3, 3]
[33, 32, 29, 28, 26, 24, 21, 18]
[-1, -3, -1, -2, -2, -3, -3]
[49, 48, 45, 43, 42, 41, 39, 38]
[-1, -3, -2, -1, -1, -2, -1]
[61, 59, 57, 55, 52]
[-2, -2, -2, -3]
[14, 17, 19, 22, 25, 28, 30, 32]
[3, 2, 3, 3, 3, 2, 2]
[36, 34, 31, 29, 26, 25, 23]
[-2, -3, -2, -3, -1, -2]
[41, 39, 36, 35, 33, 32]
[-2, -3, -1, -2, -1]
[16, 18, 21, 23, 25]
[2, 3, 2, 2]
[8, 11, 14, 17, 19, 20, 21, 22]
[3, 3, 3, 2, 1, 1, 1]
[77, 74, 71, 69, 66]
[-3, -3, -2, -3]
[93, 91, 89, 86, 83, 81, 80]
[-2, -2, -3, -3, -2, -1]
[14, 13, 10, 7, 6, 3]
[-1, -3, -3, -1, -3]
[81, 79, 76, 75, 74, 73]
[-2, -3, -1, -1, -1]
[55, 56, 58, 60, 62, 64]
[1, 2, 2, 2, 2]
[83, 85, 86, 89, 90, 91, 94]
[2, 1, 3, 1, 1, 3]
[29, 31, 34, 37, 38, 40, 43]
[2, 3, 3, 1, 2, 3]
[15, 16, 18, 21, 23]
[1, 2, 3, 2]
[25, 22, 21, 18, 16, 14, 12]
[-3, -1, -3, -2, -2, -2]
[53, 56, 58, 59, 60]
[3, 2, 1, 1]
[49, 51, 53, 54, 56, 58, 60, 61]
[2, 2, 1, 2, 2, 2, 1]
[66, 65, 64, 63, 61, 59, 57, 56]
[-1, -1, -1, -2, -2, -2, -1]
[14, 12, 10, 9, 6]
[-2, -2, -1, -3]
[47, 45, 44, 42, 39, 37, 36, 33]
[-2, -1, -2, -3, -2, -1, -3]
[71, 69, 68, 66, 64, 62, 60, 57]
[-2, -1, -2, -2, -2, -2, -3]
[53, 55, 56, 57, 58, 59, 61]
[2, 1, 1, 1, 1, 2]
[24, 21, 20, 18, 17, 14, 11, 10]
[-3, -1, -2, -1, -3, -3, -1]
[63, 62, 59, 56, 53, 51]
[-1, -3, -3, -3, -2]
[24, 25, 26, 29, 30, 31]
[1, 1, 3, 1, 1]
[22, 25, 28, 31, 33, 34]
[3, 3, 3, 2, 1]
[68, 71, 73, 75, 76, 79]
[3, 2, 2, 1, 3]
[8, 6, 5, 4, 1]
[-2, -1, -1, -3]
[64, 61, 59, 56, 55, 53]
[-3, -2, -3, -1, -2]
[31, 32, 33, 36, 38, 41, 44, 47]
[1, 1, 3, 2, 3, 3, 3]
[46, 47, 50, 52, 53, 55]
[1, 3, 2, 1, 2]
[43, 41, 40, 38, 35, 34, 33, 30]
[-2, -1, -2, -3, -1, -1, -3]
[80, 79, 77, 76, 74, 71]
[-1, -2, -1, -2, -3]
[77, 74, 73, 71, 70]
[-3, -1, -2, -1]
[44, 45, 47, 48, 50, 53, 56]
[1, 2, 1, 2, 3, 3]
[49, 50, 53, 55, 58, 61, 64, 66]
[1, 3, 2, 3, 3, 3, 2]
[70, 68, 65, 64, 63, 62, 59]
[-2, -3, -1, -1, -1, -3]
[50, 52, 55, 57, 59]
[2, 3, 2, 2]
[84, 83, 81, 78, 75]
[-1, -2, -3, -3]
[66, 64, 63, 60, 57, 55, 52]
[-2, -1, -3, -3, -2, -3]
[49, 48, 45, 44, 42]
[-1, -3, -1, -2]
[20, 17, 14, 12, 9, 8]
[-3, -3, -2, -3, -1]
[92, 93, 95, 97, 98, 99]
[1, 2, 2, 1, 1]
[60, 62, 65, 68, 70]
[2, 3, 3, 2]
[90, 87, 85, 83, 80, 79, 77, 75]
[-3, -2, -2, -3, -1, -2, -2]
[10, 11, 13, 15, 18, 20]
[1, 2, 2, 3, 2]
[63, 64, 66, 69, 71, 72, 73]
[1, 2, 3, 2, 1, 1]
[81, 78, 75, 74, 71, 68]
[-3, -3, -1, -3, -3]
[20, 18, 16, 14, 13, 11, 10]
[-2, -2, -2, -1, -2, -1]
[9, 7, 6, 4, 3]
[-2, -1, -2, -1]
[51, 54, 56, 57, 59, 61, 63, 66]
[3, 2, 1, 2, 2, 2, 3]
[62, 61, 59, 57, 54, 53]
[-1, -2, -2, -3, -1]
[80, 79, 78, 75, 73, 71, 70]
[-1, -1, -3, -2, -2, -1]
[36, 33, 30, 28, 27]
[-3, -3, -2, -1]
[40, 41, 44, 46, 48, 50, 51, 54]
[1, 3, 2, 2, 2, 1, 3]
[17, 20, 23, 26, 27, 29, 32, 33]
[3, 3, 3, 1, 2, 3, 1]
[83, 86, 89, 90, 91, 93, 94]
[3, 3, 1, 1, 2, 1]
[60, 62, 63, 66, 67, 69, 72]
[2, 1, 3, 1, 2, 3]
[95, 92, 91, 90, 89, 88, 87, 86]
[-3, -1, -1, -1, -1, -1, -1]
[78, 81, 82, 84, 87, 88, 91, 93]
[3, 1, 2, 3, 1, 3, 2]
[5, 6, 8, 11, 14, 16, 17, 18]
[1, 2, 3, 3, 2, 1, 1]
[7, 9, 11, 13, 15]
[2, 2, 2, 2]
[96, 94, 92, 90, 87, 85]
[-2, -2, -2, -3, -2]
[74, 75, 77, 78, 80]
[1, 2, 1, 2]
[27, 29, 30, 31, 32, 33]
[2, 1, 1, 1, 1]
[77, 76, 75, 73, 70, 67, 64]
[-1, -1, -2, -3, -3, -3]
[37, 40, 42, 43, 46]
[3, 2, 1, 3]
[17, 19, 21, 24, 26, 28]
[2, 2, 3, 2, 2]
[36, 38, 41, 43, 44, 46]
[2, 3, 2, 1, 2]
[41, 39, 38, 37, 36, 34, 33]
[-2, -1, -1, -1, -2, -1]
[50, 47, 44, 43, 42, 39, 36, 34]
[-3, -3, -1, -1, -3, -3, -2]
[80, 78, 75, 73, 72, 71, 70, 67]
[-2, -3, -2, -1, -1, -1, -3]
[39, 37, 34, 32, 31, 28]
[-2, -3, -2, -1, -3]
[5, 8, 9, 10, 11, 13]
[3, 1, 1, 1, 2]
[76, 75, 73, 71, 69, 68]
[-1, -2, -2, -2, -1]
[51, 54, 57, 60, 62, 63, 66, 69]
[3, 3, 3, 2, 1, 3, 3]
[64, 65, 66, 69, 71]
[1, 1, 3, 2]
[66, 68, 70, 71, 72, 75, 76]
[2, 2, 1, 1, 3, 1]
[36, 33, 32, 30, 29]
[-3, -1, -2, -1]
[53, 50, 49, 48, 47]
[-3, -1, -1, -1]
[25, 22, 19, 18, 16]
[-3, -3, -1, -2]
[47, 48, 49, 52, 53, 56, 57]
[1, 1, 3, 1, 3, 1]
[22, 20, 18, 16, 14, 11]
[-2, -2, -2, -2, -3]
[9, 11, 12, 14, 15, 18, 21, 23]
[2, 1, 2, 1, 3, 3, 2]
[63, 64, 67, 68, 69, 70, 72, 75]
[1, 3, 1, 1, 1, 2, 3]
[97, 94, 92, 91, 88, 87, 86]
[-3, -2, -1, -3, -1, -1]
[24, 26, 27, 30, 31]
[2, 1, 3, 1]
[22, 21, 20, 17, 15, 12]
[-1, -1, -3, -2, -3]
[58, 59, 60, 61, 62, 64]
[1, 1, 1, 1, 2]
[33, 34, 35, 37, 38, 40, 42]
[1, 1, 2, 1, 2, 2]
[45, 46, 49, 50, 52, 54, 56, 59]
[1, 3, 1, 2, 2, 2, 3]
[45, 46, 49, 50, 51, 54]
[1, 3, 1, 1, 3]
[99, 97, 95, 93, 91, 90, 87, 86]
[-2, -2, -2, -2, -1, -3, -1]
[47, 44, 41, 39, 37, 35]
[-3, -3, -2, -2, -2]
[56, 58, 60, 62, 63]
[2, 2, 2, 1]
[56, 54, 51, 49, 48, 46]
[-2, -3, -2, -1, -2]
[77, 76, 75, 72, 71, 70, 67, 65]
[-1, -1, -3, -1, -1, -3, -2]
[41, 39, 38, 35, 32, 30, 28, 27]
[-2, -1, -3, -3, -2, -2, -1]
[93, 92, 91, 89, 88, 85, 84]
[-1, -1, -2, -1, -3, -1]
[92, 90, 88, 85, 82, 79]
[-2, -2, -3, -3, -3]
[29, 31, 34, 37, 40, 43, 46, 48]
[2, 3, 3, 3, 3, 3, 2]
[26, 23, 20, 19, 18, 16]
[-3, -3, -1, -1, -2]
[63, 61, 58, 56, 55, 53, 52, 49]
[-2, -3, -2, -1, -2, -1, -3]
[80, 77, 76, 75, 72, 70, 67, 65]
[-3, -1, -1, -3, -2, -3, -2]
[72, 69, 67, 66, 65]
[-3, -2, -1, -1]
[56, 59, 60, 62, 65, 68]
[3, 1, 2, 3, 3]
[16, 18, 21, 24, 25]
[2, 3, 3, 1]
[9, 11, 14, 15, 16]
[2, 3, 1, 1]
[54, 51, 48, 47, 44, 43, 40, 39]
[-3, -3, -1, -3, -1, -3, -1]
[91, 89, 88, 87, 86, 85]
[-2, -1, -1, -1, -1]
[31, 28, 26, 24, 22, 21, 19]
[-3, -2, -2, -2, -1, -2]
[48, 51, 53, 56, 59, 60]
[3, 2, 3, 3, 1]
[59, 60, 61, 63, 65, 68, 70, 73]
[1, 1, 2, 2, 3, 2, 3]
[43, 45, 48, 51, 52]
[2, 3, 3, 1]
[18, 16, 14, 11, 10, 7, 6, 5]
[-2, -2, -3, -1, -3, -1, -1]
[61, 59, 56, 53, 52, 51]
[-2, -3, -3, -1, -1]
[43, 42, 41, 38, 35, 33, 31]
[-1, -1, -3, -3, -2, -2]
[24, 26, 28, 29, 31]
[2, 2, 1, 2]
[74, 76, 78, 80, 81]
[2, 2, 2, 1]
[19, 22, 24, 27, 30]
[3, 2, 3, 3]
[65, 63, 61, 60, 57, 54, 51, 49]
[-2, -2, -1, -3, -3, -3, -2]
[19, 18, 15, 14, 11, 10, 8, 6]
[-1, -3, -1, -3, -1, -2, -2]
432
