0 13 14
-1 12
-1 13
-1 14
-1 15
0 12
0 13
0 14
0 15
1 12
0 33 35
-1 32
-1 33
-1 34
-1 35
-1 36
0 32
0 33
0 34
0 35
0 36
1 32
1 33
0 45 47
-1 44
-1 45
-1 46
-1 47
-1 48
0 44
0 45
0 46
0 47
0 48
1 44
1 45
1 46
0 83 85
-1 82
-1 83
-1 84
-1 85
-1 86
0 82
0 83
0 84
0 85
0 86
1 82
1 83
1 84
0 88 90
-1 87
-1 88
-1 89
-1 90
-1 91
0 87
0 88
0 89
0 90
0 91
1 87
1 88
1 89
0 116 118
-1 115
-1 116
-1 117
-1 118
-1 119
0 115
0 116
0 117
0 118
0 119
1 115
0 123 125
-1 122
-1 123
-1 124
-1 125
-1 126
0 122
0 123
0 124
0 125
0 126
1 122
0 137 139
-1 136
-1 137
-1 138
-1 139
-1 140
0 136
0 137
0 138
0 139
0 140
1 136
1 137
1 138
1 139
1 140
1 23 25
0 22
0 23
0 24
0 25
0 26
1 22
1 23
1 24
1 25
1 26
2 22
2 23
2 24
2 25
2 26
1 37 39
0 36
0 37
0 38
0 39
0 40
1 36
1 37
1 38
1 39
1 40
2 36
1 68 69
0 67
0 68
0 69
0 70
1 67
1 68
1 69
1 70
2 67
2 68
2 69
2 70
1 71 72
0 70
0 71
0 72
0 73
1 70
1 71
1 72
1 73
2 70
2 71
2 72
2 73
1 92 94
0 91
0 92
0 93
0 94
0 95
1 91
1 92
1 93
1 94
1 95
2 91
2 92
1 112 114
0 111
0 112
0 113
0 114
0 115
1 111
1 112
1 113
1 114
1 115
1 132 134
0 131
0 132
0 133
0 134
0 135
1 131
1 132
1 133
1 134
1 135
2 131
2 132
2 133
2 134
2 135
2 16 18
1 15
1 16
1 17
1 18
1 19
2 15
2 16
2 17
2 18
2 19
3 15
3 16
3 17
2 30 32
1 29
1 30
1 31
1 32
1 33
2 43 45
1 42
1 43
1 44
1 45
1 46
2 49 51
1 48
1 49
1 50
1 51
1 52
2 48
2 49
2 50
2 51
2 52
3 48
3 49
3 50
3 51
3 52
2 64 66
1 63
1 64
1 65
1 66
1 67
2 63
2 64
2 65
2 66
2 67
3 63
2 74 76
1 73
1 74
1 75
1 76
1 77
2 73
2 78 80
1 77
1 78
1 79
1 80
2 82 84
1 81
1 82
1 83
1 84
2 86 88
1 85
1 86
1 87
1 88
1 89
2 101 103
1 100
1 101
1 102
2 123 125
1 122
2 137 139
1 136
1 137
1 138
1 139
1 140
2 136
2 137
2 138
2 139
2 140
3 136
3 137
3 138
3 139
3 140
3 23 25
2 22
2 23
2 24
2 25
2 26
3 37 39
2 36
3 68 69
2 67
2 68
2 69
2 70
3 67
3 68
3 69
3 70
4 67
4 68
3 91 93
2 90
2 91
2 92
3 96 98
2 95
2 96
2 97
2 98
3 115 117
2 114
2 115
2 116
2 117
2 118
3 114
3 115
3 116
3 117
3 118
4 114
4 115
4 116
4 117
4 118
3 129 131
2 128
2 129
2 130
2 131
2 132
3 128
3 129
3 130
3 131
3 132
4 4 6
3 3
3 4
4 8 10
3 7
3 8
3 9
3 10
3 11
4 7
4 8
4 9
4 10
4 11
5 7
5 8
5 9
5 10
4 33 35
3 32
3 33
3 34
3 35
3 36
4 32
4 33
4 34
4 35
4 36
5 32
5 33
5 34
5 35
5 36
4 47 49
3 46
3 47
3 48
3 49
3 50
4 46
4 47
4 48
4 49
4 50
5 46
5 47
5 48
5 49
5 50
4 55 57
3 54
3 55
3 56
3 57
4 61 62
3 60
3 61
3 62
3 63
4 73 75
3 72
3 73
3 74
3 75
3 76
4 72
4 73
4 74
4 75
4 76
5 72
5 73
5 74
4 81 83
3 80
3 81
3 82
3 83
3 84
4 80
4 81
4 82
4 83
4 84
4 85 87
3 84
3 85
3 86
3 87
3 88
4 84
4 105 107
3 104
3 105
3 106
3 107
3 108
4 104
4 105
4 106
4 107
4 108
5 104
5 105
5 106
5 107
4 133 135
3 132
5 18 20
4 17
4 18
4 19
4 20
4 21
5 17
5 18
5 19
5 20
5 21
6 17
6 18
6 19
6 20
6 21
5 27 29
4 26
4 27
4 28
4 29
4 30
5 26
5 27
5 28
5 29
5 30
6 26
6 27
5 37 39
4 36
4 37
4 38
4 39
4 40
5 36
5 66 68
4 65
4 66
4 67
4 68
5 97 99
4 96
4 97
4 98
4 99
4 100
5 96
5 97
5 98
5 99
5 100
6 96
6 97
6 98
6 99
6 100
5 111 113
4 110
4 111
4 112
4 113
4 114
5 110
5 111
5 112
5 113
5 114
6 110
6 111
6 112
6 113
6 8 10
5 7
5 8
5 9
5 10
6 14 16
5 13
5 14
5 15
5 16
5 17
6 13
6 54 56
5 53
5 54
5 55
5 56
5 57
6 53
6 54
6 55
6 56
6 57
7 53
7 54
7 55
6 58 60
5 57
5 58
5 59
5 60
5 61
6 57
6 58
6 59
6 60
6 61
6 62 64
5 61
5 62
5 63
5 64
5 65
6 61
6 75 77
5 74
6 85 87
5 84
5 85
5 86
5 87
5 88
6 84
6 85
6 86
6 87
6 88
6 90 92
5 89
5 90
5 91
5 92
5 93
6 89
6 90
6 91
6 92
6 93
7 89
7 90
7 91
7 2 4
6 1
6 2
6 3
6 4
6 5
7 1
7 2
7 3
7 4
7 5
8 1
8 2
8 3
8 4
8 5
7 18 20
6 17
6 18
6 19
6 20
6 21
7 17
7 18
7 19
7 20
7 21
8 17
7 25 27
6 24
6 25
6 26
6 27
7 31 32
6 30
6 31
6 32
6 33
7 30
7 31
7 32
7 33
8 30
8 31
8 32
8 33
7 38 40
6 37
6 38
6 39
6 40
6 41
7 37
7 50 52
6 49
6 50
6 51
6 52
6 53
7 49
7 50
7 51
7 52
7 53
8 49
8 50
8 51
8 52
8 53
7 80 82
6 79
6 80
6 81
6 82
6 83
7 79
7 80
7 81
7 82
7 83
8 79
8 80
8 81
7 109 111
6 108
6 109
6 110
6 111
6 112
7 108
7 109
7 110
7 111
7 112
8 108
7 117 119
6 116
6 117
6 118
6 119
6 120
7 116
7 117
7 118
7 119
7 120
8 116
7 128 130
6 127
6 128
6 129
6 130
6 131
7 127
7 133 134
6 132
6 133
7 137 138
6 136
6 137
6 138
6 139
7 136
7 137
7 138
7 139
8 136
8 137
8 138
8 139
8 12 14
7 11
7 12
7 13
7 14
7 15
8 11
8 12
8 13
8 14
8 15
9 11
8 43 45
7 42
8 61 63
7 60
7 61
7 62
7 63
7 64
8 60
8 61
8 62
8 63
8 64
9 60
9 61
8 75 77
7 74
7 75
7 76
7 77
7 78
8 74
8 75
8 76
8 77
8 78
9 74
9 75
9 76
9 77
8 84 85
7 83
7 84
7 85
7 86
8 83
8 84
8 85
8 86
9 83
8 90 92
7 89
7 90
7 91
9 19 21
8 18
8 19
8 20
8 21
8 22
9 23 24
8 22
9 26 28
8 25
8 26
8 27
8 28
8 29
9 25
9 26
9 27
9 28
9 29
10 25
10 26
10 27
10 28
10 29
9 51 53
8 50
8 51
8 52
8 53
9 79 81
8 78
8 79
8 80
8 81
9 97 99
8 96
8 97
8 98
8 99
8 100
9 96
9 97
9 98
9 99
9 100
10 96
9 102 104
8 101
8 102
8 103
8 104
8 105
9 101
9 131 133
8 130
8 131
8 132
8 133
8 134
9 130
9 131
9 132
9 133
9 134
10 130
10 131
10 132
10 133
10 134
9 135 137
8 134
8 135
8 136
8 137
8 138
9 134
9 135
9 136
9 137
9 138
10 134
10 8 10
9 7
9 8
9 9
9 10
9 11
10 36 38
9 35
9 36
9 37
9 38
9 39
10 35
10 36
10 37
10 38
10 39
10 40 42
9 39
9 40
9 41
9 42
9 43
10 39
10 45 47
9 44
9 45
9 46
9 47
9 48
10 44
10 45
10 46
10 47
10 48
11 44
10 61 63
9 60
9 61
10 86 88
9 85
9 86
9 87
9 88
9 89
10 85
10 86
10 87
10 88
10 89
10 90 91
9 89
9 90
9 91
9 92
10 89
10 94 95
9 93
9 94
9 95
9 96
10 93
10 94
10 95
10 96
10 123 125
9 122
9 123
9 124
9 125
9 126
10 127 129
9 126
11 20 22
10 19
10 20
10 21
10 22
10 23
11 19
11 52 54
10 51
10 52
10 53
10 54
10 55
11 51
11 52
11 53
11 54
11 55
12 51
12 52
12 53
12 54
12 55
11 57 59
10 56
10 57
10 58
10 59
11 68 70
10 67
10 68
10 69
10 70
10 71
11 67
11 68
11 69
11 70
11 71
12 67
12 68
12 69
12 70
12 71
11 79 81
10 78
10 79
10 80
10 81
10 82
11 78
11 79
11 80
11 81
11 82
12 78
12 79
12 80
12 81
11 100 102
10 99
10 100
10 101
10 102
10 103
11 99
11 100
11 101
11 102
11 103
11 104 106
10 103
10 104
10 105
10 106
10 107
11 103
11 111 112
10 110
10 111
10 112
10 113
11 110
11 111
11 112
11 113
12 110
12 111
12 112
12 113
11 115 117
10 114
10 115
10 116
10 117
11 119 121
10 118
10 119
10 120
10 121
10 122
11 118
11 119
11 120
11 121
11 122
12 118
12 119
12 120
12 121
12 122
12 6 8
11 5
11 6
11 7
11 8
11 9
12 5
12 6
12 7
12 8
12 9
12 44 45
11 43
11 44
12 75 77
11 74
12 83 85
11 82
11 83
11 84
11 85
11 86
12 82
12 83
12 84
12 85
12 86
13 82
13 83
13 84
13 85
12 96 97
11 95
11 96
11 97
11 98
12 95
12 96
12 97
12 98
13 95
12 135 137
11 134
11 135
11 136
11 137
11 138
12 134
12 135
12 136
12 137
12 138
13 134
13 135
13 136
13 137
13 138
13 3 4
12 2
12 3
12 4
12 5
13 2
13 3
13 4
13 5
14 2
14 3
14 4
14 5
13 14 16
12 13
12 14
12 15
12 16
12 17
13 13
13 14
13 15
13 16
13 17
13 25 26
12 24
13 29 31
12 28
12 29
12 30
12 31
12 32
13 28
13 29
13 30
13 31
13 32
14 28
13 39 40
12 38
12 39
13 50 52
12 49
12 50
12 51
12 52
12 53
13 49
13 50
13 51
13 52
13 53
14 49
13 54 56
12 53
12 54
12 55
13 63 65
12 62
12 63
12 64
12 65
12 66
13 62
13 63
13 64
13 65
13 66
14 62
14 63
14 64
14 65
14 66
13 71 73
12 70
12 71
13 90 92
12 89
12 90
12 91
12 92
12 93
13 89
13 90
13 91
13 92
13 93
14 89
14 90
14 91
14 92
14 93
13 101 103
12 100
12 101
12 102
12 103
12 104
13 100
13 101
13 102
13 103
13 104
14 100
14 101
14 102
14 103
14 104
14 9 11
13 8
13 9
13 10
13 11
13 12
14 35 37
13 34
13 35
13 36
13 37
13 38
14 34
14 35
14 36
14 37
14 38
15 34
15 35
14 59 61
13 58
13 59
14 86 88
13 85
14 105 107
13 104
13 105
13 106
13 107
13 108
14 104
14 109 111
13 108
13 109
14 122 124
13 121
13 122
13 123
13 124
13 125
14 121
14 122
14 123
14 124
14 125
15 121
15 122
15 123
15 124
15 125
14 130 132
13 129
13 130
13 131
13 132
13 133
14 129
14 130
14 131
14 132
14 133
15 129
15 130
15 131
15 132
15 133
14 135 137
13 134
13 135
13 136
13 137
13 138
14 134
14 135
14 136
14 137
14 138
15 134
15 135
15 136
15 137
15 138
15 5 7
14 4
14 5
15 21 23
14 20
14 21
14 22
14 23
14 24
15 20
15 21
15 22
15 23
15 24
16 20
16 21
16 22
16 23
16 24
15 54 56
14 53
14 54
14 55
14 56
14 57
15 53
15 54
15 55
15 56
15 57
16 53
15 66 68
14 65
14 66
15 71 73
14 70
14 71
14 72
14 73
14 74
15 70
15 71
15 72
15 73
15 74
16 70
16 71
15 81 83
14 80
14 81
14 82
14 83
14 84
15 80
15 81
15 82
15 83
15 84
16 80
15 100 101
14 99
14 100
14 101
14 102
15 99
15 100
15 101
15 102
16 99
16 100
16 101
15 126 128
14 125
14 126
14 127
14 128
14 129
15 125
16 25 27
15 24
15 25
15 26
15 27
15 28
16 24
16 25
16 26
16 27
16 28
17 24
17 25
17 26
17 27
16 30 32
15 29
15 30
15 31
15 32
15 33
16 29
16 30
16 31
16 32
16 33
17 29
17 30
16 44 45
15 43
16 50 52
15 49
15 50
15 51
15 52
15 53
16 49
16 50
16 51
16 52
16 53
16 86 88
15 85
15 86
15 87
15 88
15 89
16 85
16 86
16 87
16 88
16 89
17 85
16 103 105
15 102
15 103
15 104
15 105
15 106
16 102
16 103
16 104
16 105
16 106
17 102
17 103
17 104
17 105
16 110 112
15 109
15 110
15 111
15 112
15 113
16 109
16 110
16 111
16 112
16 113
17 109
17 20 22
16 19
16 20
16 21
16 22
16 23
17 19
17 38 40
16 37
16 38
16 39
16 40
16 41
17 55 57
16 54
16 55
16 56
16 57
16 58
17 54
17 55
17 56
17 57
17 58
18 54
18 55
17 60 62
16 59
16 60
16 61
16 62
16 63
17 59
17 60
17 61
17 62
17 63
18 59
17 98 100
16 97
16 98
16 99
16 100
16 101
17 120 122
16 119
16 120
16 121
16 122
16 123
17 119
17 120
17 121
17 122
17 123
18 119
18 120
18 121
17 133 135
16 132
16 133
16 134
16 135
18 2 4
17 1
17 2
17 3
17 4
17 5
18 1
18 2
18 3
18 4
18 5
19 1
19 2
19 3
19 4
18 7 9
17 6
17 7
17 8
18 32 34
17 31
17 32
17 33
17 34
17 35
18 31
18 32
18 33
18 34
18 35
19 31
19 32
19 33
19 34
19 35
18 43 45
17 42
17 43
17 44
17 45
17 46
18 42
18 43
18 44
18 45
18 46
19 42
19 43
19 44
19 45
19 46
18 73 75
17 72
17 73
17 74
17 75
17 76
18 72
18 94 96
17 93
17 94
17 95
17 96
17 97
18 93
18 94
18 95
18 96
18 97
19 93
19 94
19 95
19 96
19 97
18 112 114
17 111
17 112
17 113
17 114
17 115
18 111
18 128 130
17 127
17 128
19 16 18
18 15
18 16
18 17
18 18
18 19
19 15
19 16
19 17
19 18
19 19
20 15
20 16
20 17
20 18
19 25 26
18 24
18 25
18 26
18 27
19 24
19 25
19 26
19 27
20 24
20 25
20 26
19 47 49
18 46
18 47
18 48
18 49
18 50
19 46
19 54 56
18 53
18 54
18 55
19 69 71
18 68
18 69
18 70
18 71
18 72
19 105 107
18 104
18 105
18 106
18 107
18 108
19 104
19 105
19 106
19 107
19 108
20 104
20 105
20 106
20 107
19 123 124
18 122
18 123
18 124
18 125
20 22 23
19 21
20 38 40
19 37
19 38
19 39
19 40
19 41
20 37
20 38
20 39
20 40
20 41
21 37
21 38
21 39
21 40
20 62 64
19 61
19 62
19 63
19 64
19 65
20 61
20 62
20 63
20 64
20 65
21 61
20 91 93
19 90
19 91
19 92
19 93
19 94
20 90
20 119 120
19 118
19 119
19 120
19 121
20 118
20 119
20 120
20 121
20 131 133
19 130
19 131
19 132
19 133
21 16 18
20 15
20 16
20 17
20 18
21 66 68
20 65
20 66
20 67
20 68
20 69
21 65
21 66
21 67
21 68
21 69
22 65
21 75 77
20 74
20 75
20 76
20 77
20 78
21 74
21 75
21 76
21 77
21 78
22 74
22 75
22 76
22 77
22 78
21 79 81
20 78
20 79
20 80
20 81
20 82
21 78
21 79
21 80
21 81
21 82
22 78
21 87 89
20 86
20 87
20 88
20 89
20 90
21 97 99
20 96
20 97
20 98
20 99
20 100
21 96
21 97
21 98
21 99
21 100
22 96
22 97
22 98
21 101 103
20 100
20 101
20 102
20 103
20 104
21 100
21 101
21 102
21 103
21 104
22 100
22 101
22 102
22 103
22 104
21 108 110
20 107
21 115 117
20 114
20 115
20 116
20 117
20 118
21 114
21 115
21 116
21 117
21 118
22 114
22 115
22 116
22 117
22 3 5
21 2
21 3
21 4
21 5
21 6
22 2
22 3
22 4
22 5
22 6
23 2
23 3
23 4
23 5
23 6
22 10 12
21 9
21 10
21 11
21 12
21 13
22 9
22 10
22 11
22 12
22 13
22 29 31
21 28
21 29
21 30
21 31
21 32
22 28
22 29
22 30
22 31
22 32
23 28
23 29
23 30
23 31
23 32
22 41 43
21 40
22 56 58
21 55
22 91 93
21 90
21 91
21 92
21 93
21 94
22 90
22 91
22 92
22 93
22 94
23 90
22 122 124
21 121
21 122
21 123
21 124
21 125
22 121
22 122
22 123
22 124
22 125
23 121
23 122
23 123
23 124
22 132 134
21 131
21 132
21 133
21 134
21 135
22 131
22 132
22 133
22 134
22 135
23 131
23 132
23 133
23 47 49
22 46
22 47
22 48
22 49
22 50
23 46
23 47
23 48
23 49
23 50
24 46
24 47
24 48
24 49
23 62 64
22 61
22 62
22 63
22 64
22 65
23 67 69
22 66
22 67
22 68
22 69
22 70
23 66
23 67
23 68
23 69
23 70
24 66
24 67
24 68
24 69
24 70
23 82 84
22 81
22 82
22 83
22 84
22 85
23 81
23 87 89
22 86
22 87
22 88
22 89
22 90
23 86
23 87
23 88
23 89
23 90
23 101 103
22 100
22 101
22 102
22 103
22 104
23 100
23 101
23 102
23 103
23 104
24 3 5
23 2
23 3
23 4
23 5
23 6
24 15 15
23 14
23 15
23 16
24 14
24 15
24 16
25 14
25 15
25 16
24 20 22
23 19
23 20
23 21
23 22
23 23
24 24 26
23 23
24 29 31
23 28
23 29
23 30
23 31
23 32
24 34 36
23 33
23 34
23 35
23 36
23 37
24 33
24 34
24 35
24 36
24 37
25 33
25 34
24 39 41
23 38
23 39
23 40
23 41
23 42
24 38
24 39
24 40
24 41
24 42
25 38
25 39
25 40
25 41
25 42
24 43 45
23 42
23 43
23 44
23 45
23 46
24 42
24 43
24 44
24 45
24 46
25 42
25 43
25 44
25 45
24 71 72
23 70
23 71
23 72
23 73
24 70
24 74 76
23 73
23 74
24 78 80
23 77
23 78
23 79
23 80
23 81
24 93 95
23 92
23 93
23 94
23 95
23 96
24 97 98
23 96
24 107 109
23 106
23 107
23 108
23 109
23 110
24 112 114
23 111
23 112
23 113
23 114
23 115
24 111
24 112
24 113
24 114
24 115
25 7 9
24 6
24 7
24 8
24 9
24 10
25 6
25 7
25 8
25 9
25 10
26 6
26 7
26 8
26 9
26 10
25 48 50
24 47
24 48
24 49
25 58 60
24 57
24 58
24 59
24 60
25 86 88
24 85
24 86
24 87
24 88
24 89
25 85
25 86
25 87
25 88
25 89
26 85
26 86
26 87
26 88
26 89
25 101 103
24 100
24 101
24 102
24 103
24 104
25 100
25 101
25 102
25 103
25 104
26 100
25 116 118
24 115
25 120 122
24 119
24 120
24 121
24 122
24 123
25 119
25 120
25 121
25 122
25 123
26 119
26 120
26 121
26 122
26 123
25 126 128
24 125
24 126
24 127
26 3 5
25 2
25 3
25 4
25 5
25 6
26 2
26 3
26 4
26 5
26 6
27 2
27 3
27 4
27 5
27 6
26 12 14
25 11
25 12
25 13
25 14
25 15
26 11
26 12
26 13
26 14
26 15
27 11
27 12
26 16 18
25 15
25 16
25 17
25 18
26 28 30
25 27
25 28
25 29
25 30
25 31
26 27
26 32 34
25 31
25 32
25 33
25 34
26 75 77
25 74
25 75
25 76
25 77
25 78
26 74
26 75
26 76
26 77
26 78
26 96 98
25 95
25 96
25 97
25 98
25 99
26 95
26 96
26 97
26 98
26 99
27 95
26 108 110
25 107
25 108
25 109
25 110
25 111
26 107
26 108
26 109
26 110
26 111
26 131 133
25 130
25 131
25 132
25 133
25 134
26 130
26 131
26 132
26 133
26 134
27 130
27 131
27 8 10
26 7
26 8
26 9
26 10
27 21 23
26 20
26 21
26 22
26 23
26 24
27 38 40
26 37
26 38
26 39
26 40
26 41
27 37
27 38
27 39
27 40
27 41
28 37
28 38
28 39
28 40
27 47 49
26 46
26 47
26 48
26 49
26 50
27 46
27 47
27 48
27 49
27 50
28 46
28 47
28 48
28 49
28 50
27 56 58
26 55
26 56
26 57
26 58
26 59
27 55
27 56
27 57
27 58
27 59
27 61 63
26 60
26 61
26 62
26 63
26 64
27 60
27 61
27 62
27 63
27 64
28 60
28 61
28 62
28 63
28 64
27 69 71
26 68
26 69
26 70
27 79 81
26 78
27 85 86
26 84
26 85
26 86
26 87
27 84
27 85
27 86
27 87
28 84
28 85
27 100 102
26 99
26 100
27 104 106
26 103
26 104
26 105
26 106
26 107
27 103
27 104
27 105
27 106
27 107
28 103
28 104
27 120 122
26 119
26 120
26 121
26 122
26 123
27 119
27 120
27 121
27 122
27 123
28 119
28 120
28 121
28 4 6
27 3
27 4
27 5
27 6
27 7
28 3
28 4
28 5
28 6
28 7
29 3
29 4
29 5
29 6
28 28 30
27 27
27 28
27 29
27 30
27 31
28 27
28 28
28 29
28 30
28 31
29 27
28 43 45
27 42
27 43
27 44
28 65 67
27 64
27 65
27 66
27 67
27 68
28 64
28 65
28 66
28 67
28 68
29 64
29 65
29 66
29 67
28 74 76
27 73
27 74
27 75
27 76
27 77
28 73
28 74
28 75
28 76
28 77
29 73
29 74
29 75
29 76
29 77
28 129 131
27 128
27 129
27 130
27 131
29 11 13
28 10
28 11
28 12
28 13
28 14
29 10
29 11
29 12
29 13
29 14
30 10
30 11
30 12
30 13
30 14
29 15 17
28 14
28 15
28 16
28 17
28 18
29 14
29 15
29 16
29 17
29 18
30 14
30 15
29 34 36
28 33
29 58 59
28 57
28 58
28 59
28 60
29 57
29 58
29 59
29 60
30 57
30 58
30 59
29 78 80
28 77
28 78
28 79
28 80
28 81
29 77
29 102 103
28 101
28 102
28 103
28 104
29 113 115
28 112
28 113
28 114
28 115
28 116
29 112
29 113
29 114
29 115
29 116
30 112
30 113
30 114
30 115
30 116
29 125 127
28 124
28 125
28 126
28 127
28 128
29 124
29 125
29 126
29 127
29 128
30 124
30 125
30 126
30 127
29 133 135
28 132
28 133
28 134
28 135
28 136
29 132
29 133
29 134
29 135
29 136
30 132
30 27 29
29 26
29 27
30 39 41
29 38
29 39
29 40
29 41
29 42
30 38
30 39
30 40
30 41
30 42
31 38
30 72 73
29 71
29 72
29 73
29 74
30 71
30 85 86
29 84
29 85
29 86
29 87
30 84
30 85
30 86
30 87
31 84
31 85
30 90 92
29 89
29 90
29 91
29 92
29 93
30 89
30 97 99
29 96
29 97
29 98
30 108 110
29 107
29 108
29 109
29 110
29 111
30 107
30 108
30 109
30 110
30 111
31 107
31 108
31 109
30 117 119
29 116
29 117
29 118
29 119
29 120
30 116
31 1 3
30 0
30 1
30 2
30 3
30 4
31 0
31 1
31 2
31 3
31 4
32 0
32 1
32 2
32 3
32 4
31 13 15
30 12
30 13
30 14
30 15
31 60 62
30 59
31 76 78
30 75
30 76
30 77
30 78
30 79
31 75
31 76
31 77
31 78
31 79
32 75
32 76
32 77
31 101 103
30 100
30 101
30 102
30 103
30 104
31 100
31 101
31 102
31 103
31 104
31 129 131
30 128
30 129
30 130
30 131
30 132
32 5 7
31 4
31 5
31 6
31 7
31 8
32 4
32 5
32 6
32 7
32 8
33 4
33 5
33 6
32 9 11
31 8
31 9
31 10
31 11
31 12
32 8
32 9
32 10
32 11
32 12
33 8
33 9
32 19 21
31 18
31 19
31 20
31 21
31 22
32 18
32 19
32 20
32 21
32 22
33 18
33 19
33 20
33 21
33 22
32 25 27
31 24
31 25
31 26
31 27
31 28
32 24
32 25
32 26
32 27
32 28
33 24
33 25
33 26
33 27
33 28
32 35 37
31 34
31 35
31 36
31 37
31 38
32 41 43
31 40
31 41
31 42
31 43
31 44
32 47 49
31 46
31 47
31 48
31 49
31 50
32 46
32 47
32 48
32 49
32 50
33 46
33 47
33 48
33 49
33 50
32 54 56
31 53
31 54
31 55
31 56
31 57
32 70 72
31 69
31 70
31 71
31 72
31 73
32 69
32 70
32 71
32 72
32 73
33 69
33 70
33 71
33 72
33 73
32 81 83
31 80
31 81
31 82
31 83
31 84
32 80
32 81
32 82
32 83
32 84
33 80
33 81
33 82
33 83
33 84
32 86 88
31 85
32 105 107
31 104
32 110 112
31 109
33 59 61
32 58
32 59
32 60
32 61
32 62
33 58
33 59
33 60
33 61
33 62
33 63 64
32 62
32 63
32 64
32 65
33 62
33 90 92
32 89
32 90
34 10 12
33 9
34 15 17
33 14
33 15
34 23 25
33 22
33 23
34 27 29
33 26
33 27
33 28
34 41 43
33 40
33 41
33 42
33 43
33 44
34 40
34 41
34 42
34 43
34 44
35 40
35 41
35 42
35 43
35 44
34 47 49
33 46
33 47
33 48
33 49
33 50
34 66 67
33 65
33 66
34 79 81
33 78
33 79
33 80
33 81
33 82
34 78
34 84 86
33 83
33 84
34 100 102
33 99
33 100
33 101
33 102
33 103
34 99
34 100
34 101
34 102
34 103
35 99
35 100
35 101
35 102
34 112 114
33 111
33 112
33 113
33 114
33 115
34 111
34 112
34 113
34 114
34 115
35 111
35 112
35 113
35 114
34 117 119
33 116
33 117
33 118
33 119
33 120
34 116
34 117
34 118
34 119
34 120
35 116
35 117
35 118
35 119
34 129 131
33 128
33 129
33 130
33 131
33 132
34 133 135
33 132
35 62 64
34 61
34 62
34 63
34 64
34 65
35 61
35 89 91
34 88
34 89
34 90
34 91
34 92
35 88
35 89
35 90
35 91
35 92
36 88
36 89
36 90
36 91
35 95 97
34 94
34 95
34 96
34 97
34 98
35 94
35 95
35 96
35 97
35 98
36 94
36 95
36 96
36 97
35 105 107
34 104
34 105
34 106
35 124 126
34 123
34 124
34 125
34 126
34 127
35 123
35 124
35 125
35 126
35 127
36 123
36 124
36 125
36 126
36 127
36 14 16
35 13
35 14
35 15
35 16
35 17
36 13
36 14
36 15
36 16
36 17
37 13
37 14
36 31 33
35 30
35 31
35 32
35 33
35 34
36 30
36 31
36 32
36 33
36 34
37 30
37 31
37 32
37 33
37 34
36 71 73
35 70
35 71
35 72
35 73
35 74
36 70
36 82 84
35 81
35 82
35 83
35 84
35 85
36 81
36 82
36 83
36 84
36 85
37 81
36 115 117
35 114
37 0 2
36 -1
36 0
36 1
36 2
36 3
37 -1
37 0
37 1
37 2
37 3
38 -1
38 0
38 1
38 2
38 3
37 9 11
36 8
36 9
36 10
36 11
36 12
37 8
37 9
37 10
37 11
37 12
38 8
38 9
38 10
37 44 46
36 43
36 44
36 45
36 46
36 47
37 43
37 44
37 45
37 46
37 47
38 43
38 44
38 45
38 46
38 47
37 53 55
36 52
36 53
36 54
36 55
36 56
37 52
37 53
37 54
37 55
37 56
38 52
38 53
38 54
38 55
38 56
37 67 69
36 66
36 67
36 68
36 69
36 70
37 78 80
36 77
36 78
36 79
36 80
36 81
37 77
37 78
37 79
37 80
37 81
37 95 97
36 94
36 95
36 96
36 97
37 101 103
36 100
36 101
36 102
36 103
36 104
37 100
37 101
37 102
37 103
37 104
38 100
38 101
38 102
38 103
38 104
37 125 127
36 124
36 125
36 126
36 127
36 128
37 124
37 130 132
36 129
36 130
36 131
36 132
36 133
37 129
37 130
37 131
37 132
37 133
38 129
38 130
38 24 25
37 23
37 24
37 25
37 26
38 23
38 24
38 25
38 26
39 23
39 24
38 38 40
37 37
38 60 62
37 59
37 60
37 61
37 62
37 63
38 59
38 60
38 61
38 62
38 63
39 59
39 60
39 61
39 62
38 83 85
37 82
37 83
37 84
37 85
37 86
38 82
38 83
38 84
38 85
38 86
39 82
39 83
39 84
38 89 91
37 88
37 89
37 90
37 91
37 92
38 88
38 89
38 90
38 91
38 92
39 88
39 89
39 90
39 91
39 92
38 121 123
37 120
37 121
37 122
37 123
37 124
38 134 136
37 133
37 134
37 135
37 136
37 137
38 133
38 134
38 135
38 136
38 137
39 133
39 134
39 135
39 3 5
38 2
38 3
38 4
38 5
38 6
39 2
39 3
39 4
39 5
39 6
40 2
40 3
40 4
40 5
40 6
39 34 36
38 33
38 34
38 35
38 36
38 37
39 33
39 34
39 35
39 36
39 37
40 33
40 34
40 35
40 36
40 37
39 56 58
38 55
38 56
39 65 67
38 64
38 65
39 78 80
38 77
38 78
38 79
38 80
38 81
39 77
39 78
39 79
39 80
39 81
39 96 98
38 95
38 96
38 97
38 98
38 99
39 95
39 96
39 97
39 98
39 99
40 95
40 96
40 97
40 98
40 99
39 114 115
38 113
38 114
38 115
38 116
39 113
39 114
39 115
39 116
40 113
39 126 128
38 125
38 126
38 127
38 128
38 129
39 125
40 8 10
39 7
39 8
40 12 14
39 11
39 12
39 13
39 14
39 15
40 11
40 12
40 13
40 14
40 15
41 11
41 12
40 17 19
39 16
39 17
39 18
39 19
39 20
40 16
40 17
40 18
40 19
40 20
41 16
41 17
41 18
41 19
41 20
40 41 43
39 40
39 41
39 42
39 43
39 44
40 45 47
39 44
40 70 72
39 69
39 70
39 71
39 72
39 73
40 69
40 92 94
39 91
39 92
40 110 112
39 109
39 110
39 111
39 112
39 113
40 109
40 110
40 111
40 112
40 113
40 130 132
39 129
39 130
39 131
39 132
39 133
40 129
40 130
40 131
40 132
40 133
41 129
41 130
41 131
41 132
40 134 136
39 133
39 134
39 135
41 5 6
40 4
40 5
40 6
41 25 26
40 24
40 25
40 26
40 27
41 24
41 25
41 26
41 27
42 24
42 25
42 26
42 27
41 33 35
40 32
40 33
40 34
40 35
40 36
41 32
41 33
41 34
41 35
41 36
41 51 53
40 50
40 51
40 52
41 58 60
40 57
40 58
40 59
40 60
40 61
41 57
41 58
41 59
41 60
41 61
42 57
42 58
42 59
42 60
42 61
41 74 76
40 73
40 74
40 75
41 87 89
40 86
40 87
40 88
40 89
40 90
41 86
41 87
41 88
41 89
41 90
41 97 99
40 96
40 97
40 98
40 99
41 122 124
40 121
40 122
40 123
41 126 128
40 125
40 126
40 127
40 128
40 129
41 125
41 126
41 127
41 128
41 129
42 125
42 126
42 127
42 128
42 13 15
41 12
42 21 23
41 20
42 29 31
41 28
41 29
41 30
42 42 44
41 41
41 42
41 43
41 44
41 45
42 41
42 42
42 43
42 44
42 45
43 41
43 42
43 43
43 44
43 45
42 81 83
41 80
41 81
41 82
41 83
41 84
42 80
42 81
42 82
42 83
42 84
43 80
43 81
43 82
43 83
43 84
42 93 95
41 92
41 93
41 94
41 95
41 96
42 92
42 93
42 94
42 95
42 96
43 92
43 93
43 94
43 95
43 96
42 105 107
41 104
42 111 113
41 110
41 111
41 112
41 113
41 114
42 110
42 111
42 112
42 113
42 114
43 110
43 111
43 112
43 113
43 114
42 115 115
41 114
41 115
41 116
42 114
42 115
42 116
42 130 131
41 129
41 130
41 131
41 132
42 135 136
41 134
41 135
41 136
41 137
42 134
42 135
42 136
42 137
43 134
43 135
43 136
43 137
43 4 6
42 3
42 4
42 5
42 6
42 7
43 3
43 4
43 5
43 6
43 7
44 3
44 4
44 5
44 6
44 7
43 9 11
42 8
42 9
42 10
42 11
42 12
43 8
43 9
43 10
43 11
43 12
44 8
44 9
44 10
44 11
44 12
43 49 51
42 48
42 49
42 50
42 51
42 52
43 48
43 49
43 50
43 51
43 52
44 48
44 49
44 50
44 51
43 54 56
42 53
42 54
42 55
42 56
42 57
43 53
43 54
43 55
43 56
43 57
44 53
44 54
44 55
44 56
44 57
43 68 70
42 67
42 68
42 69
42 70
42 71
43 73 75
42 72
42 73
42 74
42 75
42 76
43 72
43 73
43 74
43 75
43 76
44 72
44 73
44 74
43 126 128
42 125
42 126
42 127
42 128
44 16 18
43 15
43 16
43 17
43 18
43 19
44 15
44 16
44 17
44 18
44 19
45 15
45 16
45 17
45 18
45 19
44 30 32
43 29
43 30
43 31
43 32
43 33
44 29
44 30
44 31
44 32
44 33
45 29
45 30
44 34 36
43 33
43 34
43 35
43 36
43 37
44 33
44 34
44 35
44 36
44 37
45 33
45 34
45 35
45 36
44 38 40
43 37
43 38
43 39
43 40
43 41
44 37
44 38
44 39
44 40
44 41
44 43 45
43 42
43 43
43 44
43 45
44 85 87
43 84
43 85
43 86
43 87
43 88
44 84
44 85
44 86
44 87
44 88
45 84
45 85
45 86
44 102 104
43 101
43 102
43 103
43 104
43 105
44 101
44 102
44 103
44 104
44 105
45 101
45 102
45 103
45 104
45 105
44 131 133
43 130
43 131
43 132
43 133
43 134
44 130
45 5 7
44 4
44 5
44 6
44 7
45 10 12
44 9
44 10
44 11
44 12
45 25 27
44 24
44 25
44 26
45 48 50
44 47
44 48
44 49
44 50
44 51
45 56 58
44 55
44 56
44 57
45 61 63
44 60
44 61
44 62
44 63
44 64
45 69 71
44 68
44 69
44 70
44 71
44 72
45 68
45 69
45 70
45 71
45 72
46 68
46 69
46 70
46 71
46 72
45 75 77
44 74
45 92 94
44 91
44 92
44 93
44 94
44 95
45 91
45 92
45 93
45 94
45 95
46 91
46 92
46 93
46 94
45 97 98
44 96
44 97
44 98
44 99
45 96
45 97
45 98
45 99
46 96
46 97
46 98
45 108 110
44 107
44 108
44 109
44 110
44 111
45 112 114
44 111
45 120 122
44 119
44 120
44 121
44 122
44 123
45 119
45 120
45 121
45 122
45 123
46 119
46 120
46 121
46 122
45 137 139
44 136
44 137
44 138
44 139
44 140
45 136
45 137
45 138
45 139
45 140
46 136
46 137
46 138
46 139
46 140
46 17 19
45 16
45 17
45 18
45 19
45 20
46 16
46 17
46 18
46 19
46 20
46 21 23
45 20
45 21
45 22
45 23
45 24
46 20
46 29 31
45 28
45 29
45 30
46 44 46
45 43
45 44
45 45
45 46
45 47
46 43
46 44
46 45
46 46
46 47
47 43
47 44
47 45
46 65 67
45 64
45 65
45 66
45 67
45 68
46 64
46 65
46 66
46 67
46 68
47 64
47 65
47 66
47 67
47 68
46 87 89
45 86
46 116 118
45 115
45 116
45 117
45 118
45 119
46 115
46 116
46 117
46 118
46 119
47 115
46 125 127
45 124
45 125
45 126
45 127
45 128
46 124
46 130 132
45 129
45 130
45 131
45 132
45 133
46 129
46 130
46 131
46 132
46 133
47 129
47 130
47 131
47 132
47 133
47 3 5
46 2
46 3
46 4
46 5
46 6
47 2
47 3
47 4
47 5
47 6
48 2
48 3
48 4
48 5
47 12 14
46 11
46 12
46 13
46 14
46 15
47 11
47 12
47 13
47 14
47 15
48 11
47 25 27
46 24
46 25
46 26
46 27
46 28
47 24
47 25
47 26
47 27
47 28
48 24
48 25
48 26
48 27
47 35 37
46 34
46 35
46 36
46 37
46 38
47 34
47 52 54
46 51
46 52
46 53
46 54
46 55
47 51
47 52
47 53
47 54
47 55
47 59 61
46 58
46 59
46 60
46 61
46 62
47 58
47 59
47 60
47 61
47 62
47 73 75
46 72
46 73
46 74
46 75
46 76
47 72
47 73
47 74
47 75
47 76
48 72
48 73
48 74
48 75
48 76
47 93 95
46 92
46 93
46 94
47 98 100
46 97
46 98
47 103 105
46 102
46 103
46 104
46 105
46 106
47 102
47 103
47 104
47 105
47 106
48 102
48 7 9
47 6
47 7
47 8
47 9
47 10
48 6
48 7
48 8
48 9
48 10
49 6
49 7
49 8
48 19 21
47 18
47 19
47 20
47 21
47 22
48 18
48 19
48 20
48 21
48 22
49 18
49 19
49 20
48 32 33
47 31
47 32
47 33
47 34
48 43 45
47 42
47 43
47 44
47 45
48 63 65
47 62
48 83 85
47 82
47 83
47 84
47 85
47 86
48 82
48 83
48 84
48 85
48 86
49 82
49 83
49 84
49 85
49 86
48 87 89
47 86
47 87
47 88
47 89
47 90
48 86
48 87
48 88
48 89
48 90
48 109 111
47 108
47 109
48 120 122
47 119
47 120
47 121
47 122
47 123
48 119
48 120
48 121
48 122
48 123
48 133 135
47 132
47 133
47 134
49 11 13
48 10
48 11
49 28 30
48 27
49 36 38
48 35
48 36
48 37
48 38
48 39
49 35
49 36
49 37
49 38
49 39
50 35
50 36
50 37
50 38
50 39
49 48 50
48 47
48 48
48 49
48 50
48 51
49 47
49 48
49 49
49 50
49 51
50 47
50 48
50 49
49 77 79
48 76
48 77
48 78
48 79
48 80
49 76
49 77
49 78
49 79
49 80
50 76
50 77
49 91 93
48 90
49 101 102
48 100
48 101
48 102
50 6 8
49 5
49 6
49 7
49 8
50 23 25
49 22
49 23
49 24
49 25
49 26
50 22
50 23
50 24
50 25
50 26
51 22
51 23
51 24
50 42 44
49 41
49 42
49 43
49 44
49 45
50 41
50 42
50 43
50 44
50 45
51 41
50 53 55
49 52
49 53
49 54
49 55
49 56
50 52
50 53
50 54
50 55
50 56
51 52
50 59 61
49 58
49 59
49 60
49 61
49 62
50 58
50 59
50 60
50 61
50 62
51 58
51 59
50 63 65
49 62
49 63
49 64
49 65
49 66
50 62
50 63
50 64
50 65
50 66
51 62
51 63
51 64
51 65
51 66
50 81 83
49 80
49 81
49 82
49 83
49 84
50 80
50 81
50 82
50 83
50 84
51 80
50 110 112
49 109
49 110
49 111
49 112
49 113
50 109
50 116 118
49 115
49 116
49 117
49 118
49 119
50 115
50 116
50 117
50 118
50 119
51 115
51 116
50 130 131
49 129
49 130
49 131
49 132
50 129
50 130
50 131
50 132
51 129
51 130
51 11 13
50 10
50 11
50 12
50 13
50 14
51 10
51 16 18
50 15
51 67 69
50 66
50 67
50 68
50 69
50 70
51 66
51 72 74
50 71
50 72
50 73
50 74
50 75
51 86 88
50 85
50 86
50 87
50 88
50 89
51 85
51 86
51 87
51 88
51 89
52 85
52 86
52 87
52 88
51 102 104
50 101
50 102
50 103
50 104
50 105
51 101
51 102
51 103
51 104
51 105
52 101
52 102
52 103
52 104
52 105
51 106 108
50 105
50 106
50 107
50 108
50 109
51 122 124
50 121
50 122
50 123
50 124
50 125
51 121
51 122
51 123
51 124
51 125
52 121
52 122
52 123
52 124
52 125
51 126 128
50 125
50 126
50 127
50 128
50 129
51 125
51 126
51 127
51 128
51 129
52 125
52 126
52 127
52 128
52 129
51 136 137
50 135
50 136
50 137
50 138
51 135
51 136
51 137
51 138
52 135
52 136
52 137
52 138
52 5 7
51 4
51 5
51 6
51 7
51 8
52 4
52 5
52 6
52 7
52 8
53 4
53 5
53 6
52 42 44
51 41
52 50 52
51 49
51 50
51 51
51 52
52 93 95
51 92
51 93
51 94
51 95
51 96
52 92
52 93
52 94
52 95
52 96
52 97 99
51 96
51 97
51 98
51 99
51 100
52 96
52 112 113
51 111
51 112
51 113
51 114
52 111
52 112
52 113
52 114
53 111
53 112
52 115 117
51 114
51 115
51 116
52 131 133
51 130
53 16 18
52 15
52 16
52 17
52 18
52 19
53 15
53 16
53 17
53 18
53 19
54 15
54 16
54 17
54 18
53 31 33
52 30
53 46 48
52 45
52 46
52 47
52 48
52 49
53 45
53 46
53 47
53 48
53 49
54 45
54 46
54 47
54 48
54 49
53 56 58
52 55
52 56
52 57
52 58
52 59
53 55
53 56
53 57
53 58
53 59
54 55
54 56
54 57
54 58
54 59
53 67 69
52 66
52 67
52 68
52 69
52 70
53 66
53 67
53 68
53 69
53 70
54 66
53 88 90
52 87
52 88
53 122 124
52 121
52 122
52 123
52 124
52 125
53 121
53 122
53 123
53 124
53 125
54 121
54 122
54 2 4
53 1
53 2
53 3
53 4
53 5
54 1
54 2
54 3
54 4
54 5
55 1
55 2
55 3
55 4
55 5
54 10 12
53 9
53 10
53 11
53 12
54 25 27
53 24
53 25
53 26
53 27
53 28
54 41 42
53 40
53 41
53 42
53 43
54 40
54 41
54 42
54 43
54 83 85
53 82
53 83
53 84
54 93 95
53 92
53 93
53 94
53 95
53 96
54 92
54 110 111
53 109
53 110
53 111
53 112
54 114 115
53 113
53 114
53 115
53 116
54 113
54 114
54 115
54 116
55 113
54 130 132
53 129
53 130
53 131
53 132
53 133
54 129
54 130
54 131
54 132
54 133
55 129
55 130
55 14 16
54 13
54 14
54 15
54 16
54 17
55 13
55 14
55 15
55 16
55 17
56 13
55 19 21
54 18
55 33 35
54 32
54 33
54 34
54 35
54 36
55 32
55 33
55 34
55 35
55 36
56 32
55 37 39
54 36
54 37
54 38
54 39
54 40
55 36
55 37
55 38
55 39
55 40
56 36
56 37
55 47 49
54 46
54 47
54 48
54 49
55 51 53
54 50
54 51
54 52
54 53
55 58 60
54 57
54 58
54 59
55 63 65
54 62
54 63
54 64
54 65
54 66
55 78 80
54 77
54 78
54 79
54 80
54 81
55 77
55 105 107
54 104
54 105
54 106
54 107
54 108
55 104
55 105
55 106
55 107
55 108
56 104
56 105
56 106
56 107
55 117 117
54 116
54 117
54 118
55 116
55 117
55 118
56 116
56 117
55 125 127
54 124
54 125
54 126
54 127
54 128
55 124
55 125
55 126
55 127
55 128
56 124
56 125
56 126
56 127
56 128
55 135 137
54 134
54 135
54 136
54 137
54 138
55 134
56 3 5
55 2
55 3
55 4
55 5
56 24 26
55 23
55 24
55 25
55 26
55 27
56 23
56 24
56 25
56 26
56 27
57 23
57 24
57 25
57 26
57 27
56 44 45
55 43
55 44
55 45
55 46
56 43
56 44
56 45
56 46
57 43
56 70 72
55 69
56 83 85
55 82
55 83
55 84
55 85
55 86
56 82
56 83
56 84
56 85
56 86
57 82
57 83
57 84
57 85
57 86
56 110 112
55 109
55 110
55 111
55 112
55 113
57 7 9
56 6
56 7
56 8
56 9
56 10
57 6
57 7
57 8
57 9
57 10
58 6
58 7
58 8
58 9
57 18 19
56 17
56 18
56 19
56 20
57 17
57 18
57 19
57 20
57 35 37
56 34
56 35
56 36
56 37
57 53 55
56 52
56 53
56 54
56 55
56 56
57 52
57 53
57 54
57 55
57 56
58 52
58 53
58 54
58 55
58 56
57 74 76
56 73
56 74
56 75
56 76
56 77
57 73
57 74
57 75
57 76
57 77
58 73
58 74
58 75
58 76
58 77
57 105 107
56 104
56 105
56 106
56 107
57 116 117
56 115
56 116
56 117
57 124 125
56 123
56 124
56 125
56 126
57 123
57 124
57 125
57 126
58 123
57 128 130
56 127
56 128
57 133 135
56 132
56 133
56 134
56 135
56 136
57 132
57 133
57 134
57 135
57 136
57 137 139
56 136
56 137
56 138
56 139
56 140
57 136
58 26 28
57 25
57 26
57 27
57 28
57 29
58 25
58 26
58 27
58 28
58 29
58 43 45
57 42
57 43
58 60 62
57 59
57 60
57 61
57 62
57 63
58 59
58 60
58 61
58 62
58 63
59 59
59 60
59 61
59 62
59 63
58 64 66
57 63
57 64
57 65
57 66
57 67
58 63
58 64
58 65
58 66
58 67
59 63
58 112 113
57 111
57 112
57 113
57 114
58 111
58 112
58 113
58 114
59 111
59 112
59 113
59 114
59 84 86
58 83
58 84
58 85
58 86
58 87
59 83
59 84
59 85
59 86
59 87
60 83
60 84
60 85
60 86
60 87
59 94 96
58 93
58 94
58 95
58 96
58 97
59 93
59 94
59 95
59 96
59 97
60 93
60 94
60 95
60 96
59 115 117
58 114
58 115
58 116
58 117
58 118
59 114
59 122 124
58 121
58 122
58 123
59 129 131
58 128
58 129
58 130
58 131
58 132
59 128
59 129
59 130
59 131
59 132
60 128
60 129
59 134 136
58 133
58 134
58 135
58 136
58 137
59 133
59 134
59 135
59 136
59 137
60 133
60 134
60 135
60 136
60 6 8
59 5
59 6
59 7
59 8
59 9
60 5
60 6
60 7
60 8
60 9
61 5
61 6
61 7
61 8
60 14 16
59 13
60 27 29
59 26
59 27
59 28
59 29
59 30
60 26
60 27
60 28
60 29
60 30
61 26
61 27
61 28
61 29
61 30
60 31 33
59 30
59 31
59 32
59 33
59 34
60 30
60 31
60 32
60 33
60 34
61 30
61 31
61 32
61 33
61 34
60 39 41
59 38
59 39
59 40
59 41
59 42
60 38
60 39
60 40
60 41
60 42
60 43 45
59 42
59 43
59 44
59 45
59 46
60 42
60 53 55
59 52
59 53
59 54
59 55
59 56
60 52
60 70 72
59 69
59 70
59 71
60 90 92
59 89
59 90
59 91
59 92
59 93
60 89
60 90
60 91
60 92
60 93
61 89
61 90
61 91
61 92
60 103 105
59 102
59 103
59 104
61 49 51
60 48
60 49
60 50
60 51
60 52
61 58 60
60 57
60 58
60 59
60 60
60 61
61 57
61 58
61 59
61 60
61 61
62 57
62 58
62 59
61 65 67
60 64
60 65
60 66
60 67
60 68
61 64
61 65
61 66
61 67
61 68
62 64
62 65
62 66
62 67
62 68
61 74 76
60 73
60 74
60 75
60 76
60 77
61 82 84
60 81
60 82
61 96 98
60 95
60 96
61 115 117
60 114
60 115
60 116
60 117
60 118
61 114
61 115
61 116
61 117
61 118
62 114
61 121 123
60 120
60 121
60 122
60 123
60 124
61 120
61 121
61 122
61 123
61 124
62 120
62 121
62 122
61 135 137
60 134
60 135
60 136
62 4 6
61 3
61 4
61 5
61 6
61 7
62 3
62 4
62 5
62 6
62 7
63 3
63 4
63 5
63 6
63 7
62 13 15
61 12
61 13
61 14
61 15
61 16
62 12
62 13
62 14
62 15
62 16
62 17 18
61 16
61 17
61 18
61 19
62 16
62 21 23
61 20
61 21
61 22
61 23
61 24
62 20
62 21
62 22
62 23
62 24
63 20
63 21
63 22
63 23
62 27 29
61 26
61 27
61 28
61 29
61 30
62 26
62 27
62 28
62 29
62 30
63 26
63 27
62 31 33
61 30
61 31
61 32
61 33
61 34
62 30
62 31
62 32
62 33
62 34
63 30
63 31
62 42 44
61 41
61 42
61 43
61 44
61 45
62 41
62 42
62 43
62 44
62 45
63 41
63 42
63 43
63 44
63 45
62 69 71
61 68
61 69
61 70
61 71
61 72
62 68
62 88 90
61 87
61 88
61 89
61 90
61 91
62 87
62 88
62 89
62 90
62 91
63 87
63 88
63 89
63 90
63 91
62 110 112
61 109
61 110
61 111
61 112
61 113
62 109
62 110
62 111
62 112
62 113
63 109
63 110
63 111
63 112
63 113
62 126 128
61 125
61 126
61 127
61 128
61 129
62 125
62 126
62 127
62 128
62 129
63 125
63 126
63 38 40
62 37
62 38
62 39
62 40
62 41
63 37
63 38
63 39
63 40
63 41
64 37
64 38
64 39
64 40
64 41
63 48 50
62 47
62 48
62 49
62 50
62 51
63 47
63 48
63 49
63 50
63 51
63 60 62
62 59
63 121 123
62 120
62 121
62 122
64 18 20
63 17
63 18
63 19
63 20
63 21
64 17
64 18
64 19
64 20
64 21
65 17
65 18
65 19
65 20
65 21
64 30 31
63 29
63 30
63 31
64 44 46
63 43
63 44
63 45
64 53 55
63 52
63 53
63 54
63 55
64 66 68
63 65
63 66
63 67
63 68
63 69
64 65
64 66
64 67
64 68
64 69
64 70 72
63 69
63 70
63 71
63 72
63 73
64 69
64 80 82
63 79
63 80
63 81
63 82
63 83
64 79
64 80
64 81
64 82
64 83
64 86 88
63 85
63 86
63 87
63 88
63 89
64 85
64 86
64 87
64 88
64 89
65 85
65 86
65 87
64 97 99
63 96
63 97
63 98
63 99
63 100
64 96
64 97
64 98
64 99
64 100
64 101 103
63 100
63 101
63 102
63 103
63 104
64 100
64 110 112
63 109
63 110
63 111
63 112
63 113
64 109
64 110
64 111
64 112
64 113
64 127 129
63 126
64 137 139
63 136
63 137
63 138
63 139
63 140
64 136
64 137
64 138
64 139
64 140
65 136
65 137
65 138
65 139
65 140
65 5 7
64 4
64 5
64 6
64 7
64 8
65 4
65 5
65 6
65 7
65 8
66 4
66 5
66 6
66 7
66 8
65 10 11
64 9
65 39 41
64 38
64 39
64 40
64 41
65 58 60
64 57
64 58
64 59
64 60
64 61
65 57
65 90 92
64 89
64 90
64 91
64 92
65 118 120
64 117
64 118
65 133 135
64 132
64 133
66 29 31
65 28
66 34 36
65 33
65 34
65 35
65 36
65 37
66 47 49
65 46
65 47
65 48
65 49
65 50
66 46
66 47
66 48
66 49
66 50
67 46
67 47
66 65 67
65 64
65 65
65 66
65 67
65 68
66 64
66 76 78
65 75
65 76
65 77
65 78
65 79
66 75
66 76
66 77
66 78
66 79
67 75
67 76
66 86 88
65 85
65 86
65 87
66 99 101
65 98
65 99
65 100
65 101
65 102
66 98
66 99
66 100
66 101
66 102
67 98
67 99
67 100
66 114 115
65 113
65 114
65 115
65 116
66 113
66 114
66 115
66 116
67 113
67 114
67 115
67 116
66 126 128
65 125
65 126
65 127
65 128
65 129
66 125
66 126
66 127
66 128
66 129
67 125
67 126
67 127
67 128
67 129
66 137 139
65 136
65 137
65 138
65 139
65 140
66 136
66 137
66 138
66 139
66 140
67 136
67 137
67 138
67 139
67 140
67 24 26
66 23
66 24
66 25
66 26
66 27
67 23
67 24
67 25
67 26
67 27
68 23
68 24
68 25
68 26
68 27
67 40 42
66 39
66 40
66 41
66 42
66 43
67 39
67 40
67 41
67 42
67 43
68 39
67 55 57
66 54
66 55
66 56
66 57
66 58
67 54
67 55
67 56
67 57
67 58
68 54
68 55
68 56
68 57
68 58
67 61 63
66 60
66 61
66 62
66 63
66 64
67 72 74
66 71
66 72
66 73
67 80 82
66 79
66 80
66 81
66 82
66 83
67 79
67 80
67 81
67 82
67 83
68 79
68 80
68 81
68 82
68 83
67 95 97
66 94
66 95
66 96
66 97
66 98
67 94
67 117 119
66 116
66 117
66 118
66 119
66 120
67 116
67 117
67 118
67 119
67 120
67 132 134
66 131
66 132
66 133
66 134
66 135
67 131
67 132
67 133
67 134
67 135
68 131
68 132
68 133
68 18 20
67 17
67 18
67 19
67 20
67 21
68 17
68 18
68 19
68 20
68 21
69 17
69 18
69 19
69 20
69 21
68 29 31
67 28
67 29
67 30
67 31
67 32
68 28
68 29
68 30
68 31
68 32
69 28
69 29
69 30
69 31
69 32
68 33 35
67 32
67 33
67 34
67 35
67 36
68 32
68 33
68 34
68 35
68 36
69 32
68 46 48
67 45
67 46
67 47
68 50 52
67 49
67 50
67 51
67 52
67 53
68 103 104
67 102
67 103
67 104
67 105
68 128 130
67 127
67 128
67 129
69 4 6
68 3
68 4
68 5
68 6
68 7
69 3
69 4
69 5
69 6
69 7
70 3
69 14 16
68 13
68 14
69 25 27
68 24
68 25
68 26
68 27
68 28
69 24
69 25
69 26
69 27
69 28
70 24
70 25
69 58 60
68 57
68 58
69 77 78
68 76
68 77
68 78
68 79
69 76
69 77
69 78
69 79
70 76
70 77
70 78
70 79
69 83 85
68 82
68 83
69 97 99
68 96
68 97
68 98
68 99
68 100
69 96
69 97
69 98
69 99
69 100
70 96
70 97
70 98
70 99
70 100
69 111 113
68 110
68 111
68 112
68 113
68 114
69 110
69 111
69 112
69 113
69 114
70 110
70 111
70 112
69 133 135
68 132
68 133
70 8 8
69 7
69 8
69 9
70 7
70 8
70 9
71 7
71 8
71 9
70 65 67
69 64
69 65
69 66
69 67
69 68
70 64
70 65
70 66
70 67
70 68
71 64
71 65
71 66
71 67
71 68
70 72 73
69 71
69 72
69 73
69 74
70 71
70 72
70 73
70 74
71 71
71 72
71 73
71 74
70 88 90
69 87
69 88
69 89
69 90
69 91
70 87
70 92 94
69 91
69 92
69 93
70 101 103
69 100
69 101
69 102
69 103
69 104
70 100
70 106 108
69 105
69 106
69 107
69 108
69 109
70 105
70 106
70 107
70 108
70 109
71 105
71 106
71 107
71 24 26
70 23
70 24
70 25
71 35 37
70 34
70 35
70 36
70 37
70 38
71 46 48
70 45
70 46
70 47
70 48
70 49
71 45
71 46
71 47
71 48
71 49
72 45
72 46
72 47
72 48
72 49
71 50 52
70 49
70 50
70 51
70 52
70 53
71 49
71 50
71 51
71 52
71 53
72 49
72 50
72 51
72 52
72 53
71 60 61
70 59
70 60
70 61
70 62
71 59
71 60
71 61
71 62
72 59
71 83 85
70 82
70 83
70 84
70 85
70 86
71 82
71 83
71 84
71 85
71 86
72 82
72 83
72 84
72 85
72 86
71 114 116
70 113
70 114
70 115
70 116
70 117
71 113
71 114
71 115
71 116
71 117
71 132 134
70 131
70 132
70 133
70 134
70 135
71 131
71 132
71 133
71 134
71 135
72 131
72 132
72 133
72 134
72 40 42
71 39
71 40
71 41
71 42
71 43
72 39
72 40
72 41
72 42
72 43
73 39
73 40
72 56 58
71 55
71 56
71 57
71 58
71 59
72 55
72 56
72 57
72 58
72 59
72 65 67
71 64
71 65
71 66
71 67
71 68
72 64
72 65
72 66
72 67
72 68
73 64
73 65
73 66
73 67
73 68
72 69 71
71 68
71 69
71 70
71 71
71 72
72 68
72 69
72 70
72 71
72 72
73 68
72 101 103
71 100
71 101
71 102
71 103
71 104
72 100
72 101
72 102
72 103
72 104
73 100
73 101
73 102
73 103
73 104
72 122 124
71 121
71 122
71 123
71 124
71 125
72 121
72 122
72 123
72 124
72 125
73 121
73 122
73 123
73 124
73 125
73 19 21
72 18
72 19
72 20
72 21
73 28 30
72 27
72 28
72 29
72 30
72 31
73 27
73 28
73 29
73 30
73 31
74 27
74 28
74 29
73 48 50
72 47
72 48
72 49
72 50
72 51
73 47
73 48
73 49
73 50
73 51
74 47
74 48
74 49
74 50
74 51
73 84 85
72 83
72 84
72 85
72 86
73 83
73 84
73 85
73 86
74 83
74 84
74 85
74 86
73 97 99
72 96
72 97
72 98
72 99
72 100
73 96
73 97
73 98
73 99
73 100
74 96
74 97
74 98
73 105 107
72 104
72 105
72 106
72 107
72 108
73 104
73 127 129
72 126
72 127
72 128
72 129
72 130
73 126
73 127
73 128
73 129
73 130
74 126
74 127
74 128
74 129
74 130
73 134 136
72 133
72 134
74 3 5
73 2
73 3
73 4
74 12 14
73 11
73 12
73 13
73 14
73 15
74 11
74 12
74 13
74 14
74 15
75 11
75 12
75 13
75 14
75 15
74 43 45
73 42
73 43
73 44
73 45
73 46
74 42
74 60 62
73 59
73 60
73 61
73 62
74 64 66
73 63
73 64
73 65
73 66
73 67
74 63
74 64
74 65
74 66
74 67
75 63
75 64
74 77 79
73 76
74 109 111
73 108
73 109
73 110
73 111
73 112
74 108
74 109
74 110
74 111
74 112
75 108
75 109
75 110
75 111
74 115 117
73 114
73 115
73 116
73 117
75 20 22
74 19
74 20
74 21
74 22
74 23
75 39 41
74 38
74 39
74 40
74 41
74 42
75 68 70
74 67
74 68
74 69
74 70
74 71
75 67
75 68
75 69
75 70
75 71
76 67
76 68
76 69
75 96 98
74 95
74 96
74 97
74 98
75 101 103
74 100
74 101
74 102
74 103
74 104
75 100
75 101
75 102
75 103
75 104
76 100
76 101
75 105 107
74 104
74 105
74 106
74 107
74 108
75 104
75 105
75 106
75 107
75 108
76 104
76 105
76 106
76 107
75 131 133
74 130
74 131
74 132
74 133
74 134
75 130
75 131
75 132
75 133
75 134
76 130
76 131
76 132
76 133
76 0 2
75 -1
75 0
75 1
75 2
75 3
76 -1
76 0
76 1
76 2
76 3
77 -1
77 0
77 1
77 2
77 3
76 9 11
75 8
75 9
75 10
75 11
75 12
76 8
76 9
76 10
76 11
76 12
77 8
76 45 47
75 44
75 45
75 46
75 47
75 48
76 44
76 45
76 46
76 47
76 48
76 49 51
75 48
75 49
75 50
75 51
75 52
76 48
76 53 55
75 52
75 53
75 54
75 55
75 56
76 52
76 53
76 54
76 55
76 56
77 52
77 53
77 54
77 55
76 64 64
75 63
75 64
76 85 87
75 84
75 85
75 86
75 87
75 88
76 84
76 111 113
75 110
75 111
76 124 126
75 123
75 124
75 125
75 126
77 21 22
76 20
76 21
76 22
76 23
77 20
77 21
77 22
77 23
77 24 25
76 23
76 24
76 25
76 26
77 23
77 40 42
76 39
76 40
76 41
76 42
76 43
77 39
77 40
77 41
77 42
77 43
78 39
78 40
78 41
78 42
78 43
77 60 62
76 59
76 60
76 61
76 62
76 63
77 59
77 60
77 61
77 62
77 63
78 59
78 60
78 61
78 62
77 66 68
76 65
76 66
76 67
76 68
76 69
77 128 130
76 127
76 128
76 129
77 132 133
76 131
76 132
76 133
78 14 16
77 13
77 14
77 15
77 16
77 17
78 13
78 14
78 15
78 16
78 17
79 13
79 14
79 15
79 16
78 32 33
77 31
77 32
77 33
77 34
78 31
78 32
78 33
78 34
78 46 48
77 45
77 46
77 47
77 48
77 49
78 45
78 46
78 47
78 48
78 49
79 45
79 46
79 47
79 48
78 55 57
77 54
77 55
78 70 72
77 69
77 70
77 71
77 72
77 73
78 69
78 70
78 71
78 72
78 73
79 69
78 84 86
77 83
77 84
77 85
77 86
77 87
78 83
78 84
78 85
78 86
78 87
78 97 98
77 96
77 97
77 98
77 99
78 96
78 97
78 98
78 99
79 96
79 97
79 98
79 99
78 106 108
77 105
77 106
77 107
77 108
77 109
78 105
78 106
78 107
78 108
78 109
79 105
79 106
79 107
78 114 116
77 113
77 114
77 115
77 116
77 117
78 113
78 114
78 115
78 116
78 117
79 113
79 114
79 115
78 122 124
77 121
77 122
77 123
77 124
77 125
78 121
78 122
78 123
78 124
78 125
79 121
79 122
79 123
79 124
78 135 137
77 134
77 135
77 136
77 137
77 138
78 134
78 135
78 136
78 137
78 138
79 134
79 135
79 4 6
78 3
78 4
78 5
78 6
78 7
79 3
79 4
79 5
79 6
79 7
80 3
80 4
80 5
80 6
80 7
79 37 39
78 36
79 59 60
78 58
78 59
78 60
78 61
79 58
79 59
79 60
79 61
80 58
80 59
80 60
79 66 68
78 65
78 66
78 67
78 68
78 69
79 65
79 66
79 67
79 68
79 69
79 75 76
78 74
78 75
78 76
78 77
79 74
79 79 81
78 78
78 79
78 80
78 81
78 82
79 78
79 79
79 80
79 81
79 82
80 78
80 79
80 80
80 81
80 82
79 88 89
78 87
79 128 130
78 127
78 128
78 129
78 130
78 131
79 127
79 128
79 129
79 130
79 131
80 127
80 128
80 129
80 130
80 131
80 21 23
79 20
79 21
79 22
79 23
79 24
80 20
80 21
80 22
80 23
80 24
81 20
80 26 28
79 25
79 26
79 27
79 28
79 29
80 25
80 26
80 27
80 28
80 29
81 25
81 26
81 27
80 43 45
79 42
79 43
79 44
79 45
79 46
80 42
80 43
80 44
80 45
80 46
81 42
81 43
81 44
81 45
81 46
80 49 50
79 48
80 95 97
79 94
79 95
79 96
79 97
79 98
80 94
80 95
80 96
80 97
80 98
81 94
81 95
81 96
81 97
81 98
80 103 105
79 102
79 103
79 104
79 105
79 106
80 102
80 103
80 104
80 105
80 106
81 102
81 103
81 104
81 105
81 106
80 115 116
79 114
79 115
80 118 120
79 117
79 118
79 119
79 120
79 121
80 117
80 118
80 119
80 120
80 121
80 124 124
79 123
79 124
80 136 138
79 135
81 8 10
80 7
81 12 14
80 11
80 12
80 13
80 14
80 15
81 11
81 12
81 13
81 14
81 15
82 11
82 12
81 34 36
80 33
80 34
80 35
81 53 55
80 52
80 53
80 54
80 55
80 56
81 52
81 53
81 54
81 55
81 56
82 52
82 53
81 59 61
80 58
80 59
80 60
81 66 68
80 65
80 66
80 67
80 68
80 69
81 65
81 66
81 67
81 68
81 69
82 65
81 83 85
80 82
80 83
81 87 89
80 86
80 87
80 88
80 89
80 90
81 86
81 87
81 88
81 89
81 90
82 86
82 87
82 88
82 89
82 90
81 107 108
80 106
80 107
80 108
80 109
81 131 133
80 130
80 131
80 132
80 133
80 134
81 130
81 131
81 132
81 133
81 134
82 130
82 131
82 21 23
81 20
82 41 43
81 40
81 41
81 42
81 43
81 44
82 40
82 74 76
81 73
81 74
81 75
81 76
81 77
82 73
82 74
82 75
82 76
82 77
83 73
83 74
83 75
83 76
83 77
82 100 102
81 99
81 100
81 101
81 102
81 103
82 99
82 100
82 101
82 102
82 103
83 99
83 100
82 112 114
81 111
81 112
81 113
81 114
81 115
82 111
82 112
82 113
82 114
82 115
83 111
83 112
82 136 138
81 135
81 136
81 137
81 138
81 139
82 135
82 136
82 137
82 138
82 139
83 135
83 136
83 137
83 138
83 139
83 12 14
82 11
82 12
83 50 52
82 49
82 50
82 51
82 52
82 53
83 55 57
82 54
82 55
82 56
82 57
82 58
83 54
83 55
83 56
83 57
83 58
83 59 61
82 58
82 59
82 60
82 61
82 62
83 58
83 65 67
82 64
82 65
83 70 72
82 69
82 70
82 71
82 72
83 85 87
82 84
82 85
82 86
82 87
82 88
83 84
83 85
83 86
83 87
83 88
84 84
83 107 109
82 106
82 107
82 108
82 109
82 110
83 106
83 107
83 108
83 109
83 110
84 21 23
83 20
83 21
83 22
83 23
83 24
84 20
84 31 33
83 30
83 31
83 32
83 33
83 34
84 30
84 31
84 32
84 33
84 34
84 39 41
83 38
83 39
83 40
83 41
83 42
84 38
84 39
84 40
84 41
84 42
85 38
85 39
85 40
85 41
85 42
84 93 95
83 92
83 93
84 121 123
83 120
83 121
84 129 131
83 128
83 129
83 130
83 131
83 132
84 128
85 1 3
84 0
84 1
84 2
84 3
84 4
85 0
85 1
85 2
85 3
85 4
85 6 8
84 5
84 6
84 7
85 64 66
84 63
84 64
84 65
84 66
84 67
85 63
85 64
85 65
85 66
85 67
86 63
86 64
86 65
86 66
85 72 73
84 71
84 72
84 73
84 74
85 71
85 72
85 73
85 74
85 75 77
84 74
84 75
84 76
84 77
84 78
85 74
85 83 85
84 82
84 83
84 84
85 87 89
84 86
84 87
84 88
84 89
84 90
85 86
85 87
85 88
85 89
85 90
86 86
86 87
86 88
86 89
85 125 127
84 124
84 125
84 126
84 127
84 128
85 136 138
84 135
84 136
84 137
84 138
84 139
85 135
85 136
85 137
85 138
85 139
86 135
86 136
86 14 16
85 13
85 14
85 15
85 16
85 17
86 13
86 14
86 15
86 16
86 17
87 13
87 14
87 15
87 16
86 18 20
85 17
85 18
85 19
85 20
85 21
86 17
86 18
86 19
86 20
86 21
87 17
87 18
87 19
87 20
87 21
86 23 25
85 22
85 23
85 24
85 25
85 26
86 22
86 23
86 24
86 25
86 26
87 22
87 23
86 41 42
85 40
85 41
85 42
86 46 48
85 45
85 46
85 47
85 48
85 49
86 45
86 46
86 47
86 48
86 49
87 45
87 46
87 47
87 48
86 50 52
85 49
85 50
85 51
85 52
85 53
86 49
86 50
86 51
86 52
86 53
87 49
87 50
87 51
87 52
87 53
86 54 56
85 53
85 54
85 55
85 56
85 57
86 53
86 54
86 55
86 56
86 57
87 53
87 54
87 55
87 56
86 104 104
85 103
85 104
85 105
86 103
86 104
86 105
87 103
87 104
86 109 111
85 108
85 109
85 110
85 111
85 112
86 113 115
85 112
87 6 8
86 5
86 6
86 7
86 8
86 9
87 5
87 6
87 7
87 8
87 9
87 33 35
86 32
86 33
86 34
86 35
86 36
87 32
87 33
87 34
87 35
87 36
88 32
87 38 39
86 37
86 38
87 58 60
86 57
86 58
86 59
86 60
87 74 76
86 73
86 74
86 75
86 76
86 77
87 73
87 74
87 75
87 76
87 77
88 73
88 74
87 82 84
86 81
86 82
86 83
86 84
86 85
87 81
87 82
87 83
87 84
87 85
88 81
88 82
88 83
88 84
88 85
87 87 89
86 86
86 87
86 88
86 89
87 94 96
86 93
86 94
86 95
86 96
86 97
87 119 121
86 118
86 119
86 120
86 121
86 122
87 118
87 119
87 120
87 121
87 122
88 118
87 125 127
86 124
86 125
86 126
86 127
86 128
87 124
87 125
87 126
87 127
87 128
88 124
88 125
87 137 139
86 136
88 29 31
87 28
87 29
87 30
87 31
87 32
88 28
88 29
88 30
88 31
88 32
88 46 48
87 45
87 46
87 47
87 48
88 52 54
87 51
87 52
87 53
87 54
87 55
88 51
88 52
88 53
88 54
88 55
89 51
89 52
88 62 64
87 61
87 62
87 63
87 64
87 65
88 61
88 62
88 63
88 64
88 65
89 61
89 62
89 63
89 64
89 65
88 67 69
87 66
87 67
87 68
87 69
87 70
88 66
88 67
88 68
88 69
88 70
89 66
89 67
89 68
89 69
89 70
88 102 103
87 101
87 102
87 103
87 104
88 115 117
87 114
87 115
87 116
87 117
87 118
88 114
88 115
88 116
88 117
88 118
89 3 5
88 2
88 3
89 12 14
88 11
88 12
88 13
88 14
88 15
89 11
89 12
89 13
89 14
89 15
90 11
90 12
90 13
89 19 21
88 18
88 19
88 20
88 21
88 22
89 18
89 19
89 20
89 21
89 22
90 18
90 19
90 20
90 21
89 23 25
88 22
88 23
88 24
88 25
88 26
89 22
89 23
89 24
89 25
89 26
90 22
90 23
90 24
90 25
90 26
89 77 77
88 76
88 77
88 78
89 76
89 77
89 78
90 76
90 77
90 78
89 82 84
88 81
88 82
88 83
88 84
88 85
89 98 100
88 97
88 98
88 99
88 100
88 101
89 97
89 98
89 99
89 100
89 101
90 97
90 98
89 105 107
88 104
88 105
88 106
88 107
88 108
89 104
89 105
89 106
89 107
89 108
90 104
90 105
90 106
90 107
90 108
89 109 110
88 108
88 109
88 110
88 111
89 108
89 109
89 110
89 111
89 122 124
88 121
88 122
88 123
88 124
88 125
89 131 133
88 130
90 40 42
89 39
89 40
89 41
89 42
89 43
90 39
90 44 46
89 43
89 44
89 45
89 46
89 47
90 43
90 44
90 45
90 46
90 47
90 48 50
89 47
89 48
89 49
89 50
89 51
90 47
90 53 55
89 52
90 70 72
89 69
89 70
90 112 114
89 111
90 118 120
89 117
89 118
89 119
89 120
89 121
90 117
90 118
90 119
90 120
90 121
91 117
91 118
91 119
91 120
91 121
91 5 7
90 4
90 5
90 6
90 7
90 8
91 9 11
90 8
91 14 16
90 13
91 57 59
90 56
90 57
90 58
90 59
90 60
91 56
91 57
91 58
91 59
91 60
92 56
92 57
92 58
91 61 63
90 60
90 61
90 62
90 63
90 64
91 60
91 61
91 62
91 63
91 64
91 76 78
90 75
90 76
90 77
90 78
91 86 88
90 85
90 86
90 87
91 91 93
90 90
90 91
90 92
91 95 97
90 94
90 95
90 96
90 97
90 98
91 105 105
90 104
90 105
90 106
91 104
91 105
91 106
91 107 109
90 106
90 107
90 108
90 109
90 110
91 106
91 125 127
90 124
90 125
90 126
90 127
90 128
91 124
91 125
91 126
91 127
91 128
92 124
92 125
92 126
92 127
92 128
92 21 23
91 20
91 21
91 22
91 23
91 24
92 20
92 25 27
91 24
91 25
91 26
91 27
91 28
92 24
92 25
92 26
92 27
92 28
92 29 31
91 28
91 29
91 30
91 31
91 32
92 28
92 34 36
91 33
91 34
91 35
91 36
91 37
92 33
92 34
92 35
92 36
92 37
93 33
93 34
93 35
92 43 45
91 42
91 43
91 44
91 45
91 46
92 42
92 43
92 44
92 45
92 46
92 47 49
91 46
91 47
91 48
91 49
91 50
92 46
92 52 54
91 51
91 52
91 53
91 54
91 55
92 51
92 52
92 53
92 54
92 55
92 80 82
91 79
91 80
91 81
91 82
91 83
92 79
92 80
92 81
92 82
92 83
92 101 103
91 100
91 101
91 102
91 103
91 104
92 100
92 116 117
91 115
91 116
91 117
91 118
92 115
92 116
92 117
92 118
93 115
93 116
93 117
93 118
93 13 15
92 12
92 13
92 14
92 15
92 16
93 12
93 13
93 14
93 15
93 16
93 39 41
92 38
92 39
92 40
92 41
92 42
93 38
93 39
93 40
93 41
93 42
94 38
94 39
94 40
94 41
94 42
93 73 75
92 72
92 73
93 113 114
92 112
92 113
92 114
92 115
93 112
93 113
93 114
93 115
94 112
93 121 123
92 120
92 121
92 122
92 123
92 124
93 120
93 121
93 122
93 123
93 124
93 127 129
92 126
92 127
92 128
92 129
92 130
93 126
93 127
93 128
93 129
93 130
94 126
94 127
94 128
94 129
94 130
93 135 137
92 134
92 135
92 136
92 137
92 138
93 134
93 135
93 136
93 137
93 138
94 134
94 135
94 8 10
93 7
93 8
93 9
93 10
93 11
94 7
94 17 19
93 16
94 22 24
93 21
93 22
93 23
93 24
93 25
94 21
94 22
94 23
94 24
94 25
94 29 31
93 28
93 29
93 30
93 31
93 32
94 28
94 55 57
93 54
93 55
93 56
93 57
93 58
94 54
94 55
94 56
94 57
94 58
94 60 61
93 59
93 60
93 61
93 62
94 59
94 60
94 61
94 62
95 59
95 60
94 63 65
93 62
93 63
93 64
93 65
93 66
94 62
94 63
94 64
94 65
94 66
94 67 69
93 66
93 67
93 68
93 69
93 70
94 66
94 89 91
93 88
93 89
93 90
93 91
93 92
94 88
94 89
94 90
94 91
94 92
95 88
95 2 4
94 1
94 2
94 3
94 4
94 5
95 1
95 2
95 3
95 4
95 5
96 1
96 2
96 3
96 4
95 33 35
94 32
94 33
94 34
94 35
94 36
95 32
95 33
95 34
95 35
95 36
96 32
96 33
96 34
96 35
95 46 48
94 45
94 46
94 47
94 48
94 49
95 45
95 46
95 47
95 48
95 49
96 45
96 46
96 47
96 48
96 49
95 71 73
94 70
94 71
94 72
94 73
94 74
95 70
95 71
95 72
95 73
95 74
96 70
95 82 84
94 81
94 82
94 83
95 97 98
94 96
94 97
94 98
95 101 103
94 100
94 101
94 102
94 103
94 104
95 100
95 109 111
94 108
94 109
94 110
94 111
94 112
95 125 127
94 124
94 125
94 126
94 127
94 128
95 124
95 125
95 126
95 127
95 128
96 124
96 125
96 126
96 127
96 128
95 129 131
94 128
94 129
94 130
95 136 138
94 135
96 10 12
95 9
95 10
95 11
95 12
95 13
96 9
96 14 16
95 13
95 14
95 15
96 25 27
95 24
95 25
95 26
95 27
95 28
96 24
96 25
96 26
96 27
96 28
97 24
97 25
97 26
96 29 31
95 28
95 29
95 30
95 31
95 32
96 28
96 29
96 30
96 31
96 32
97 28
97 29
97 30
97 31
97 32
96 37 39
95 36
95 37
95 38
95 39
95 40
96 41 43
95 40
96 54 55
95 53
95 54
95 55
95 56
96 53
96 54
96 55
96 56
97 53
97 54
97 55
97 56
96 62 64
95 61
95 62
95 63
95 64
95 65
96 61
96 62
96 63
96 64
96 65
96 66 68
95 65
95 66
95 67
95 68
95 69
96 65
96 113 115
95 112
95 113
95 114
95 115
97 18 20
96 17
96 18
96 19
96 20
96 21
97 17
97 18
97 19
97 20
97 21
98 17
98 18
98 19
97 47 49
96 46
96 47
96 48
96 49
97 58 60
96 57
96 58
96 59
96 60
96 61
97 57
97 58
97 59
97 60
97 61
98 57
97 75 77
96 74
96 75
96 76
96 77
96 78
97 74
97 75
97 76
97 77
97 78
98 74
98 75
98 76
97 89 91
96 88
96 89
96 90
96 91
96 92
97 88
97 89
97 90
97 91
97 92
98 88
97 98 100
96 97
96 98
96 99
96 100
96 101
97 97
97 98
97 99
97 100
97 101
98 97
98 98
98 99
98 100
98 101
97 131 133
96 130
96 131
96 132
96 133
96 134
97 130
97 131
97 132
97 133
97 134
98 130
98 131
98 132
98 133
98 30 32
97 29
97 30
97 31
97 32
98 34 36
97 33
97 34
97 35
97 36
97 37
98 33
98 34
98 35
98 36
98 37
99 33
99 34
99 35
99 36
98 41 43
97 40
97 41
97 42
97 43
97 44
98 40
98 41
98 42
98 43
98 44
99 40
99 41
99 42
99 43
99 44
98 53 55
97 52
97 53
97 54
97 55
97 56
98 52
98 53
98 54
98 55
98 56
99 52
99 53
99 54
99 55
98 70 72
97 69
97 70
97 71
97 72
97 73
98 69
98 70
98 71
98 72
98 73
99 69
99 70
99 71
99 72
99 73
98 85 87
97 84
97 85
97 86
97 87
97 88
98 84
98 85
98 86
98 87
98 88
98 103 105
97 102
97 103
97 104
97 105
98 109 111
97 108
97 109
97 110
98 114 115
97 113
97 114
97 115
97 116
98 113
98 114
98 115
98 116
98 117 119
97 116
97 117
97 118
97 119
97 120
98 116
98 123 125
97 122
97 123
97 124
97 125
97 126
98 127 129
97 126
99 2 4
98 1
98 2
98 3
98 4
98 5
99 6 8
98 5
99 13 15
98 12
98 13
98 14
98 15
98 16
99 12
99 13
99 14
99 15
99 16
100 12
100 13
100 14
100 15
100 16
99 25 27
98 24
99 45 46
98 44
98 45
98 46
98 47
99 44
99 45
99 46
99 47
100 44
100 45
99 97 99
98 96
98 97
98 98
98 99
98 100
99 96
99 97
99 98
99 99
99 100
100 96
100 97
100 98
100 99
100 100
99 133 135
98 132
98 133
100 17 19
99 16
99 17
99 18
99 19
99 20
100 16
100 21 23
99 20
99 21
99 22
99 23
99 24
100 20
100 21
100 22
100 23
100 24
101 20
101 21
101 22
101 23
101 24
100 31 33
99 30
99 31
99 32
99 33
99 34
100 30
100 31
100 32
100 33
100 34
101 30
101 31
101 32
101 33
101 34
100 41 43
99 40
99 41
99 42
99 43
99 44
100 40
100 41
100 42
100 43
100 44
101 40
101 41
101 42
100 50 52
99 49
99 50
99 51
99 52
99 53
100 49
100 50
100 51
100 52
100 53
101 49
101 50
100 54 56
99 53
99 54
99 55
100 63 65
99 62
99 63
99 64
99 65
99 66
100 62
100 83 85
99 82
100 89 90
99 88
99 89
99 90
99 91
100 88
100 89
100 90
100 91
100 102 104
99 101
99 102
99 103
99 104
99 105
100 101
100 102
100 103
100 104
100 105
100 107 109
99 106
99 107
99 108
99 109
99 110
100 106
100 107
100 108
100 109
100 110
100 111 113
99 110
99 111
99 112
99 113
99 114
100 110
100 117 119
99 116
99 117
99 118
99 119
99 120
100 116
100 117
100 118
100 119
100 120
101 116
101 117
101 118
101 119
100 121 123
99 120
99 121
101 25 27
100 24
100 25
100 26
100 27
100 28
101 24
101 46 48
100 45
101 58 59
100 57
100 58
100 59
100 60
101 57
101 58
101 59
101 60
102 57
102 58
102 59
102 60
101 68 70
100 67
100 68
100 69
101 78 80
100 77
100 78
100 79
100 80
100 81
101 77
101 78
101 79
101 80
101 81
102 77
101 97 99
100 96
100 97
100 98
100 99
100 100
101 96
101 97
101 98
101 99
101 100
102 96
102 97
102 98
101 135 137
100 134
100 135
100 136
100 137
100 138
101 134
101 135
101 136
101 137
101 138
102 134
102 135
102 136
102 137
102 138
102 7 9
101 6
101 7
101 8
101 9
101 10
102 6
102 7
102 8
102 9
102 10
103 6
103 7
103 8
103 9
103 10
102 11 13
101 10
101 11
101 12
101 13
101 14
102 10
102 11
102 12
102 13
102 14
103 10
103 11
103 12
103 13
102 18 20
101 17
101 18
101 19
101 20
101 21
102 17
102 18
102 19
102 20
102 21
102 29 31
101 28
101 29
101 30
101 31
101 32
102 28
102 29
102 30
102 31
102 32
103 28
103 29
103 30
103 31
103 32
102 34 36
101 33
101 34
102 50 52
101 49
101 50
102 103 105
101 102
101 103
101 104
101 105
101 106
102 102
102 103
102 104
102 105
102 106
103 102
103 103
103 1 3
102 0
102 1
102 2
102 3
102 4
103 0
103 1
103 2
103 3
103 4
104 0
104 1
104 2
104 3
103 44 46
102 43
102 44
102 45
102 46
102 47
103 43
103 44
103 45
103 46
103 47
104 43
104 44
104 45
104 46
104 47
103 61 63
102 60
103 75 77
102 74
102 75
102 76
102 77
103 99 100
102 98
103 107 109
102 106
102 107
102 108
102 109
102 110
103 106
103 107
103 108
103 109
103 110
104 106
104 107
104 108
103 117 119
102 116
102 117
102 118
102 119
102 120
103 116
103 117
103 118
103 119
103 120
104 116
104 117
103 133 135
102 132
102 133
102 134
102 135
102 136
103 132
103 133
103 134
103 135
103 136
104 132
104 133
104 134
104 135
104 11 13
103 10
103 11
103 12
103 13
104 16 18
103 15
103 16
103 17
103 18
103 19
104 15
104 16
104 17
104 18
104 19
105 15
104 23 25
103 22
103 23
103 24
103 25
103 26
104 22
104 23
104 24
104 25
104 26
105 22
105 23
105 24
105 25
105 26
104 30 32
103 29
103 30
103 31
103 32
103 33
104 29
104 30
104 31
104 32
104 33
105 29
105 30
105 31
105 32
105 33
104 53 55
103 52
103 53
103 54
103 55
103 56
104 52
104 53
104 54
104 55
104 56
105 52
105 53
104 70 71
103 69
103 70
103 71
103 72
104 69
104 70
104 71
104 72
105 69
105 70
105 71
105 72
104 79 81
103 78
103 79
103 80
103 81
103 82
104 78
104 79
104 80
104 81
104 82
105 78
105 79
105 80
105 81
104 83 85
103 82
103 83
103 84
104 87 89
103 86
103 87
103 88
103 89
103 90
104 86
104 87
104 88
104 89
104 90
105 86
105 87
105 88
105 89
105 90
104 103 105
103 102
103 103
104 113 114
103 112
103 113
103 114
103 115
104 112
104 113
104 114
104 115
105 112
105 113
105 114
105 115
104 122 124
103 121
103 122
103 123
103 124
103 125
104 121
104 122
104 123
104 124
104 125
105 121
105 122
105 123
105 124
105 125
104 126 128
103 125
103 126
103 127
103 128
103 129
104 125
104 126
104 127
104 128
104 129
105 125
105 35 37
104 34
104 35
104 36
104 37
104 38
105 34
105 35
105 36
105 37
105 38
106 34
106 35
105 44 45
104 43
104 44
104 45
104 46
105 43
105 44
105 45
105 46
106 43
106 44
106 45
105 49 51
104 48
104 49
104 50
104 51
104 52
105 48
105 49
105 50
105 51
105 52
106 48
106 49
106 50
105 73 75
104 72
104 73
104 74
104 75
104 76
105 72
105 95 96
104 94
104 95
104 96
104 97
105 94
105 95
105 96
105 97
106 94
106 95
106 96
105 118 120
104 117
105 130 132
104 129
104 130
106 23 24
105 22
105 23
105 24
105 25
106 22
106 26 28
105 25
105 26
106 31 33
105 30
105 31
105 32
105 33
105 34
106 30
106 31
106 32
106 33
106 34
107 30
107 31
106 40 42
105 39
105 40
105 41
105 42
105 43
106 39
106 40
106 41
106 42
106 43
107 39
107 40
107 41
106 60 62
105 59
105 60
105 61
105 62
105 63
106 59
106 60
106 61
106 62
106 63
107 59
107 60
107 61
107 62
107 63
106 80 82
105 79
105 80
105 81
106 88 89
105 87
105 88
105 89
105 90
106 101 103
105 100
105 101
105 102
105 103
105 104
106 100
106 101
106 102
106 103
106 104
107 100
107 101
107 102
107 103
106 108 110
105 107
105 108
105 109
105 110
105 111
106 107
106 108
106 109
106 110
106 111
107 107
107 108
107 109
107 4 6
106 3
106 4
106 5
106 6
107 9 11
106 8
106 9
106 10
106 11
106 12
107 8
107 9
107 10
107 11
107 12
108 8
108 9
108 10
108 11
108 12
107 50 52
106 49
106 50
107 67 69
106 66
106 67
106 68
106 69
106 70
107 66
107 67
107 68
107 69
107 70
108 66
108 67
108 68
107 93 95
106 92
106 93
106 94
106 95
106 96
107 120 121
106 119
106 120
106 121
106 122
107 119
107 120
107 121
107 122
108 119
108 120
107 130 132
106 129
106 130
106 131
106 132
106 133
107 129
107 135 137
106 134
106 135
106 136
106 137
106 138
107 134
108 13 15
107 12
107 13
107 14
107 15
107 16
108 12
108 35 36
107 34
107 35
107 36
107 37
108 46 48
107 45
107 46
107 47
107 48
108 63 65
107 62
107 63
107 64
107 65
107 66
108 62
108 63
108 64
108 65
108 66
109 62
108 71 73
107 70
107 71
107 72
107 73
107 74
108 70
108 71
108 72
108 73
108 74
109 70
109 71
109 72
109 73
109 74
108 75 77
107 74
107 75
107 76
107 77
107 78
108 74
108 75
108 76
108 77
108 78
109 74
108 81 83
107 80
107 81
107 82
107 83
107 84
108 80
108 81
108 82
108 83
108 84
109 80
109 81
108 100 102
107 99
107 100
107 101
107 102
107 103
108 106 108
107 105
107 106
107 107
107 108
107 109
108 111 113
107 110
107 111
107 112
107 113
108 124 124
107 123
107 124
107 125
108 123
108 124
108 125
109 123
108 126 128
107 125
107 126
107 127
107 128
107 129
109 7 9
108 6
108 7
108 8
108 9
108 10
109 6
109 7
109 8
109 9
109 10
109 25 27
108 24
108 25
108 26
108 27
108 28
109 24
109 25
109 26
109 27
109 28
109 31 33
108 30
108 31
108 32
108 33
108 34
109 30
109 94 96
108 93
108 94
108 95
108 96
108 97
109 93
109 94
109 95
109 96
109 97
110 93
110 94
110 95
110 96
110 97
109 117 119
108 116
108 117
108 118
108 119
108 120
109 132 134
108 131
108 132
108 133
108 134
108 135
109 131
109 132
109 133
109 134
109 135
110 131
110 132
110 133
109 137 139
108 136
108 137
108 138
108 139
108 140
109 136
109 137
109 138
109 139
109 140
110 136
110 137
110 138
110 139
110 140
110 14 16
109 13
109 14
109 15
109 16
109 17
110 13
110 14
110 15
110 16
110 17
110 20 22
109 19
109 20
109 21
109 22
109 23
110 19
110 20
110 21
110 22
110 23
111 19
111 20
111 21
111 22
110 48 50
109 47
109 48
109 49
109 50
109 51
110 47
110 48
110 49
110 50
110 51
111 47
110 67 68
109 66
109 67
109 68
109 69
110 66
110 67
110 68
110 69
111 66
111 67
111 68
111 69
110 79 80
109 78
109 79
109 80
109 81
110 101 103
109 100
109 101
109 102
109 103
109 104
110 100
110 101
110 102
110 103
110 104
111 100
111 101
111 102
111 103
111 104
110 105 106
109 104
109 105
109 106
109 107
110 104
110 105
110 106
110 107
111 104
111 105
111 106
111 107
110 113 115
109 112
109 113
109 114
109 115
109 116
110 112
110 113
110 114
110 115
110 116
111 112
111 113
111 114
111 115
111 116
110 126 127
109 125
109 126
109 127
109 128
110 125
110 126
110 127
110 128
111 5 6
110 4
110 5
110 6
110 7
111 4
111 5
111 6
111 7
112 4
112 5
112 6
111 24 26
110 23
110 24
110 25
110 26
110 27
111 23
111 24
111 25
111 26
111 27
112 23
112 24
112 25
111 34 36
110 33
110 34
110 35
110 36
110 37
111 33
111 43 45
110 42
110 43
110 44
110 45
110 46
111 42
111 43
111 44
111 45
111 46
112 42
112 43
112 44
111 60 62
110 59
110 60
110 61
110 62
110 63
111 59
111 60
111 61
111 62
111 63
112 59
112 60
112 61
111 74 76
110 73
110 74
110 75
110 76
110 77
111 73
111 74
111 75
111 76
111 77
112 73
112 74
112 75
111 108 110
110 107
110 108
110 109
110 110
111 117 118
110 116
110 117
110 118
110 119
111 116
111 122 124
110 121
110 122
110 123
110 124
110 125
111 121
111 122
111 123
111 124
111 125
112 121
112 122
112 123
112 124
112 125
111 129 131
110 128
112 19 21
111 18
111 19
111 20
111 21
111 22
112 29 31
111 28
111 29
111 30
111 31
111 32
112 28
112 29
112 30
112 31
112 32
113 28
113 29
113 30
113 31
112 39 41
111 38
111 39
111 40
111 41
111 42
112 38
112 39
112 40
112 41
112 42
113 38
113 39
113 40
112 47 49
111 46
111 47
112 82 84
111 81
111 82
111 83
111 84
111 85
112 81
112 82
112 83
112 84
112 85
112 87 89
111 86
111 87
111 88
111 89
111 90
112 95 97
111 94
111 95
111 96
111 97
111 98
112 94
112 95
112 96
112 97
112 98
113 94
113 95
113 96
113 97
112 134 136
111 133
111 134
111 135
111 136
111 137
112 133
112 134
112 135
112 136
112 137
113 133
113 134
113 135
113 136
113 137
113 7 9
112 6
113 52 54
112 51
112 52
112 53
113 56 58
112 55
112 56
112 57
112 58
112 59
113 55
113 56
113 57
113 58
113 59
114 55
114 56
114 57
114 58
113 69 71
112 68
112 69
112 70
112 71
113 76 78
112 75
113 116 118
112 115
112 116
112 117
112 118
112 119
113 115
113 116
113 117
113 118
113 119
114 115
114 116
114 117
114 118
114 119
113 123 125
112 122
112 123
112 124
112 125
114 4 5
113 3
113 4
113 5
113 6
114 3
114 4
114 5
114 6
115 3
115 4
115 5
115 6
114 15 17
113 14
113 15
113 16
113 17
113 18
114 14
114 15
114 16
114 17
114 18
114 31 33
113 30
113 31
114 90 92
113 89
113 90
113 91
113 92
113 93
114 89
114 90
114 91
114 92
114 93
115 89
115 90
114 95 97
113 94
113 95
113 96
113 97
114 108 110
113 107
113 108
113 109
113 110
113 111
114 107
114 108
114 109
114 110
114 111
115 107
115 108
115 109
115 110
115 111
114 112 114
113 111
113 112
113 113
113 114
113 115
114 111
114 112
114 113
114 114
114 115
115 111
115 0 2
114 -1
114 0
114 1
114 2
114 3
115 -1
115 0
115 1
115 2
115 3
116 -1
116 0
116 1
116 2
116 3
115 11 12
114 10
114 11
114 12
114 13
115 10
115 11
115 12
115 13
116 10
116 11
116 12
115 19 21
114 18
115 39 41
114 38
115 43 45
114 42
114 43
114 44
114 45
114 46
115 42
115 43
115 44
115 45
115 46
115 47 49
114 46
114 47
114 48
114 49
114 50
115 46
115 65 67
114 64
114 65
114 66
114 67
114 68
115 64
115 65
115 66
115 67
115 68
116 64
116 65
115 82 84
114 81
114 82
114 83
114 84
114 85
115 81
115 132 134
114 131
114 132
114 133
114 134
114 135
115 131
115 132
115 133
115 134
115 135
116 131
116 132
116 133
116 7 9
115 6
115 7
115 8
115 9
115 10
116 6
116 7
116 8
116 9
116 10
117 6
117 7
117 8
116 69 71
115 68
115 69
115 70
115 71
115 72
116 68
116 69
116 70
116 71
116 72
117 68
117 69
116 94 96
115 93
115 94
115 95
115 96
115 97
116 93
116 94
116 95
116 96
116 97
116 123 125
115 122
115 123
115 124
115 125
115 126
116 122
116 123
116 124
116 125
116 126
117 122
117 2 4
116 1
116 2
116 3
116 4
116 5
117 1
117 2
117 3
117 4
117 5
118 1
118 2
118 3
118 4
118 5
117 12 14
116 11
116 12
117 64 65
116 63
116 64
116 65
117 76 78
116 75
116 76
116 77
116 78
116 79
117 75
117 76
117 77
117 78
117 79
118 75
117 98 100
116 97
117 102 104
116 101
116 102
116 103
116 104
117 113 115
116 112
116 113
116 114
116 115
116 116
117 112
117 113
117 114
117 115
117 116
118 112
117 129 131
116 128
116 129
116 130
118 7 8
117 6
117 7
117 8
118 18 20
117 17
117 18
117 19
117 20
117 21
118 17
118 18
118 19
118 20
118 21
119 17
118 25 27
117 24
117 25
118 30 32
117 29
117 30
117 31
117 32
117 33
118 29
118 40 42
117 39
117 40
117 41
117 42
117 43
118 39
118 40
118 41
118 42
118 43
119 39
119 40
119 41
119 42
119 43
118 49 51
117 48
117 49
117 50
117 51
117 52
118 48
118 49
118 50
118 51
118 52
119 48
119 49
118 54 56
117 53
117 54
117 55
117 56
117 57
118 53
118 54
118 55
118 56
118 57
118 58 60
117 57
117 58
117 59
117 60
117 61
118 57
118 67 69
117 66
117 67
117 68
117 69
118 81 83
117 80
117 81
117 82
117 83
117 84
118 80
118 81
118 82
118 83
118 84
119 80
118 88 90
117 87
117 88
117 89
117 90
117 91
118 87
118 88
118 89
118 90
118 91
119 87
119 88
119 89
118 117 119
117 116
117 117
117 118
118 134 136
117 133
117 134
117 135
119 45 47
118 44
118 45
118 46
118 47
118 48
119 44
119 45
119 46
119 47
119 48
120 44
120 45
119 76 78
118 75
119 97 99
118 96
118 97
118 98
118 99
118 100
119 96
119 97
119 98
119 99
119 100
119 101 103
118 100
118 101
118 102
118 103
118 104
119 100
119 106 108
118 105
118 106
118 107
118 108
118 109
119 105
119 110 112
118 109
118 110
118 111
118 112
119 127 127
118 126
118 127
118 128
119 126
119 127
119 128
120 126
120 4 6
119 3
119 4
119 5
119 6
119 7
120 3
120 4
120 5
120 6
120 7
121 3
121 4
120 12 14
119 11
119 12
119 13
120 16 18
119 15
119 16
119 17
120 21 23
119 20
119 21
119 22
119 23
119 24
120 20
120 21
120 22
120 23
120 24
121 20
120 26 28
119 25
119 26
119 27
119 28
119 29
120 25
120 26
120 27
120 28
120 29
121 25
121 26
121 27
121 28
121 29
120 31 33
119 30
119 31
119 32
119 33
119 34
120 30
120 31
120 32
120 33
120 34
121 30
121 31
121 32
121 33
120 49 51
119 48
119 49
120 54 56
119 53
119 54
119 55
119 56
119 57
120 53
120 54
120 55
120 56
120 57
121 53
120 84 86
119 83
119 84
119 85
119 86
119 87
120 83
120 93 94
119 92
119 93
119 94
119 95
120 92
120 93
120 94
120 95
121 92
121 93
121 94
120 117 119
119 116
119 117
119 118
119 119
119 120
120 116
120 123 125
119 122
119 123
119 124
119 125
119 126
120 122
120 123
120 124
120 125
120 126
121 39 41
120 38
120 39
120 40
120 41
121 45 47
120 44
120 45
121 59 61
120 58
120 59
120 60
120 61
120 62
121 58
121 59
121 60
121 61
121 62
122 58
122 59
121 64 66
120 63
120 64
120 65
120 66
120 67
121 63
121 64
121 65
121 66
121 67
122 63
122 64
122 65
122 66
122 67
121 74 76
120 73
120 74
120 75
120 76
120 77
121 73
121 74
121 75
121 76
121 77
122 73
122 74
122 75
122 76
122 77
121 101 102
120 100
120 101
120 102
120 103
121 100
121 109 111
120 108
120 109
120 110
120 111
120 112
121 108
121 109
121 110
121 111
121 112
122 108
122 109
122 110
122 111
122 112
121 128 130
120 127
120 128
120 129
120 130
120 131
121 127
121 128
121 129
121 130
121 131
122 127
122 2 4
121 1
121 2
121 3
121 4
122 9 11
121 8
121 9
122 19 21
121 18
121 19
121 20
122 29 31
121 28
121 29
122 52 54
121 51
121 52
121 53
122 90 92
121 89
121 90
121 91
121 92
121 93
122 89
122 90
122 91
122 92
122 93
123 89
123 90
123 91
123 92
123 93
122 96 98
121 95
121 96
121 97
122 124 126
121 123
121 124
121 125
121 126
121 127
122 123
122 124
122 125
122 126
122 127
122 135 137
121 134
121 135
121 136
123 71 73
122 70
122 71
122 72
122 73
122 74
123 70
123 71
123 72
123 73
123 74
123 75 76
122 74
122 75
122 76
122 77
123 74
123 85 87
122 84
122 85
122 86
122 87
122 88
123 84
123 85
123 86
123 87
123 88
124 84
124 85
124 86
124 87
124 88
124 7 9
123 6
123 7
124 28 30
123 27
123 28
123 29
123 30
123 31
124 27
124 28
124 29
124 30
124 31
125 27
125 28
124 35 37
123 34
123 35
123 36
123 37
123 38
124 34
124 35
124 36
124 37
124 38
124 39 41
123 38
123 39
123 40
123 41
123 42
124 38
124 65 67
123 64
123 65
123 66
123 67
123 68
124 64
124 65
124 66
124 67
124 68
125 64
124 79 81
123 78
123 79
123 80
123 81
123 82
124 78
124 79
124 80
124 81
124 82
125 78
125 79
125 80
125 81
124 95 97
123 94
123 95
123 96
123 97
123 98
124 94
124 95
124 96
124 97
124 98
125 94
125 95
125 96
125 97
125 98
124 101 103
123 100
123 101
123 102
123 103
123 104
124 106 108
123 105
123 106
123 107
123 108
123 109
124 105
124 106
124 107
124 108
124 109
125 105
125 106
124 112 113
123 111
124 132 134
123 131
123 132
123 133
123 134
123 135
124 131
124 132
124 133
124 134
124 135
125 19 21
124 18
124 19
124 20
124 21
124 22
125 18
125 19
125 20
125 21
125 22
126 18
125 48 50
124 47
124 48
124 49
124 50
124 51
125 47
125 48
125 49
125 50
125 51
126 47
126 48
126 49
126 50
126 51
125 52 54
124 51
124 52
124 53
124 54
124 55
125 51
125 52
125 53
125 54
125 55
126 51
125 75 77
124 74
124 75
124 76
124 77
124 78
125 74
125 75
125 76
125 77
125 78
126 74
126 75
125 85 87
124 84
124 85
124 86
124 87
124 88
125 115 117
124 114
124 115
124 116
124 117
124 118
125 114
125 115
125 116
125 117
125 118
126 114
126 115
125 125 127
124 124
124 125
124 126
125 136 138
124 135
126 12 14
125 11
125 12
126 23 25
125 22
125 23
126 27 29
125 26
125 27
125 28
126 41 42
125 40
125 41
125 42
125 43
126 40
126 41
126 42
126 43
127 40
127 41
126 58 60
125 57
125 58
125 59
125 60
125 61
126 57
126 58
126 59
126 60
126 61
127 57
127 58
127 59
127 60
127 61
126 67 69
125 66
125 67
125 68
125 69
125 70
126 66
126 81 83
125 80
125 81
126 91 93
125 90
125 91
125 92
125 93
125 94
126 90
126 91
126 92
126 93
126 94
127 90
127 91
127 92
126 103 105
125 102
125 103
125 104
125 105
125 106
127 1 3
126 0
126 1
126 2
126 3
126 4
127 8 9
126 7
126 8
126 9
126 10
127 7
127 8
127 9
127 10
128 7
128 8
128 9
128 10
127 18 20
126 17
126 18
127 36 38
126 35
126 36
126 37
126 38
127 53 55
126 52
126 53
126 54
126 55
126 56
127 52
127 53
127 54
127 55
127 56
128 52
127 63 65
126 62
126 63
126 64
126 65
126 66
127 73 75
126 72
126 73
126 74
126 75
127 77 79
126 76
126 77
126 78
126 79
126 80
127 76
127 77
127 78
127 79
127 80
128 76
128 77
128 78
128 79
128 80
127 108 110
126 107
126 108
126 109
126 110
126 111
127 112 113
126 111
127 115 117
126 114
126 115
127 131 133
126 130
126 131
126 132
126 133
126 134
127 130
127 131
127 132
127 133
127 134
128 130
128 131
128 132
128 133
128 23 25
127 22
127 23
127 24
127 25
127 26
128 22
128 23
128 24
128 25
128 26
128 27 29
127 26
127 27
127 28
127 29
127 30
128 26
128 42 44
127 41
128 90 92
127 89
127 90
127 91
127 92
128 98 100
127 97
127 98
127 99
127 100
127 101
128 97
128 98
128 99
128 100
128 101
129 97
128 128 129
127 127
127 128
127 129
127 130
128 127
128 128
128 129
128 130
129 127
129 128
129 129
129 130
128 137 139
127 136
127 137
127 138
127 139
127 140
128 136
128 137
128 138
128 139
128 140
129 136
129 137
129 138
129 139
129 140
129 10 12
128 9
128 10
129 39 40
128 38
128 39
128 40
128 41
129 38
129 39
129 40
129 41
130 38
130 39
129 47 48
128 46
128 47
128 48
128 49
129 46
129 47
129 48
129 49
130 46
130 47
130 48
129 50 52
128 49
128 50
128 51
128 52
129 56 58
128 55
128 56
128 57
128 58
128 59
129 55
129 56
129 57
129 58
129 59
130 55
130 56
130 57
130 58
130 59
129 76 78
128 75
128 76
128 77
128 78
128 79
129 75
129 76
129 77
129 78
129 79
130 75
130 76
130 77
130 78
130 79
129 86 88
128 85
128 86
128 87
128 88
128 89
129 85
129 86
129 87
129 88
129 89
130 85
130 86
130 87
130 88
130 89
129 104 106
128 103
128 104
128 105
128 106
128 107
129 103
129 104
129 105
129 106
129 107
130 103
130 104
130 105
130 106
130 107
129 117 119
128 116
128 117
128 118
128 119
128 120
129 116
129 117
129 118
129 119
129 120
130 116
130 117
130 118
130 119
130 120
129 124 126
128 123
128 124
128 125
128 126
128 127
129 123
129 124
129 125
129 126
129 127
130 123
130 124
130 125
130 126
130 127
130 19 21
129 18
130 33 35
129 32
129 33
129 34
129 35
129 36
130 32
130 33
130 34
130 35
130 36
131 32
131 33
131 34
131 35
131 36
130 72 74
129 71
129 72
129 73
129 74
129 75
130 71
130 72
130 73
130 74
130 75
131 71
131 72
131 73
131 74
131 75
130 112 114
129 111
129 112
129 113
129 114
129 115
130 111
130 112
130 113
130 114
130 115
131 111
131 112
131 113
131 114
131 115
130 132 134
129 131
129 132
129 133
129 134
129 135
130 131
130 132
130 133
130 134
130 135
131 131
131 132
131 133
131 134
131 135
130 137 139
129 136
129 137
129 138
129 139
129 140
130 136
130 137
130 138
130 139
130 140
131 136
131 26 28
130 25
130 26
130 27
131 40 42
130 39
131 45 47
130 44
130 45
130 46
130 47
130 48
131 61 63
130 60
130 61
130 62
130 63
130 64
131 60
131 61
131 62
131 63
131 64
131 98 100
130 97
130 98
130 99
130 100
130 101
131 97
131 98
131 99
131 100
131 101
132 97
132 98
131 106 108
130 105
130 106
130 107
132 6 8
131 5
131 6
131 7
131 8
131 9
132 5
132 6
132 7
132 8
132 9
133 5
132 10 12
131 9
131 10
131 11
131 12
131 13
132 9
132 10
132 11
132 12
132 13
133 9
133 10
133 11
133 12
133 13
132 17 19
131 16
131 17
131 18
131 19
131 20
132 16
132 17
132 18
132 19
132 20
132 21 23
131 20
131 21
131 22
131 23
131 24
132 20
132 35 37
131 34
131 35
131 36
131 37
131 38
132 34
132 35
132 36
132 37
132 38
132 52 54
131 51
131 52
131 53
131 54
131 55
132 51
132 52
132 53
132 54
132 55
133 51
132 68 70
131 67
131 68
132 79 81
131 78
131 79
131 80
131 81
131 82
132 78
132 79
132 80
132 81
132 82
133 78
133 79
133 80
132 92 93
131 91
131 92
131 93
131 94
132 91
132 92
132 93
132 94
133 91
133 92
133 93
133 94
132 114 116
131 113
131 114
131 115
132 119 121
131 118
131 119
131 120
131 121
131 122
132 118
132 119
132 120
132 121
132 122
133 118
133 119
133 120
133 121
133 122
132 127 129
131 126
131 127
131 128
131 129
131 130
132 131 133
131 130
132 135 137
131 134
131 135
131 136
133 29 31
132 28
132 29
132 30
132 31
132 32
133 28
133 29
133 30
133 31
133 32
134 28
134 29
134 30
133 39 41
132 38
133 58 60
132 57
132 58
132 59
132 60
132 61
133 57
133 58
133 59
133 60
133 61
134 57
134 58
134 59
133 64 66
132 63
132 64
132 65
132 66
133 84 86
132 83
132 84
132 85
132 86
132 87
133 83
133 84
133 85
133 86
133 87
134 83
134 84
133 89 90
132 88
132 89
132 90
132 91
133 88
133 89
133 90
133 91
134 88
134 89
133 99 101
132 98
134 3 5
133 2
133 3
133 4
133 5
134 26 27
133 25
133 26
133 27
134 45 47
133 44
133 45
133 46
133 47
133 48
134 44
134 45
134 46
134 47
134 48
135 44
135 45
135 46
135 47
135 48
134 50 52
133 49
133 50
133 51
134 75 77
133 74
134 79 81
133 78
133 79
133 80
134 110 112
133 109
133 110
134 114 116
133 113
133 114
133 115
133 116
133 117
134 113
134 114
134 115
134 116
134 117
135 113
135 114
134 122 124
133 121
133 122
134 130 132
133 129
133 130
133 131
133 132
133 133
134 129
134 130
134 131
134 132
134 133
135 18 19
134 17
134 18
134 19
134 20
135 17
135 33 35
134 32
134 33
134 34
134 35
134 36
135 32
135 33
135 34
135 35
135 36
136 32
136 33
136 34
136 35
136 36
135 37 39
134 36
134 37
134 38
134 39
134 40
135 36
135 37
135 38
135 39
135 40
136 36
135 41 43
134 40
134 41
134 42
134 43
134 44
135 40
135 41
135 42
135 43
135 44
136 40
136 41
136 42
136 43
136 44
135 60 62
134 59
135 71 73
134 70
134 71
134 72
134 73
134 74
135 70
135 71
135 72
135 73
135 74
136 70
136 71
136 72
136 73
136 74
135 90 92
134 89
135 126 128
134 125
134 126
134 127
134 128
134 129
135 125
135 126
135 127
135 128
135 129
136 125
136 126
136 127
136 128
135 135 137
134 134
134 135
134 136
134 137
134 138
135 134
135 135
135 136
135 137
135 138
136 134
136 135
136 136
136 14 16
135 13
135 14
135 15
135 16
135 17
136 27 29
135 26
135 27
135 28
135 29
135 30
136 26
136 85 87
135 84
135 85
135 86
136 98 100
135 97
135 98
135 99
136 114 116
135 113
135 114
136 131 133
135 130
135 131
135 132
135 133
135 134
136 130
136 131
136 132
136 133
136 134
137 130
137 131
137 22 24
136 21
136 22
136 23
136 24
137 43 45
136 42
136 43
136 44
136 45
136 46
137 69 71
136 68
137 102 104
136 101
136 102
136 103
136 104
136 105
137 101
137 102
137 103
137 104
137 105
138 101
138 102
138 103
138 104
138 105
138 34 36
137 33
138 55 57
137 54
138 81 81
137 80
137 81
137 82
138 83 85
137 82
138 89 91
137 88
137 89
137 90
137 91
137 92
138 88
138 112 114
137 111
138 129 131
137 128
137 129
137 130
137 131
139 2 4
138 1
138 2
138 3
138 4
138 5
139 1
139 2
139 3
139 4
139 5
140 1
140 2
140 3
140 4
140 5
139 7 9
138 6
138 7
138 8
138 9
138 10
139 6
139 7
139 8
139 9
139 10
140 6
140 7
140 8
140 9
140 10
139 12 12
138 11
139 15 16
138 14
138 15
138 16
138 17
139 18 20
138 17
139 47 49
138 46
138 47
138 48
138 49
138 50
139 46
139 47
139 48
139 49
139 50
140 46
140 47
140 48
140 49
140 50
139 68 70
138 67
138 68
138 69
138 70
138 71
139 67
139 68
139 69
139 70
139 71
140 67
140 68
140 69
140 70
140 71
139 75 77
138 74
139 95 97
138 94
139 134 136
138 133
138 134
138 135
138 136
138 137
139 133
139 134
139 135
139 136
139 137
140 133
140 134
140 135
140 136
140 137
530495
