(1, 33) [998, 874]
(1, 46) [453, 407]
(1, 84) [845, 240]
(1, 89) [773, 345]
(1, 115) [307, 298]
(1, 122) [527, 164]
(2, 26) [125, 593]
(2, 36) [331, 516]
(2, 73) [76, 196]
(2, 92) [861, 377]
(3, 63) [752, 70]
(4, 68) [74, 899]
(3, 132) [175, 839]
(5, 10) [750, 468]
(5, 36) [497, 366]
(5, 74) [745, 234]
(4, 84) [289, 418]
(6, 27) [283, 681]
(6, 61) [797, 960]
(7, 91) [686, 847]
(8, 53) [969, 883]
(8, 81) [276, 988]
(9, 11) [835, 180]
(9, 61) [444, 584]
(8, 22) [513, 45]
(10, 96) [962, 71]
(10, 134) [674, 534]
(10, 39) [891, 129]
(11, 44) [957, 93]
(10, 89) [291, 59]
(9, 126) [707, 646]
(12, 55) [610, 886]
(12, 71) [314, 892]
(11, 103) [231, 926]
(13, 85) [139, 627]
(14, 5) [36, 211]
(14, 66) [191, 243]
(14, 104) [172, 242]
(15, 125) [457, 873]
(16, 53) [702, 726]
(16, 101) [24, 860]
(18, 55) [971, 897]
(19, 46) [930, 521]
(18, 72) [737, 698]
(20, 18) [248, 753]
(20, 107) [558, 242]
(21, 40) [674, 397]
(20, 90) [296, 737]
(22, 65) [199, 443]
(22, 78) [353, 604]
(23, 6) [407, 165]
(23, 32) [352, 840]
(23, 90) [799, 439]
(24, 49) [643, 688]
(24, 70) [726, 83]
(23, 81) [939, 318]
(23, 23) [599, 943]
(25, 34) [424, 492]
(23, 96) [135, 55]
(24, 115) [535, 681]
(26, 10) [163, 740]
(26, 100) [137, 366]
(26, 78) [830, 313]
(27, 131) [352, 346]
(28, 104) [701, 64]
(29, 27) [928, 383]
(29, 77) [182, 484]
(30, 15) [665, 774]
(30, 59) [69, 265]
(30, 116) [910, 708]
(30, 132) [450, 657]
(31, 38) [433, 373]
(31, 85) [62, 465]
(31, 109) [736, 326]
(31, 104) [305, 154]
(33, 9) [392, 599]
(33, 28) [806, 438]
(33, 50) [463, 200]
(33, 84) [415, 847]
(33, 62) [517, 24]
(35, 114) [581, 635]
(33, 132) [879, 616]
(36, 97) [578, 654]
(36, 70) [229, 461]
(37, 81) [923, 900]
(38, 56) [651, 846]
(37, 124) [437, 157]
(39, 92) [431, 632]
(39, 135) [310, 871]
(40, 6) [581, 60]
(40, 99) [261, 896]
(40, 113) [22, 363]
(41, 12) [349, 602]
(41, 20) [354, 958]
(39, 44) [156, 666]
(41, 132) [976, 87]
(42, 128) [926, 645]
(43, 45) [703, 602]
(44, 7) [228, 126]
(44, 12) [589, 747]
(44, 51) [770, 125]
(44, 57) [588, 389]
(44, 74) [902, 797]
(45, 30) [909, 232]
(45, 86) [358, 986]
(46, 94) [807, 520]
(46, 98) [34, 323]
(44, 111) [754, 734]
(46, 20) [919, 213]
(47, 45) [530, 728]
(48, 11) [881, 610]
(48, 27) [774, 836]
(47, 34) [345, 19]
(47, 62) [644, 670]
(48, 102) [218, 21]
(49, 8) [401, 991]
(48, 90) [511, 528]
(51, 41) [447, 552]
(51, 52) [857, 852]
(51, 66) [605, 252]
(50, 109) [602, 727]
(51, 116) [529, 174]
(51, 130) [10, 437]
(52, 88) [653, 794]
(52, 96) [550, 520]
(53, 112) [80, 96]
(54, 18) [536, 575]
(54, 49) [519, 479]
(54, 59) [448, 288]
(54, 66) [251, 306]
(55, 5) [373, 698]
(55, 113) [40, 346]
(56, 37) [112, 263]
(56, 107) [785, 666]
(56, 117) [9, 92]
(56, 128) [127, 784]
(57, 43) [92, 297]
(58, 123) [20, 519]
(57, 136) [978, 194]
(59, 63) [193, 259]
(59, 114) [17, 747]
(60, 96) [763, 527]
(60, 136) [647, 744]
(60, 42) [284, 513]
(60, 52) [429, 932]
(62, 59) [413, 602]
(62, 68) [414, 993]
(62, 122) [835, 978]
(62, 16) [103, 37]
(63, 31) [297, 41]
(63, 45) [422, 673]
(63, 126) [686, 791]
(64, 41) [423, 859]
(64, 69) [848, 276]
(65, 87) [792, 266]
(64, 100) [700, 152]
(67, 47) [700, 802]
(66, 64) [492, 872]
(67, 129) [724, 677]
(68, 58) [259, 947]
(68, 83) [287, 516]
(68, 133) [233, 697]
(69, 32) [534, 546]
(70, 25) [818, 678]
(70, 100) [332, 540]
(72, 59) [49, 203]
(72, 134) [128, 102]
(73, 68) [497, 404]
(73, 104) [795, 263]
(74, 98) [353, 599]
(74, 42) [682, 689]
(75, 64) [456, 1]
(75, 111) [790, 785]
(76, 69) [296, 306]
(76, 133) [910, 59]
(76, 48) [645, 343]
(77, 55) [105, 310]
(77, 23) [50, 15]
(79, 48) [229, 51]
(79, 69) [330, 336]
(78, 87) [149, 16]
(79, 115) [771, 15]
(79, 124) [701, 9]
(79, 135) [522, 686]
(80, 7) [354, 535]
(80, 60) [73, 918]
(81, 20) [948, 755]
(82, 12) [796, 354]
(82, 53) [286, 361]
(82, 65) [714, 112]
(83, 58) [406, 802]
(84, 84) [162, 187]
(85, 42) [705, 58]
(84, 128) [506, 718]
(85, 74) [19, 239]
(86, 89) [993, 921]
(86, 136) [884, 324]
(87, 48) [407, 963]
(87, 104) [1, 72]
(85, 112) [310, 196]
(88, 32) [343, 189]
(88, 85) [209, 892]
(88, 118) [484, 406]
(88, 125) [956, 204]
(89, 52) [878, 816]
(89, 70) [955, 739]
(90, 13) [861, 679]
(90, 78) [7, 597]
(90, 98) [705, 161]
(89, 111) [20, 473]
(90, 47) [425, 147]
(90, 8) [718, 939]
(91, 106) [8, 671]
(92, 28) [698, 778]
(92, 46) [648, 806]
(93, 16) [620, 267]
(94, 112) [15, 794]
(94, 130) [128, 662]
(94, 135) [998, 429]
(94, 66) [411, 309]
(96, 49) [772, 108]
(97, 32) [379, 554]
(95, 40) [120, 944]
(96, 65) [378, 888]
(98, 88) [363, 753]
(98, 133) [391, 898]
(99, 55) [310, 159]
(98, 116) [23, 108]
(97, 126) [853, 233]
(98, 5) [636, 425]
(100, 16) [343, 728]
(100, 45) [87, 905]
(101, 24) [747, 399]
(101, 34) [770, 443]
(101, 50) [855, 660]
(100, 110) [318, 410]
(102, 60) [24, 669]
(102, 77) [760, 427]
(102, 98) [785, 14]
(103, 13) [414, 292]
(103, 103) [980, 779]
(104, 117) [897, 378]
(105, 26) [751, 584]
(105, 72) [74, 228]
(105, 81) [537, 927]
(105, 90) [130, 75]
(105, 125) [615, 423]
(106, 50) [160, 935]
(106, 96) [66, 374]
(107, 103) [613, 550]
(107, 109) [414, 352]
(108, 12) [968, 231]
(108, 120) [73, 697]
(107, 129) [611, 888]
(109, 74) [900, 869]
(109, 81) [269, 36]
(111, 22) [569, 320]
(111, 47) [499, 211]
(111, 116) [295, 43]
(110, 128) [94, 746]
(112, 6) [28, 429]
(112, 75) [878, 960]
(112, 125) [829, 402]
(113, 31) [799, 477]
(113, 97) [209, 996]
(114, 18) [838, 209]
(115, 111) [255, 212]
(116, 12) [88, 485]
(115, 46) [920, 456]
(116, 65) [410, 16]
(117, 8) [699, 28]
(117, 69) [580, 843]
(116, 97) [659, 754]
(118, 75) [589, 255]
(118, 112) [485, 469]
(119, 17) [303, 514]
(119, 49) [476, 674]
(118, 57) [273, 961]
(120, 45) [303, 525]
(119, 100) [326, 309]
(120, 126) [5, 468]
(121, 4) [208, 984]
(121, 20) [148, 396]
(121, 29) [261, 587]
(121, 53) [597, 558]
(122, 127) [626, 599]
(123, 74) [935, 56]
(124, 88) [146, 532]
(125, 28) [896, 208]
(124, 38) [216, 192]
(125, 81) [423, 572]
(125, 106) [678, 677]
(124, 135) [813, 871]
(126, 18) [186, 535]
(126, 51) [796, 916]
(126, 75) [810, 926]
(126, 115) [394, 499]
(127, 41) [42, 215]
(126, 66) [592, 808]
(127, 92) [545, 451]
(128, 10) [25, 178]
(128, 52) [652, 244]
(126, 111) [671, 33]
(128, 26) [951, 472]
(130, 39) [64, 914]
(130, 48) [22, 707]
(130, 107) [947, 654]
(131, 115) [368, 395]
(131, 136) [304, 681]
(132, 98) [419, 144]
(133, 5) [981, 915]
(132, 20) [809, 755]
(132, 38) [318, 457]
(133, 51) [248, 806]
(133, 80) [338, 603]
(133, 122) [223, 789]
(131, 130) [626, 498]
(134, 59) [384, 967]
(134, 89) [46, 296]
(135, 114) [824, 993]
(135, 17) [47, 967]
(136, 36) [761, 265]
(137, 131) [581, 728]
(137, 82) [1, 292]
(138, 17) [44, 291]
80253814
