mul\((\d+),(\d+)\)
764 432
464 877
442 248
413 237
658 740
776 693
37 549
324 662
385 637
977 582
830 993
936 747
332 184
46 855
419 712
919 234
504 468
422 532
217 331
225 876
708 740
676 750
382 991
99 839
268 148
127 487
885 259
350 499
195 950
650 33
424 696
390 972
427 851
949 353
573 903
68 654
511 431
92 597
429 869
591 611
937 13
426 779
467 229
124 908
306 205
122 886
256 104
896 439
170 621
894 224
45 794
508 731
631 369
686 265
743 347
135 902
537 808
870 738
638 908
559 730
543 233
799 224
326 153
666 338
165 352
472 860
172 850
446 398
65 759
878 291
876 893
140 704
869 315
678 599
932 748
386 747
818 939
921 168
638 516
298 881
377 193
413 790
290 650
184 516
648 933
366 695
652 578
813 742
220 395
306 791
411 867
951 759
712 348
271 919
716 99
432 702
231 863
793 210
707 5
253 394
364 663
932 681
103 187
854 247
210 680
132 872
751 243
956 861
145 716
695 434
570 627
153 887
636 279
734 297
294 388
616 771
840 851
842 820
911 662
129 906
827 375
604 456
917 4
991 864
mul\((\d+),(\d+)\)
268 523
529 582
502 968
660 428
420 265
335 526
668 634
247 669
127 447
212 258
44 546
585 821
989 728
342 24
364 418
474 693
660 458
161 289
470 114
191 922
788 224
943 80
851 893
899 45
415 381
231 70
448 367
289 87
904 749
968 194
870 120
600 920
115 664
610 337
298 868
867 344
432 958
467 977
352 542
789 556
896 384
605 128
330 426
888 194
479 997
191 723
778 490
528 355
46 146
403 254
577 671
48 344
712 163
915 922
549 657
329 939
284 476
222 43
910 869
788 67
207 403
30 554
488 914
172 584
539 461
723 745
459 942
736 786
205 846
504 389
77 56
280 433
371 584
789 626
425 865
147 913
276 667
772 384
175 418
385 391
34 685
955 486
751 36
292 939
922 786
509 319
368 393
669 638
624 613
182 524
493 610
154 36
798 764
528 806
320 851
54 119
217 910
83 725
320 495
227 708
704 444
537 623
950 788
762 538
320 188
409 827
593 494
176 781
867 289
988 363
328 657
267 245
512 563
714 108
915 59
603 610
818 99
862 430
753 588
951 140
227 728
880 404
142 308
169 329
mul\((\d+),(\d+)\)
741 733
548 224
2 71
725 404
297 724
947 838
790 28
835 540
972 469
138 483
341 749
612 570
515 488
34 300
23 509
562 995
389 582
471 527
508 33
830 991
633 390
814 262
22 229
953 625
379 547
91 536
652 911
69 842
716 899
982 781
817 868
970 432
831 166
962 71
154 77
694 15
528 162
142 754
655 759
635 891
870 17
572 986
505 484
148 423
447 149
398 503
849 927
414 758
785 945
825 196
821 830
772 994
726 28
605 458
348 185
589 220
794 413
304 645
868 644
721 731
607 787
330 519
688 27
613 901
109 675
215 90
510 614
556 832
311 911
186 829
282 970
564 450
717 126
258 73
279 948
261 830
49 267
321 66
433 995
527 662
421 478
691 138
955 262
68 370
193 632
524 700
218 55
565 514
109 545
105 999
987 236
687 816
938 279
691 145
41 544
570 635
9 757
813 966
883 668
365 202
294 171
339 99
889 554
894 93
336 810
577 787
869 136
305 559
485 13
400 334
383 562
299 80
138 839
227 499
676 445
729 898
63 361
250 283
853 961
681 763
257 601
63 48
132 829
955 599
mul\((\d+),(\d+)\)
349 100
639 832
291 635
68 328
561 433
476 757
433 885
842 227
781 485
38 48
357 808
288 574
808 10
951 296
610 313
149 511
827 66
916 777
7 633
473 278
319 778
726 467
831 806
775 347
726 551
597 921
455 34
448 270
511 532
760 666
92 145
42 637
5 53
106 78
786 227
887 922
751 988
993 608
688 318
844 978
518 709
870 779
152 548
695 828
140 429
220 21
197 575
877 158
20 722
871 95
653 206
407 149
18 668
619 122
210 989
227 605
544 743
356 416
249 285
390 652
589 220
232 55
307 846
369 469
19 907
164 476
282 691
338 811
923 366
942 26
413 313
648 753
260 249
234 679
877 30
710 206
784 5
576 49
162 508
374 31
147 279
473 743
44 151
569 667
569 170
777 62
950 61
710 254
763 761
937 352
251 776
92 996
191 83
460 881
556 927
959 193
527 510
249 945
544 237
267 851
307 557
843 50
64 418
3 598
872 409
488 750
291 456
214 180
826 373
352 25
621 463
555 787
101 143
652 242
182 828
41 911
427 652
401 829
419 508
639 931
439 850
436 463
978 442
774 966
mul\((\d+),(\d+)\)
991 617
651 334
606 204
923 691
612 299
202 157
249 499
551 475
984 743
663 9
194 110
479 245
871 243
388 877
378 483
576 182
553 439
456 902
652 206
806 447
122 447
631 200
282 263
293 299
191 296
507 539
943 705
607 665
999 373
128 496
300 594
705 533
839 490
720 40
923 591
219 581
948 585
738 871
652 488
185 880
226 434
243 420
788 699
139 65
775 736
638 276
557 233
788 214
126 843
724 72
763 451
45 65
967 412
554 494
940 910
694 443
137 554
282 932
912 430
422 275
291 719
228 905
297 951
351 763
55 551
602 509
892 745
710 309
502 180
748 42
967 554
905 988
832 628
684 138
999 175
820 632
556 919
551 185
119 633
948 271
768 473
455 58
10 588
278 417
579 932
718 759
589 406
129 646
396 125
124 605
709 199
870 426
943 771
77 114
255 648
223 167
916 377
203 800
908 5
654 351
277 129
385 379
631 708
975 488
709 628
993 979
200 512
513 307
54 431
760 466
288 539
971 734
930 91
495 350
547 584
651 987
647 831
970 350
733 982
711 84
155 424
835 960
224 397
460 961
mul\((\d+),(\d+)\)
569 29
257 927
262 57
682 237
288 390
993 513
344 101
745 407
994 769
64 386
649 12
622 952
748 291
732 541
56 362
989 553
49 38
152 282
417 40
315 700
202 130
149 735
642 551
919 260
179 593
861 829
96 350
388 816
324 383
367 490
699 273
740 544
642 910
506 68
226 343
926 201
830 828
659 943
951 729
562 108
628 628
849 196
18 166
557 897
58 489
903 900
832 848
753 825
994 559
852 720
934 678
716 485
80 923
448 41
172 28
125 977
700 828
951 132
120 480
792 225
743 130
399 684
972 89
620 244
438 463
476 537
526 777
389 733
348 560
428 730
774 586
369 890
849 311
782 442
826 976
259 470
552 567
931 428
671 613
174 765
446 58
465 776
620 447
926 182
130 767
216 440
681 682
296 323
103 994
792 944
862 401
447 682
656 332
54 102
490 652
456 598
992 351
800 186
569 489
595 426
86 228
667 245
656 820
497 382
581 424
861 328
520 710
441 649
509 296
461 977
135 815
88 233
257 503
430 944
504 103
734 245
137 800
881 726
389 679
737 727
600 553
504 926
192767529
