[[10030, 10065, 10146, 10187, 10193, 10216, 10250, 10273, 10283, 10324, 10465, 10615, 10686, 10705, 10785, 11037, 11055, 11121, 11184, 11257, 11462, 11652, 11655, 11870, 11964, 11993, 12060, 12143, 12203, 12332, 12615, 12641, 12697, 12885, 12914, 12929, 12944, 12962, 13032, 13242, 13244, 13538, 13563, 13611, 13672, 13812, 13814, 13846, 13947, 13959, 14093, 14255, 14273, 14279, 14307, 14484, 14524, 14545, 14596, 14648, 14801, 14952, 15120, 15328, 15373, 15587, 15767, 15782, 15802, 15819, 16007, 16121, 16253, 16291, 16376, 16425, 16474, 16479, 16501, 16563, 16610, 16788, 16797, 16904, 16907, 16911, 17047, 17089, 17102, 17124, 17138, 17163, 17257, 17328, 17376, 17519, 17582, 17615, 17679, 17684, 17930, 17940, 18013, 18062, 18089, 18103, 18127, 18278, 18476, 18723, 18764, 18896, 18920, 19025, 19070, 19120, 19263, 19321, 19467, 19562, 19594, 19622, 19697, 19715, 19758, 19816, 19883, 19950, 19985, 19990, 19993, 20013, 20128, 20144, 20218, 20256, 20523, 20579, 20619, 20660, 20670, 20780, 20969, 20971, 21151, 21160, 21551, 21601, 21631, 21801, 21814, 21845, 21854, 21889, 21961, 22060, 22110, 22179, 22251, 22351, 22463, 22517, 22667, 22743, 22822, 22901, 22949, 23040, 23206, 23301, 23335, 23343, 23344, 23431, 23510, 23554, 23685, 23722, 23736, 23954, 24025, 24033, 24040, 24144, 24181, 24235, 24241, 24356, 24407, 24442, 24524, 24536, 24638, 24796, 24821, 24861, 24892, 25049, 25091, 25172, 25178, 25361, 25530, 25691, 25704, 25745, 25797, 25814, 25857, 25980, 26032, 26068, 26166, 26207, 26255, 26323, 26344, 26437, 26491, 26543, 26716, 26771, 26779, 26786, 26875, 26912, 26945, 26980, 27147, 27275, 27442, 27660, 27755, 27824, 27825, 27917, 27918, 28024, 28026, 28077, 28093, 28223, 28987, 29200, 29286, 29315, 29343, 29358, 29380, 29464, 29626, 29730, 30038, 30153, 30194, 30229, 30433, 30554, 30724, 30748, 30750, 30914, 30973, 31131, 31167, 31223, 31455, 31523, 31585, 31588, 31600, 31700, 31733, 31842, 31843, 32058, 32140, 32431, 32525, 32590, 32612, 32696, 32740, 33185, 33232, 33233, 33299, 33376, 33414, 33650, 33863, 33909, 33931, 34023, 34043, 34086, 34150, 34214, 34391, 34537, 34555, 34630, 34679, 34795, 34821, 35097, 35211, 35224, 35269, 35523, 35609, 35817, 35846, 35916, 35969, 36006, 36010, 36044, 36058, 36195, 36339, 36352, 36360, 36527, 36562, 36563, 36591, 36624, 36727, 36908, 36922, 37226, 37597, 37669, 37684, 37731, 37744, 37754, 37836, 37895, 38193, 38304, 38309, 38418, 38462, 38485, 38721, 38828, 38887, 38907, 38932, 39302, 39566, 39642, 39695, 39830, 39831, 39884, 39935, 40010, 40026, 40095, 40393, 40428, 40634, 41031, 41092, 41162, 41283, 41307, 41315, 41490, 41692, 41717, 41949, 41959, 42024, 42172, 42370, 42372, 42441, 42840, 42894, 42902, 43095, 43272, 43452, 43536, 43746, 43866, 43881, 43965, 44304, 44358, 44406, 44622, 44722, 44893, 44920, 45104, 45247, 45417, 45505, 45508, 45544, 45622, 45837, 45997, 46110, 46194, 46417, 46426, 46458, 46522, 46616, 46751, 46754, 46756, 46778, 46872, 46893, 46941, 46946, 46964, 47111, 47136, 47164, 47204, 47211, 47272, 47292, 47374, 47655, 47918, 47961, 47964, 48011, 48028, 48066, 48193, 48341, 48360, 48382, 48600, 48644, 48652, 48718, 48819, 48904, 48986, 49077, 49171, 49226, 49575, 49716, 49774, 49784, 49881, 49947, 50015, 50082, 50382, 50531, 50798, 50803, 50816, 50966, 50982, 51057, 51082, 51138, 51244, 51391, 51405, 51409, 51418, 51419, 51593, 51675, 51680, 51765, 51828, 51839, 51969, 52037, 52051, 52206, 52275, 52538, 52554, 52711, 52911, 52944, 52948, 52980, 53004, 53280, 53439, 53555, 53617, 53666, 53747, 53763, 53782, 53791, 53825, 53833, 54089, 54245, 54287, 54457, 54576, 54871, 54924, 54986, 55077, 55203, 55345, 55366, 55463, 55557, 55579, 55668, 55692, 55889, 56039, 56211, 56290, 56310, 56508, 56696, 56777, 56838, 57081, 57126, 57200, 57334, 57399, 57491, 57569, 57592, 57688, 57785, 57858, 57866, 57870, 57965, 58161, 58202, 58229, 58230, 58320, 58327, 58574, 58679, 58753, 58795, 58954, 58966, 59016, 59076, 59145, 59305, 59345, 59443, 59482, 59598, 59690, 59696, 59715, 59720, 59735, 59788, 59789, 59799, 59814, 59815, 59842, 59865, 60179, 60244, 60262, 60576, 60776, 60801, 60862, 60964, 61411, 61437, 61582, 61648, 61861, 61958, 61978, 62041, 62062, 62092, 62247, 62288, 62331, 62372, 62391, 62436, 62664, 62733, 62787, 62957, 63188, 63426, 63429, 63431, 63614, 63723, 63987, 64080, 64105, 64230, 64256, 64266, 64268, 64286, 64417, 64585, 65097, 65100, 65104, 65208, 65473, 65729, 65978, 66010, 66327, 66329, 66810, 66913, 66940, 66945, 67183, 67217, 67418, 67437, 67439, 67441, 67462, 67497, 67682, 67721, 67789, 67896, 68213, 68335, 68336, 68347, 68348, 68593, 68643, 68663, 68702, 68905, 68974, 69014, 69059, 69079, 69198, 69287, 69295, 69470, 69498, 69575, 69610, 69678, 69938, 70051, 70111, 70168, 70462, 70499, 70835, 70994, 71034, 71068, 71122, 71199, 71268, 71276, 71349, 71425, 71777, 71894, 72116, 72143, 72398, 72413, 72553, 72595, 72613, 72826, 72863, 72982, 73020, 73063, 73116, 73417, 73424, 73517, 73551, 73950, 74036, 74106, 74162, 74224, 74253, 74260, 74272, 74273, 74293, 74526, 74608, 74619, 74715, 74719, 74919, 74965, 75065, 75179, 75224, 75323, 75454, 75479, 75484, 75600, 75870, 75897, 76031, 76079, 76110, 76309, 76420, 76490, 76491, 76585, 76683, 76787, 76832, 76968, 77129, 77188, 77354, 77453, 77693, 77773, 77972, 78015, 78146, 78315, 78336, 78404, 78473, 78482, 78502, 78553, 78637, 78740, 78782, 78924, 79122, 79125, 79140, 79179, 79182, 79211, 79219, 79318, 79472, 79527, 79592, 79804, 79855, 80181, 80205, 80257, 80307, 80310, 80335, 80514, 80828, 80957, 80958, 81103, 81193, 81352, 81435, 81641, 81835, 82058, 82059, 82261, 82587, 82632, 82716, 82909, 83026, 83195, 83222, 83234, 83301, 83424, 83464, 83558, 83610, 83617, 83629, 83679, 83708, 84037, 84206, 84283, 84284, 84343, 84345, 84359, 84421, 84563, 84711, 84785, 84906, 85055, 85093, 85111, 85216, 85621, 85705, 85708, 85773, 85806, 85850, 86030, 86074, 86124, 86157, 86280, 86333, 86396, 86515, 86536, 86598, 86620, 86674, 86703, 86704, 86855, 86965, 87203, 87279, 87406, 87712, 87746, 87829, 87889, 87891, 87933, 88338, 88433, 88690, 88917, 89010, 89021, 89144, 89279, 89304, 89495, 89726, 89849, 89976, 90073, 90095, 90104, 90182, 90198, 90258, 90296, 90353, 90566, 90754, 90858, 90959, 90967, 90977, 91002, 91065, 91081, 91090, 91194, 91195, 91240, 91257, 91282, 91563, 91619, 91790, 91852, 91867, 92119, 92126, 92217, 92292, 92295, 92355, 92591, 92641, 92701, 92708, 92785, 92799, 92985, 93094, 93329, 93381, 93415, 93440, 93462, 93577, 93656, 93683, 93800, 93842, 93884, 94287, 94400, 94407, 94496, 94587, 94608, 94702, 94771, 95023, 95158, 95198, 95265, 95277, 95287, 95306, 95365, 95421, 95557, 95569, 95589, 95673, 95747, 95881, 95930, 95933, 96001, 96212, 96247, 96263, 96296, 96408, 96415, 96433, 96979, 97034, 97050, 97057, 97207, 97257, 97276, 97339, 97515, 97590, 97672, 97837, 97846, 97964, 98255, 98310, 98322, 98490, 98624, 98634, 98844, 98858, 99027, 99193, 99215, 99271, 99272, 99481, 99575, 99597, 99638, 99709, 99815, 99828, 99836, 99869, 99903, 99907, 99919, 99980], [10155, 10254, 10338, 10519, 11046, 11155, 11211, 11257, 11257, 11257, 11257, 11257, 11257, 11257, 11257, 11257, 11338, 11445, 11652, 11652, 11652, 11652, 11652, 11652, 11652, 11652, 11652, 11652, 11652, 11652, 11652, 11652, 11652, 11652, 11652, 11652, 11652, 11683, 12418, 12480, 13115, 13284, 13286, 13534, 13814, 13814, 13814, 13814, 13814, 13814, 13814, 13814, 13865, 13945, 13972, 13983, 14157, 14263, 14296, 14488, 14835, 15226, 15497, 15728, 15767, 15767, 15767, 15767, 15767, 15767, 15767, 15767, 15772, 15875, 16128, 16210, 16292, 16417, 17166, 17219, 17531, 17538, 17666, 17746, 18021, 18059, 18281, 18307, 18446, 18451, 18583, 18690, 19056, 19115, 19133, 19172, 19203, 19260, 19261, 19476, 19487, 19613, 19665, 19716, 19861, 19911, 20044, 20144, 20144, 20144, 20144, 20144, 20144, 20144, 20144, 20144, 20144, 20144, 20144, 20144, 20144, 20176, 20399, 21452, 21538, 21645, 21944, 21978, 22068, 22110, 22110, 22110, 22110, 22110, 22110, 22110, 22110, 22110, 22110, 22110, 22110, 22110, 22110, 22110, 22110, 22110, 22110, 22110, 22110, 22179, 22392, 22482, 22664, 22743, 22743, 22743, 22743, 22743, 22743, 22867, 23330, 23332, 23682, 23823, 24218, 24407, 24407, 24407, 24407, 24407, 24407, 24407, 24439, 24740, 24785, 25236, 25379, 25415, 25952, 25965, 26207, 26207, 26207, 26207, 26207, 26207, 26207, 26207, 26207, 26207, 26207, 26207, 26207, 26207, 26207, 26871, 26943, 27091, 27153, 27211, 28441, 28710, 28739, 28792, 28955, 29053, 29078, 29131, 29144, 29317, 29396, 29422, 29464, 29464, 29464, 29518, 29640, 29642, 29713, 29756, 29808, 29880, 30253, 30267, 30276, 30387, 30498, 30619, 30621, 30669, 30973, 30973, 30973, 30973, 31139, 31141, 31219, 31224, 31330, 31600, 31600, 31600, 31600, 31600, 31600, 31838, 31869, 31912, 31931, 31992, 32206, 32371, 32522, 32529, 32578, 32821, 32902, 32921, 32974, 33117, 33218, 33232, 33232, 33232, 33232, 33232, 33232, 33232, 33232, 33232, 33232, 33232, 33232, 33232, 33232, 33232, 33232, 33232, 33232, 33551, 33552, 34504, 34590, 34630, 34630, 34630, 34630, 34630, 34630, 34630, 34630, 34630, 34630, 34630, 34630, 34630, 34630, 34630, 34630, 34630, 34713, 34972, 35274, 35392, 35435, 35518, 35542, 35743, 35809, 35817, 35817, 35817, 35817, 35817, 35877, 35925, 35991, 36125, 36199, 36273, 36480, 36491, 36587, 36957, 37253, 37383, 37673, 37685, 37867, 38145, 38168, 38179, 38261, 38265, 38439, 38506, 38603, 38828, 38828, 38828, 38845, 38925, 39149, 39255, 39293, 40258, 40292, 40617, 40634, 40634, 40634, 40666, 40738, 40797, 40869, 41123, 41145, 41408, 41511, 41860, 41914, 42338, 42542, 42585, 43055, 43195, 43240, 43373, 43382, 43387, 43463, 43974, 43993, 44068, 44315, 44415, 44615, 44785, 44824, 44877, 45078, 45129, 45220, 45391, 45453, 45483, 45826, 46231, 46417, 46417, 46417, 46417, 46458, 46458, 46458, 46458, 46458, 46458, 46458, 46458, 46458, 46484, 47307, 47318, 47551, 47580, 47674, 47750, 47848, 47866, 48055, 48241, 48826, 48834, 49013, 49165, 49166, 49271, 49340, 49538, 49688, 49771, 50043, 50228, 50244, 50347, 50354, 50356, 50531, 50531, 50531, 50531, 50531, 50531, 50531, 50531, 50531, 50531, 50531, 50531, 50531, 50838, 50916, 51010, 51286, 51301, 51573, 51680, 51680, 51680, 51680, 51680, 51766, 51834, 51839, 51839, 51839, 51839, 51839, 51839, 51839, 51839, 51839, 51839, 51839, 51839, 51839, 51839, 51839, 51839, 51839, 51839, 52008, 52010, 52166, 52187, 52370, 52636, 52843, 53121, 53152, 53715, 53746, 54032, 54166, 54916, 55418, 55489, 55582, 55634, 55741, 55786, 55890, 56133, 56222, 56328, 56492, 56797, 56838, 56838, 56838, 56838, 56838, 56838, 56838, 56838, 56838, 56838, 56838, 56838, 56838, 56838, 56838, 56838, 56838, 56838, 56838, 56912, 57114, 57141, 57314, 57345, 57403, 57514, 57710, 57734, 58054, 58084, 58240, 58382, 58782, 58789, 58906, 58949, 59155, 59180, 59265, 59327, 59484, 59600, 59795, 59815, 59815, 59815, 59815, 59815, 59815, 59853, 59883, 60301, 60701, 61112, 61279, 61478, 61505, 61958, 61958, 61958, 61958, 61958, 61958, 61958, 61958, 61958, 62373, 62622, 63130, 63142, 63272, 63371, 63446, 63567, 63687, 63729, 63803, 64037, 64082, 64244, 64245, 64528, 64788, 64946, 65255, 65301, 65555, 65638, 65640, 65725, 65766, 65939, 66052, 66162, 66181, 66254, 66395, 66512, 66868, 66886, 67122, 67130, 67137, 67268, 67355, 67461, 67946, 68029, 68169, 68264, 68406, 68734, 69439, 69449, 69498, 69825, 69886, 69964, 69969, 70046, 70229, 70256, 70270, 70403, 70424, 70450, 70540, 70627, 70936, 71184, 71249, 71275, 71365, 71443, 71725, 71876, 71986, 72040, 72060, 72178, 72460, 72475, 72561, 72562, 72587, 72616, 72628, 72883, 72994, 73134, 73143, 73288, 73406, 73641, 73642, 73746, 73796, 73844, 73920, 74178, 74260, 74260, 74590, 74652, 74681, 74768, 74846, 75529, 75609, 75696, 76180, 76364, 76922, 76943, 76995, 77056, 77068, 77314, 77390, 77493, 77640, 77691, 77754, 77885, 78146, 78146, 78146, 78146, 78261, 78339, 78404, 78404, 78404, 78404, 78404, 78404, 78404, 78404, 78404, 78404, 78404, 78420, 78740, 78740, 78740, 78740, 78740, 78740, 78740, 78740, 78740, 78740, 78740, 78740, 78740, 78740, 78740, 78740, 78740, 78740, 78813, 78889, 79342, 79915, 79925, 80239, 80257, 80257, 80257, 80257, 80257, 80257, 80257, 80257, 80257, 80257, 80257, 80257, 80257, 80257, 80257, 80372, 80497, 80504, 80582, 80830, 80950, 80975, 81103, 81103, 81103, 81103, 81103, 81103, 81103, 81103, 81103, 81103, 81103, 81103, 81110, 81120, 81222, 81274, 81408, 81531, 81557, 81582, 81601, 81673, 82010, 82057, 82068, 82205, 82404, 82437, 82468, 82612, 83322, 83520, 83633, 83707, 83708, 83708, 83708, 83708, 83708, 83708, 83708, 83708, 83708, 83708, 83708, 83708, 83708, 83708, 83708, 83708, 83708, 83708, 83708, 83727, 83760, 83818, 84034, 84248, 84275, 84542, 84785, 84785, 84785, 84785, 84785, 84785, 84785, 84785, 84785, 84785, 84905, 85056, 85077, 85095, 85162, 85475, 85621, 85621, 85621, 85621, 85621, 85621, 85621, 85621, 85770, 85897, 86344, 86443, 86537, 86674, 86674, 86674, 86674, 86674, 86674, 86674, 86674, 86674, 86674, 86674, 86674, 86674, 86674, 86674, 86674, 86728, 86771, 86793, 86828, 87026, 87123, 87307, 87511, 87957, 88030, 88031, 88101, 88201, 88209, 88449, 88594, 89015, 89540, 89592, 89612, 89654, 89753, 90095, 90095, 90095, 90095, 90095, 90095, 90095, 90095, 90095, 90095, 90095, 90417, 90566, 90566, 90566, 90566, 90566, 90566, 90566, 90566, 90566, 90566, 90566, 90566, 90566, 90566, 90566, 90646, 90722, 91050, 91083, 91688, 91815, 91866, 91918, 92012, 92014, 92083, 92326, 92512, 92826, 92827, 92832, 92995, 93014, 93056, 93282, 93288, 93293, 93315, 93494, 93555, 93623, 93776, 93778, 93854, 94140, 94142, 94220, 94287, 94287, 94287, 94287, 94287, 94380, 94525, 94608, 94608, 94608, 94608, 94608, 94608, 94608, 94608, 94608, 94608, 94608, 94608, 94851, 94878, 95064, 95589, 95589, 95589, 95589, 95589, 95589, 95589, 95589, 95589, 95589, 95589, 95589, 95701, 95795, 95863, 95959, 96138, 96499, 96595, 96909, 96958, 97034, 97034, 97034, 97034, 97034, 97034, 97034, 97237, 97433, 97623, 97704, 98003, 98022, 98144, 98938, 99012, 99088, 99188, 99288, 99455, 99475, 99780, 99801, 99982, 99995]]
10030 10155
10065 10254
10146 10338
10187 10519
10193 11046
10216 11155
10250 11211
10273 11257
10283 11257
10324 11257
10465 11257
10615 11257
10686 11257
10705 11257
10785 11257
11037 11257
11055 11338
11121 11445
11184 11652
11257 11652
11462 11652
11652 11652
11655 11652
11870 11652
11964 11652
11993 11652
12060 11652
12143 11652
12203 11652
12332 11652
12615 11652
12641 11652
12697 11652
12885 11652
12914 11652
12929 11652
12944 11652
12962 11683
13032 12418
13242 12480
13244 13115
13538 13284
13563 13286
13611 13534
13672 13814
13812 13814
13814 13814
13846 13814
13947 13814
13959 13814
14093 13814
14255 13814
14273 13865
14279 13945
14307 13972
14484 13983
14524 14157
14545 14263
14596 14296
14648 14488
14801 14835
14952 15226
15120 15497
15328 15728
15373 15767
15587 15767
15767 15767
15782 15767
15802 15767
15819 15767
16007 15767
16121 15767
16253 15772
16291 15875
16376 16128
16425 16210
16474 16292
16479 16417
16501 17166
16563 17219
16610 17531
16788 17538
16797 17666
16904 17746
16907 18021
16911 18059
17047 18281
17089 18307
17102 18446
17124 18451
17138 18583
17163 18690
17257 19056
17328 19115
17376 19133
17519 19172
17582 19203
17615 19260
17679 19261
17684 19476
17930 19487
17940 19613
18013 19665
18062 19716
18089 19861
18103 19911
18127 20044
18278 20144
18476 20144
18723 20144
18764 20144
18896 20144
18920 20144
19025 20144
19070 20144
19120 20144
19263 20144
19321 20144
19467 20144
19562 20144
19594 20144
19622 20176
19697 20399
19715 21452
19758 21538
19816 21645
19883 21944
19950 21978
19985 22068
19990 22110
19993 22110
20013 22110
20128 22110
20144 22110
20218 22110
20256 22110
20523 22110
20579 22110
20619 22110
20660 22110
20670 22110
20780 22110
20969 22110
20971 22110
21151 22110
21160 22110
21551 22110
21601 22110
21631 22110
21801 22179
21814 22392
21845 22482
21854 22664
21889 22743
21961 22743
22060 22743
22110 22743
22179 22743
22251 22743
22351 22867
22463 23330
22517 23332
22667 23682
22743 23823
22822 24218
22901 24407
22949 24407
23040 24407
23206 24407
23301 24407
23335 24407
23343 24407
23344 24439
23431 24740
23510 24785
23554 25236
23685 25379
23722 25415
23736 25952
23954 25965
24025 26207
24033 26207
24040 26207
24144 26207
24181 26207
24235 26207
24241 26207
24356 26207
24407 26207
24442 26207
24524 26207
24536 26207
24638 26207
24796 26207
24821 26207
24861 26871
24892 26943
25049 27091
25091 27153
25172 27211
25178 28441
25361 28710
25530 28739
25691 28792
25704 28955
25745 29053
25797 29078
25814 29131
25857 29144
25980 29317
26032 29396
26068 29422
26166 29464
26207 29464
26255 29464
26323 29518
26344 29640
26437 29642
26491 29713
26543 29756
26716 29808
26771 29880
26779 30253
26786 30267
26875 30276
26912 30387
26945 30498
26980 30619
27147 30621
27275 30669
27442 30973
27660 30973
27755 30973
27824 30973
27825 31139
27917 31141
27918 31219
28024 31224
28026 31330
28077 31600
28093 31600
28223 31600
28987 31600
29200 31600
29286 31600
29315 31838
29343 31869
29358 31912
29380 31931
29464 31992
29626 32206
29730 32371
30038 32522
30153 32529
30194 32578
30229 32821
30433 32902
30554 32921
30724 32974
30748 33117
30750 33218
30914 33232
30973 33232
31131 33232
31167 33232
31223 33232
31455 33232
31523 33232
31585 33232
31588 33232
31600 33232
31700 33232
31733 33232
31842 33232
31843 33232
32058 33232
32140 33232
32431 33232
32525 33232
32590 33551
32612 33552
32696 34504
32740 34590
33185 34630
33232 34630
33233 34630
33299 34630
33376 34630
33414 34630
33650 34630
33863 34630
33909 34630
33931 34630
34023 34630
34043 34630
34086 34630
34150 34630
34214 34630
34391 34630
34537 34630
34555 34713
34630 34972
34679 35274
34795 35392
34821 35435
35097 35518
35211 35542
35224 35743
35269 35809
35523 35817
35609 35817
35817 35817
35846 35817
35916 35817
35969 35877
36006 35925
36010 35991
36044 36125
36058 36199
36195 36273
36339 36480
36352 36491
36360 36587
36527 36957
36562 37253
36563 37383
36591 37673
36624 37685
36727 37867
36908 38145
36922 38168
37226 38179
37597 38261
37669 38265
37684 38439
37731 38506
37744 38603
37754 38828
37836 38828
37895 38828
38193 38845
38304 38925
38309 39149
38418 39255
38462 39293
38485 40258
38721 40292
38828 40617
38887 40634
38907 40634
38932 40634
39302 40666
39566 40738
39642 40797
39695 40869
39830 41123
39831 41145
39884 41408
39935 41511
40010 41860
40026 41914
40095 42338
40393 42542
40428 42585
40634 43055
41031 43195
41092 43240
41162 43373
41283 43382
41307 43387
41315 43463
41490 43974
41692 43993
41717 44068
41949 44315
41959 44415
42024 44615
42172 44785
42370 44824
42372 44877
42441 45078
42840 45129
42894 45220
42902 45391
43095 45453
43272 45483
43452 45826
43536 46231
43746 46417
43866 46417
43881 46417
43965 46417
44304 46458
44358 46458
44406 46458
44622 46458
44722 46458
44893 46458
44920 46458
45104 46458
45247 46458
45417 46484
45505 47307
45508 47318
45544 47551
45622 47580
45837 47674
45997 47750
46110 47848
46194 47866
46417 48055
46426 48241
46458 48826
46522 48834
46616 49013
46751 49165
46754 49166
46756 49271
46778 49340
46872 49538
46893 49688
46941 49771
46946 50043
46964 50228
47111 50244
47136 50347
47164 50354
47204 50356
47211 50531
47272 50531
47292 50531
47374 50531
47655 50531
47918 50531
47961 50531
47964 50531
48011 50531
48028 50531
48066 50531
48193 50531
48341 50531
48360 50838
48382 50916
48600 51010
48644 51286
48652 51301
48718 51573
48819 51680
48904 51680
48986 51680
49077 51680
49171 51680
49226 51766
49575 51834
49716 51839
49774 51839
49784 51839
49881 51839
49947 51839
50015 51839
50082 51839
50382 51839
50531 51839
50798 51839
50803 51839
50816 51839
50966 51839
50982 51839
51057 51839
51082 51839
51138 51839
51244 51839
51391 52008
51405 52010
51409 52166
51418 52187
51419 52370
51593 52636
51675 52843
51680 53121
51765 53152
51828 53715
51839 53746
51969 54032
52037 54166
52051 54916
52206 55418
52275 55489
52538 55582
52554 55634
52711 55741
52911 55786
52944 55890
52948 56133
52980 56222
53004 56328
53280 56492
53439 56797
53555 56838
53617 56838
53666 56838
53747 56838
53763 56838
53782 56838
53791 56838
53825 56838
53833 56838
54089 56838
54245 56838
54287 56838
54457 56838
54576 56838
54871 56838
54924 56838
54986 56838
55077 56838
55203 56838
55345 56912
55366 57114
55463 57141
55557 57314
55579 57345
55668 57403
55692 57514
55889 57710
56039 57734
56211 58054
56290 58084
56310 58240
56508 58382
56696 58782
56777 58789
56838 58906
57081 58949
57126 59155
57200 59180
57334 59265
57399 59327
57491 59484
57569 59600
57592 59795
57688 59815
57785 59815
57858 59815
57866 59815
57870 59815
57965 59815
58161 59853
58202 59883
58229 60301
58230 60701
58320 61112
58327 61279
58574 61478
58679 61505
58753 61958
58795 61958
58954 61958
58966 61958
59016 61958
59076 61958
59145 61958
59305 61958
59345 61958
59443 62373
59482 62622
59598 63130
59690 63142
59696 63272
59715 63371
59720 63446
59735 63567
59788 63687
59789 63729
59799 63803
59814 64037
59815 64082
59842 64244
59865 64245
60179 64528
60244 64788
60262 64946
60576 65255
60776 65301
60801 65555
60862 65638
60964 65640
61411 65725
61437 65766
61582 65939
61648 66052
61861 66162
61958 66181
61978 66254
62041 66395
62062 66512
62092 66868
62247 66886
62288 67122
62331 67130
62372 67137
62391 67268
62436 67355
62664 67461
62733 67946
62787 68029
62957 68169
63188 68264
63426 68406
63429 68734
63431 69439
63614 69449
63723 69498
63987 69825
64080 69886
64105 69964
64230 69969
64256 70046
64266 70229
64268 70256
64286 70270
64417 70403
64585 70424
65097 70450
65100 70540
65104 70627
65208 70936
65473 71184
65729 71249
65978 71275
66010 71365
66327 71443
66329 71725
66810 71876
66913 71986
66940 72040
66945 72060
67183 72178
67217 72460
67418 72475
67437 72561
67439 72562
67441 72587
67462 72616
67497 72628
67682 72883
67721 72994
67789 73134
67896 73143
68213 73288
68335 73406
68336 73641
68347 73642
68348 73746
68593 73796
68643 73844
68663 73920
68702 74178
68905 74260
68974 74260
69014 74590
69059 74652
69079 74681
69198 74768
69287 74846
69295 75529
69470 75609
69498 75696
69575 76180
69610 76364
69678 76922
69938 76943
70051 76995
70111 77056
70168 77068
70462 77314
70499 77390
70835 77493
70994 77640
71034 77691
71068 77754
71122 77885
71199 78146
71268 78146
71276 78146
71349 78146
71425 78261
71777 78339
71894 78404
72116 78404
72143 78404
72398 78404
72413 78404
72553 78404
72595 78404
72613 78404
72826 78404
72863 78404
72982 78404
73020 78420
73063 78740
73116 78740
73417 78740
73424 78740
73517 78740
73551 78740
73950 78740
74036 78740
74106 78740
74162 78740
74224 78740
74253 78740
74260 78740
74272 78740
74273 78740
74293 78740
74526 78740
74608 78740
74619 78813
74715 78889
74719 79342
74919 79915
74965 79925
75065 80239
75179 80257
75224 80257
75323 80257
75454 80257
75479 80257
75484 80257
75600 80257
75870 80257
75897 80257
76031 80257
76079 80257
76110 80257
76309 80257
76420 80257
76490 80257
76491 80372
76585 80497
76683 80504
76787 80582
76832 80830
76968 80950
77129 80975
77188 81103
77354 81103
77453 81103
77693 81103
77773 81103
77972 81103
78015 81103
78146 81103
78315 81103
78336 81103
78404 81103
78473 81103
78482 81110
78502 81120
78553 81222
78637 81274
78740 81408
78782 81531
78924 81557
79122 81582
79125 81601
79140 81673
79179 82010
79182 82057
79211 82068
79219 82205
79318 82404
79472 82437
79527 82468
79592 82612
79804 83322
79855 83520
80181 83633
80205 83707
80257 83708
80307 83708
80310 83708
80335 83708
80514 83708
80828 83708
80957 83708
80958 83708
81103 83708
81193 83708
81352 83708
81435 83708
81641 83708
81835 83708
82058 83708
82059 83708
82261 83708
82587 83708
82632 83708
82716 83727
82909 83760
83026 83818
83195 84034
83222 84248
83234 84275
83301 84542
83424 84785
83464 84785
83558 84785
83610 84785
83617 84785
83629 84785
83679 84785
83708 84785
84037 84785
84206 84785
84283 84905
84284 85056
84343 85077
84345 85095
84359 85162
84421 85475
84563 85621
84711 85621
84785 85621
84906 85621
85055 85621
85093 85621
85111 85621
85216 85621
85621 85770
85705 85897
85708 86344
85773 86443
85806 86537
85850 86674
86030 86674
86074 86674
86124 86674
86157 86674
86280 86674
86333 86674
86396 86674
86515 86674
86536 86674
86598 86674
86620 86674
86674 86674
86703 86674
86704 86674
86855 86674
86965 86728
87203 86771
87279 86793
87406 86828
87712 87026
87746 87123
87829 87307
87889 87511
87891 87957
87933 88030
88338 88031
88433 88101
88690 88201
88917 88209
89010 88449
89021 88594
89144 89015
89279 89540
89304 89592
89495 89612
89726 89654
89849 89753
89976 90095
90073 90095
90095 90095
90104 90095
90182 90095
90198 90095
90258 90095
90296 90095
90353 90095
90566 90095
90754 90095
90858 90417
90959 90566
90967 90566
90977 90566
91002 90566
91065 90566
91081 90566
91090 90566
91194 90566
91195 90566
91240 90566
91257 90566
91282 90566
91563 90566
91619 90566
91790 90566
91852 90646
91867 90722
92119 91050
92126 91083
92217 91688
92292 91815
92295 91866
92355 91918
92591 92012
92641 92014
92701 92083
92708 92326
92785 92512
92799 92826
92985 92827
93094 92832
93329 92995
93381 93014
93415 93056
93440 93282
93462 93288
93577 93293
93656 93315
93683 93494
93800 93555
93842 93623
93884 93776
94287 93778
94400 93854
94407 94140
94496 94142
94587 94220
94608 94287
94702 94287
94771 94287
95023 94287
95158 94287
95198 94380
95265 94525
95277 94608
95287 94608
95306 94608
95365 94608
95421 94608
95557 94608
95569 94608
95589 94608
95673 94608
95747 94608
95881 94608
95930 94608
95933 94851
96001 94878
96212 95064
96247 95589
96263 95589
96296 95589
96408 95589
96415 95589
96433 95589
96979 95589
97034 95589
97050 95589
97057 95589
97207 95589
97257 95589
97276 95701
97339 95795
97515 95863
97590 95959
97672 96138
97837 96499
97846 96595
97964 96909
98255 96958
98310 97034
98322 97034
98490 97034
98624 97034
98634 97034
98844 97034
98858 97034
99027 97237
99193 97433
99215 97623
99271 97704
99272 98003
99481 98022
99575 98144
99597 98938
99638 99012
99709 99088
99815 99188
99828 99288
99836 99455
99869 99475
99903 99780
99907 99801
99919 99982
99980 99995
2166959
