80 75 69 72
11 65
88 10 -28 -23
15 79
79 61 79 59
0 90
37 102 92 -43
46 25
12 22 -5 -95
17 101
60 13 -30 -42
90 36
3 59 -96 -88
99 14
85 33 -43 -41
27 53
44 14 63 45
82 85
6 6 -34 -86
40 58
47 102 12 42
35 79
36 88 -88 -93
23 58
78 27 -18 52
96 77
96 64 -62 -34
57 63
49 99 -78 -15
26 41
57 31 -80 21
36 71
25 57 8 -84
17 0
69 20 81 61
89 43
80 5 -11 -30
91 95
2 35 -85 77
87 10
9 12 -4 36
13 7
37 68 12 -69
25 69
47 88 -8 -90
55 49
72 68 59 -86
13 17
55 38 -68 -94
22 11
60 58 41 37
19 50
76 87 -1 -18
77 38
89 9 38 92
51 42
100 67 17 -53
83 20
83 73 80 32
3 80
77 19 -54 -20
30 79
10 86 -65 36
75 81
13 88 -64 -84
77 31
50 29 -17 -29
67 13
79 38 89 -57
91 3
55 57 -68 22
22 94
71 82 -80 52
50 29
37 83 -68 -43
4 6
25 5 81 -22
45 71
83 54 -32 -75
14 73
27 95 -77 -55
3 54
70 97 -72 -4
41 6
3 84 -60 -60
63 58
16 29 -35 99
51 41
39 39 37 -38
2 50
76 94 90 60
87 17
18 21 -86 -26
3 99
22 84 -16 66
38 92
45 83 -40 -43
85 6
35 52 54 3
82 43
30 21 14 36
16 16
69 61 69 -66
0 53
52 22 -28 33
80 26
9 21 -85 -73
94 34
87 32 79 52
8 82
28 85 -35 85
63 36
32 58 -49 89
81 100
22 75 85 44
38 46
45 19 -88 61
32 42
97 59 98 -75
100 78
70 81 82 7
89 60
97 102 -23 -8
19 23
92 68 89 72
3 58
24 42 -63 -97
87 24
21 64 -45 -47
66 102
58 3 -69 51
26 56
33 68 19 -20
14 25
27 6 -89 -21
15 69
28 81 -67 -8
95 2
59 83 -66 -82
24 20
3 14 -3 -1
6 17
19 65 15 -25
4 37
57 37 53 -29
4 21
36 84 -4 -84
40 27
55 96 82 -21
74 56
68 101 51 51
17 51
68 8 -90 -30
57 98
78 51 -51 -63
28 34
4 55 -63 97
67 73
100 60 76 -13
24 99
7 91 -96 -73
2 1
97 17 -54 33
50 21
85 60 69 -3
16 69
20 39 96 -85
25 88
24 12 86 -84
39 58
34 7 -7 -36
41 12
30 69 -67 97
97 87
65 17 20 33
45 21
39 101 -7 -83
46 41
38 51 -90 -4
27 63
99 61 -13 59
11 90
30 1 -67 -96
97 83
1 89 -85 -83
86 29
8 1 68 4
41 92
89 89 -52 85
40 40
81 5 -55 71
35 101
99 60 -94 -72
92 70
68 70 -10 78
78 42
81 18 89 -95
93 97
47 61 -39 56
86 99
91 71 85 59
6 100
28 66 44 -28
85 47
10 64 -59 -4
69 76
84 10 -32 -11
15 43
29 52 -37 34
66 53
78 43 -92 12
69 7
85 3 -71 4
55 94
37 85 -46 -84
83 28
56 21 21 -32
35 14
17 17 15 17
2 69
26 87 45 -93
82 57
57 21 -6 40
63 4
95 48 -33 59
27 77
38 59 65 -72
74 69
59 85 -50 -99
8 73
17 21 86 -45
32 53
53 3 -28 -46
81 38
1 40 -54 -91
55 4
61 13 -40 83
0 73
33 35 -72 -96
4 14
40 14 33 -8
7 38
29 89 53 -59
77 60
74 0 -22 -42
96 23
12 32 -65 -4
77 44
82 89 -12 20
94 29
35 71 -40 20
75 11
14 5 95 83
20 65
46 44 39 92
7 77
25 54 -66 -47
91 92
91 78 64 53
27 22
14 9 25 67
90 14
39 29 -29 8
68 5
20 100 95 51
26 50
59 41 92 -82
68 81
15 92 93 -73
23 2
42 93 3 -86
39 42
82 93 -21 -96
2 72
50 9 12 -39
38 23
81 22 -13 99
94 34
72 81 -51 -93
22 51
88 19 -72 -14
59 61
8 93 -85 -15
93 35
54 2 61 8
94 81
44 81 66 41
79 61
78 10 90 8
89 89
19 53 68 4
52 41
80 43 9 46
71 8
11 38 -66 88
77 83
31 3 4 -2
27 9
49 28 -74 21
22 68
27 15 54 -88
74 73
96 87 -50 -67
45 82
94 94 -5 -97
99 76
16 89 73 23
44 20
93 32 -53 93
45 62
47 17 -29 92
76 50
10 78 16 35
95 76
55 33 -60 -17
14 84
55 73 -68 -22
22 36
100 62 17 -69
83 63
67 91 -49 45
15 59
68 53 -42 -41
9 73
35 73 54 47
82 35
20 63 -85 -12
4 99
23 16 -87 33
9 20
70 55 50 -16
20 0
92 6 41 -59
51 80
9 97 -37 47
46 59
48 48 42 40
6 31
96 37 -90 32
85 44
66 13 -60 91
25 49
62 46 -50 18
11 95
11 15 98 77
14 93
42 78 1 47
41 40
10 40 15 -48
96 81
88 44 7 -75
81 63
27 53 -70 -9
97 80
21 7 -56 96
77 28
92 81 -22 69
13 80
57 65 92 -34
66 64
85 63 77 11
8 30
92 2 -30 21
21 42
59 16 73 -70
87 20
16 11 86 -89
31 72
82 16 80 -36
2 21
41 30 -49 19
90 76
13 6 14 73
100 96
67 99 -91 51
57 49
37 20 -65 -37
1 28
85 16 99 -14
87 58
1 39 -44 56
45 77
37 29 74 5
64 14
44 51 -18 93
62 81
43 9 -55 -84
98 55
5 10 -65 26
70 35
51 90 -59 -96
9 69
55 98 -9 23
64 29
0 94 88 -49
13 35
91 43 -14 -72
4 53
93 43 -69 -94
61 16
84 100 -12 54
96 41
23 46 85 78
39 18
79 37 39 -10
40 67
1 23 99 -79
3 54
73 50 -51 84
23 4
78 58 -31 -16
8 3
75 44 69 71
6 37
27 5 -87 14
13 66
95 91 -33 63
27 5
22 94 -5 -37
27 102
36 11 -5 -60
41 88
18 3 -64 -27
82 84
44 14 24 -92
20 84
96 40 65 -92
31 7
47 1 84 25
64 29
93 22 68 -48
25 63
14 32 -24 37
38 24
99 17 78 -89
21 78
53 36 10 58
43 68
44 44 -78 -60
21 18
15 28 -96 -20
10 88
96 61 -81 -45
76 93
58 87 -9 7
67 66
20 43 84 -22
37 6
50 42 -18 68
68 44
74 23 -12 42
86 0
12 57 -94 -94
5 30
49 49 -89 40
37 32
47 98 -67 -8
13 19
84 17 -62 11
45 87
31 6 -57 -42
88 29
28 67 66 -81
63 1
0 3 -88 -13
88 42
51 76 82 76
70 54
67 81 87 -14
81 20
84 78 39 41
45 58
39 74 72 35
68 72
30 10 64 -77
67 35
10 31 11 -4
100 43
6 90 -4 76
10 68
90 24 -2 -23
92 93
8 39 -57 -27
65 17
31 69 93 -25
39 41
79 38 39 -35
40 40
69 31 70 30
100 44
1 16 7 73
95 3
46 9 -99 -70
44 13
53 16 -94 -84
46 62
32 60 33 -69
100 61
62 22 -99 -4
60 34
66 3 98 20
69 46
4 76 46 -75
59 95
50 71 -90 22
39 5
57 12 31 -15
26 57
59 84 -50 -65
8 73
33 0 76 -48
58 41
58 76 -30 44
88 47
6 69 6 35
0 67
74 91 -61 -43
34 14
36 92 -58 60
94 15
2 78 -48 -98
50 63
43 91 53 76
91 69
34 101 -77 79
10 70
40 44 -68 28
7 63
71 64 47 -48
24 2
54 7 84 15
71 65
54 75 -60 -31
13 65
14 40 86 12
29 4
80 29 -92 -26
71 4
8 47 -33 -69
41 48
2 41 12 -9
91 68
39 60 -38 59
77 89
13 22 86 -20
28 82
25 12 -57 11
82 82
60 47 96 96
65 68
50 51 -48 -82
98 91
85 40 89 74
97 24
99 4 -94 -21
92 67
75 7 29 -73
46 20
28 58 -80 24
7 89
46 94 -9 56
55 29
24 65 -76 62
100 85
50 2 -20 70
70 101
85 55 -5 66
90 63
38 11 43 36
96 6
53 54 53 24
0 85
18 45 65 96
54 66
94 22 16 80
78 91
79 28 75 -69
4 29
30 38 -15 -29
45 22
5 23 -4 49
9 82
8 98 96 -99
13 86
7 60 -14 47
21 22
96 17 88 -73
8 30
48 23 -41 35
89 21
17 31 -26 -23
43 100
13 52 66 37
48 44
58 19 41 55
17 60
25 9 -77 -89
1 70
3 92 55 -80
49 23
74 95 20 -77
54 17
26 70 43 72
84 60
54 4 96 -18
59 58
63 8 -97 49
59 67
23 51 87 -75
37 70
24 18 85 36
40 13
8 52 6 -13
2 91
97 50 17 -72
80 60
47 66 -25 6
72 48
38 78 3 -93
35 48
62 6 5 77
57 84
56 74 -70 -6
25 92
94 99 9 34
85 100
19 92 -18 26
37 14
35 54 -47 -69
82 55
92 8 -13 42
4 88
47 86 12 -90
35 47
12 83 -68 2
80 77
0 18 -75 -89
75 79
11 99 -99 14
9 57
88 20 62 21
26 60
27 53 53 -47
75 91
17 44 -5 -91
22 8
57 10 66 -65
92 102
66 95 -71 -12
36 28
38 21 23 95
15 45
68 69 -31 35
99 67
87 71 50 72
37 61
98 12 47 33
51 16
94 21 66 51
28 74
53 97 -16 -93
69 67
59 35 6 39
53 21
12 88 -86 88
98 30
85 16 39 8
46 95
38 85 35 80
3 51
44 9 -48 11
92 79
71 18 -82 39
52 4
85 14 -74 -73
58 27
88 22 -42 36
29 17
8 6 -58 38
66 98
21 58 -66 9
87 31
25 17 -68 95
93 41
89 16 -34 -86
22 68
33 54 64 -88
70 9
57 8 54 51
3 61
40 18 -98 58
37 50
91 22 -34 -53
24 78
75 81 -70 26
44 3
89 70 -2 69
91 69
62 6 -1 -92
63 76
78 24 -82 -42
59 47
47 7 -75 83
21 67
86 8 -63 95
48 32
80 64 -36 -79
15 95
69 95 -30 29
99 8
46 86 85 20
62 26
76 35 -82 -51
57 85
33 15 -17 55
50 56
40 58 -2 -11
42 91
76 31 39 2
37 25
46 82 -15 -45
61 11
14 53 36 -16
79 101
98 66 68 -3
30 75
83 38 35 -87
48 93
41 9 53 70
89 5
35 33 -68 -68
2 31
53 66 62 97
92 84
75 80 49 -62
26 60
66 70 -50 47
15 32
78 80 7 64
71 94
82 16 85 -81
98 53
58 25 11 -70
47 29
36 72 33 72
3 62
66 92 -91 10
56 62
24 52 -98 22
21 89
74 7 -36 -79
9 38
46 26 -61 -90
6 90
52 24 53 -88
100 82
92 26 31 78
61 101
60 52 80 -81
81 89
82 78 -81 -49
62 19
10 3 -15 -55
25 65
91 31 99 77
93 6
75 50 -91 40
65 33
49 71 93 91
57 4
1 94 -54 54
55 35
96 50 39 18
57 99
0 3 -53 33
53 7
34 9 -17 -8
51 33
96 28 68 -63
28 11
25 4 66 21
60 44
94 74 82 -89
12 32
47 66 -17 87
64 11
58 23 63 83
96 83
13 82 -74 75
87 63
29 85 40 79
90 54
57 7 50 83
7 67
7 88 -37 -16
44 33
81 61 -10 34
91 62
6 32 33 -60
74 6
63 7 1 98
62 22
59 29 -31 -85
90 78
85 91 19 -18
66 42
22 39 21 90
1 78
25 13 75 89
51 55
14 100 -27 30
41 10
33 6 97 -53
37 62
84 83 -22 38
5 72
100 69 77 -38
23 80
2 67 -14 -25
16 39
71 71 -53 73
23 58
9 43 -52 98
61 58
55 76 -60 94
14 0
49 91 -35 -95
84 67
77 68 26 12
51 32
41 91 -17 -15
58 33
1 69 -44 72
45 59
32 61 4 59
28 90
94 12 -33 30
26 25
1 35 96 49
6 94
72 64 -61 -53
32 17
76 93 38 -37
38 101
97 9 33 61
64 32
60 32 80 18
81 81
16 68 15 -29
1 52
99 72 66 44
33 43
99 18 56 99
43 30
42 11 -88 11
29 81
57 69 -2 -2
59 75
39 57 26 -51
13 4
34 15 73 42
62 95
56 55 -61 -75
16 74
89 1 67 -27
22 82
21 100 5 70
16 96
85 11 -35 63
19 28
16 35 47 -63
70 18
98 0 93 -2
5 6
51 89 -9 85
60 40
50 32 84 -42
67 55
29 63 78 -76
52 85
92 86 89 10
3 56
27 11 -77 51
3 64
65 21 -59 68
23 23
84 68 20 -50
64 12
19 2 -24 -36
43 7
25 78 25 -85
0 24
90 92 59 -87
31 44
70 100 10 -52
60 50
48 78 3 54
45 19
85 81 30 44
55 52
53 65 41 -67
12 60
13 95 82 -29
32 79
5 19 95 75
11 0
37 96 -68 26
4 18
83 16 -5 -9
88 43
31 17 4 -20
27 77
83 34 -83 -76
65 56
50 88 93 -5
58 0
66 36 -30 58
96 68
11 29 -44 83
55 89
31 31 -77 -51
7 81
26 85 14 -18
12 36
8 76 65 69
44 75
60 70 -40 47
100 32
69 70 22 64
47 84
85 53 18 12
67 17
97 93 -58 -57
54 58
52 83 92 -9
61 7
20 92 30 50
91 45
88 73 32 3
56 64
83 16 -42 -14
24 58
57 89 -29 20
86 29
50 19 73 8
78 98
8 101 -94 -68
1 99
12 77 -4 -84
16 20
63 28 -84 91
46 64
46 25 13 -95
33 1
93 21 88 -26
5 99
10 54 -24 72
34 44
69 16 -92 -30
60 3
26 68 21 97
5 86
56 30 -90 -51
45 80
62 69 -1 -50
63 13
7 6 55 -39
53 20
63 78 76 92
88 8
57 55 -51 -19
7 9
70 62 18 37
52 54
88 26 -61 82
48 89
80 50 -73 99
52 62
40 1 -78 86
17 52
35 85 81 -12
55 18
17 74 56 47
62 36
36 99 64 -15
73 41
56 18 -29 -14
85 60
42 44 -18 46
60 9
84 4 -63 -2
46 10
97 75 27 -62
70 55
47 71 54 -50
94 15
26 101 -67 -83
93 41
30 74 -57 66
87 82
229069152
